#! /c/Source/iverilog-install/bin/vvp
:ivl_version "12.0 (devel)" "(s20150603-1110-g18392a46)";
:ivl_delay_selection "TYPICAL";
:vpi_time_precision + 0;
:vpi_module "C:\iverilog\lib\ivl\system.vpi";
:vpi_module "C:\iverilog\lib\ivl\vhdl_sys.vpi";
:vpi_module "C:\iverilog\lib\ivl\vhdl_textio.vpi";
:vpi_module "C:\iverilog\lib\ivl\v2005_math.vpi";
:vpi_module "C:\iverilog\lib\ivl\va_math.vpi";
S_0000022840632830 .scope module, "addr_cmd_decoder" "addr_cmd_decoder" 2 3;
 .timescale 0 0;
    .port_info 0 /INPUT 1 "clk";
    .port_info 1 /INPUT 1 "reset_n";
    .port_info 2 /INPUT 17 "cmd_addr";
    .port_info 3 /INPUT 1 "cmd_valid";
    .port_info 4 /INPUT 1 "cmd_write";
    .port_info 5 /INPUT 1 "cmd_read";
    .port_info 6 /OUTPUT 1 "cmd_ready";
    .port_info 7 /OUTPUT 3 "phy_cmd";
    .port_info 8 /OUTPUT 16 "phy_addr";
    .port_info 9 /OUTPUT 2 "phy_bank";
    .port_info 10 /OUTPUT 1 "phy_bg";
    .port_info 11 /OUTPUT 1 "phy_act_n";
    .port_info 12 /OUTPUT 1 "phy_cs_n";
    .port_info 13 /OUTPUT 16 "timing_control";
P_0000022840655bf0 .param/l "ADDR_WIDTH" 0 2 4, +C4<00000000000000000000000000010001>;
P_0000022840655c28 .param/l "BANK_WIDTH" 0 2 5, +C4<00000000000000000000000000000011>;
P_0000022840655c60 .param/l "CMD_ACT" 1 2 35, C4<011>;
P_0000022840655c98 .param/l "CMD_MRS" 1 2 32, C4<000>;
P_0000022840655cd0 .param/l "CMD_NOP" 1 2 39, C4<111>;
P_0000022840655d08 .param/l "CMD_PRE" 1 2 34, C4<010>;
P_0000022840655d40 .param/l "CMD_RD" 1 2 37, C4<101>;
P_0000022840655d78 .param/l "CMD_REF" 1 2 33, C4<001>;
P_0000022840655db0 .param/l "CMD_WR" 1 2 36, C4<100>;
P_0000022840655de8 .param/l "CMD_ZQ" 1 2 38, C4<110>;
P_0000022840655e20 .param/l "COL_WIDTH" 0 2 7, +C4<00000000000000000000000000001010>;
P_0000022840655e58 .param/l "ROW_WIDTH" 0 2 6, +C4<00000000000000000000000000010000>;
L_00000228406b1048 .functor BUFT 1, C4<xxxxxxxxxxxx>, C4<0>, C4<0>, C4<0>;
v0000022840632d50_0 .net *"_ivl_3", 11 0, L_00000228406b1048;  1 drivers
v0000022840632ab0_0 .net *"_ivl_5", 3 0, L_00000228406b09e0;  1 drivers
v0000022840632b50_0 .net "bank_addr", 2 0, L_00000228406b0d00;  1 drivers
o0000022840669028 .functor BUFZ 1, C4<z>; HiZ drive
v0000022840663b70_0 .net "clk", 0 0, o0000022840669028;  0 drivers
o0000022840669058 .functor BUFZ 17, C4<zzzzzzzzzzzzzzzzz>; HiZ drive
v0000022840663c10_0 .net "cmd_addr", 16 0, o0000022840669058;  0 drivers
o0000022840669088 .functor BUFZ 1, C4<z>; HiZ drive
v0000022840663cb0_0 .net "cmd_read", 0 0, o0000022840669088;  0 drivers
o00000228406690b8 .functor BUFZ 1, C4<z>; HiZ drive
v0000022840663d50_0 .net "cmd_ready", 0 0, o00000228406690b8;  0 drivers
o00000228406690e8 .functor BUFZ 1, C4<z>; HiZ drive
v0000022840663df0_0 .net "cmd_valid", 0 0, o00000228406690e8;  0 drivers
o0000022840669118 .functor BUFZ 1, C4<z>; HiZ drive
v00000228406b0760_0 .net "cmd_write", 0 0, o0000022840669118;  0 drivers
v00000228406b08a0_0 .net "col_addr", 9 0, L_00000228406b06c0;  1 drivers
v00000228406b03a0_0 .var "phy_act_n", 0 0;
v00000228406b0f80_0 .var "phy_addr", 15 0;
v00000228406b0940_0 .var "phy_bank", 1 0;
v00000228406b0a80_0 .var "phy_bg", 0 0;
v00000228406b0e40_0 .var "phy_cmd", 2 0;
v00000228406b0b20_0 .var "phy_cs_n", 0 0;
o0000022840669298 .functor BUFZ 1, C4<z>; HiZ drive
v00000228406b0ee0_0 .net "reset_n", 0 0, o0000022840669298;  0 drivers
v00000228406b0620_0 .net "row_addr", 15 0, L_00000228406b0800;  1 drivers
o00000228406692f8 .functor BUFZ 16, C4<zzzzzzzzzzzzzzzz>; HiZ drive
v00000228406b0080_0 .net "timing_control", 15 0, o00000228406692f8;  0 drivers
E_0000022840619760/0 .event negedge, v00000228406b0ee0_0;
E_0000022840619760/1 .event posedge, v0000022840663b70_0;
E_0000022840619760 .event/or E_0000022840619760/0, E_0000022840619760/1;
L_00000228406b0d00 .part o0000022840669058, 10, 3;
L_00000228406b09e0 .part o0000022840669058, 13, 4;
L_00000228406b0800 .concat [ 4 12 0 0], L_00000228406b09e0, L_00000228406b1048;
L_00000228406b06c0 .part o0000022840669058, 0, 10;
    .scope S_0000022840632830;
T_0 ;
    %wait E_0000022840619760;
    %load/vec4 v00000228406b0ee0_0;
    %nor/r;
    %flag_set/vec4 8;
    %jmp/0xz  T_0.0, 8;
T_0.0 ;
    %jmp T_0;
    .thread T_0;
# The file index is used to find the file name in the following table.
:file_names 3;
    "N/A";
    "<interactive>";
    "AddressCommandDecoder.v";
