#! /c/Source/iverilog-install/bin/vvp
:ivl_version "12.0 (devel)" "(s20150603-1110-g18392a46)";
:ivl_delay_selection "TYPICAL";
:vpi_time_precision + 0;
:vpi_module "C:\iverilog\lib\ivl\system.vpi";
:vpi_module "C:\iverilog\lib\ivl\vhdl_sys.vpi";
:vpi_module "C:\iverilog\lib\ivl\vhdl_textio.vpi";
:vpi_module "C:\iverilog\lib\ivl\v2005_math.vpi";
:vpi_module "C:\iverilog\lib\ivl\va_math.vpi";
S_0000024f22a61770 .scope module, "ALU" "ALU" 2 4;
 .timescale 0 0;
    .port_info 0 /INPUT 16 "a";
    .port_info 1 /INPUT 16 "b";
    .port_info 2 /INPUT 3 "opcode";
    .port_info 3 /INPUT 1 "mode";
    .port_info 4 /OUTPUT 32 "outALU";
    .port_info 5 /OUTPUT 1 "za";
    .port_info 6 /OUTPUT 1 "zb";
    .port_info 7 /OUTPUT 1 "eq";
    .port_info 8 /OUTPUT 1 "gt";
    .port_info 9 /OUTPUT 1 "lt";
o0000024f22a68fd8 .functor BUFZ 16, C4<zzzzzzzzzzzzzzzz>; HiZ drive
v0000024f22abb740_0 .net "a", 15 0, o0000024f22a68fd8;  0 drivers
o0000024f22a69008 .functor BUFZ 16, C4<zzzzzzzzzzzzzzzz>; HiZ drive
v0000024f22abb100_0 .net "b", 15 0, o0000024f22a69008;  0 drivers
v0000024f22abad40_0 .var "eq", 0 0;
v0000024f22abb560_0 .var "gt", 0 0;
v0000024f22abae80_0 .var "lt", 0 0;
o0000024f22a694b8 .functor BUFZ 1, C4<z>; HiZ drive
v0000024f22abb1a0_0 .net "mode", 0 0, o0000024f22a694b8;  0 drivers
o0000024f22a69038 .functor BUFZ 3, C4<zzz>; HiZ drive
v0000024f22abb7e0_0 .net "opcode", 2 0, o0000024f22a69038;  0 drivers
v0000024f22abb6a0_0 .var "outALU", 31 0;
v0000024f22abb600_0 .net "outau", 31 0, v0000024f22a61b30_0;  1 drivers
v0000024f22aba8e0_0 .net "outlu", 31 0, v0000024f22abb420_0;  1 drivers
v0000024f22aba980_0 .net "teq", 0 0, v0000024f22abb060_0;  1 drivers
v0000024f22abaac0_0 .net "tgt", 0 0, v0000024f22abaf20_0;  1 drivers
v0000024f22abaa20_0 .net "tlt", 0 0, v0000024f22abafc0_0;  1 drivers
v0000024f22abab60_0 .net "tza", 0 0, v0000024f22abb4c0_0;  1 drivers
v0000024f22abaca0_0 .net "tzb", 0 0, v0000024f22abb380_0;  1 drivers
v0000024f22abade0_0 .var "za", 0 0;
v0000024f22abbe90_0 .var "zb", 0 0;
E_0000024f22a48bd0 .event anyedge, v0000024f22a61a90_0, v0000024f22abb1a0_0, v0000024f22a22ed0_0, v0000024f22a0bbe0_0;
S_0000024f22a61900 .scope module, "a1" "arith" 2 21, 3 1 0, S_0000024f22a61770;
 .timescale 0 0;
    .port_info 0 /INPUT 16 "a";
    .port_info 1 /INPUT 16 "b";
    .port_info 2 /INPUT 3 "opcode";
    .port_info 3 /OUTPUT 32 "outau";
v0000024f22a0bbe0_0 .net "a", 15 0, o0000024f22a68fd8;  alias, 0 drivers
v0000024f22a22ed0_0 .net "b", 15 0, o0000024f22a69008;  alias, 0 drivers
v0000024f22a61a90_0 .net "opcode", 2 0, o0000024f22a69038;  alias, 0 drivers
v0000024f22a61b30_0 .var "outau", 31 0;
E_0000024f22a49290 .event anyedge, v0000024f22a61a90_0, v0000024f22a22ed0_0, v0000024f22a0bbe0_0;
S_0000024f22a0e220 .scope module, "l1" "logic_unit" 2 22, 4 1 0, S_0000024f22a61770;
 .timescale 0 0;
    .port_info 0 /INPUT 16 "a";
    .port_info 1 /INPUT 16 "b";
    .port_info 2 /INPUT 3 "opcode";
    .port_info 3 /OUTPUT 32 "outlu";
    .port_info 4 /OUTPUT 1 "za";
    .port_info 5 /OUTPUT 1 "zb";
    .port_info 6 /OUTPUT 1 "eq";
    .port_info 7 /OUTPUT 1 "gt";
    .port_info 8 /OUTPUT 1 "lt";
v0000024f22abac00_0 .net "a", 15 0, o0000024f22a68fd8;  alias, 0 drivers
v0000024f22abb2e0_0 .net "b", 15 0, o0000024f22a69008;  alias, 0 drivers
v0000024f22abb060_0 .var "eq", 0 0;
v0000024f22abaf20_0 .var "gt", 0 0;
v0000024f22abafc0_0 .var "lt", 0 0;
v0000024f22abb240_0 .net "opcode", 2 0, o0000024f22a69038;  alias, 0 drivers
v0000024f22abb420_0 .var "outlu", 31 0;
v0000024f22abb4c0_0 .var "za", 0 0;
v0000024f22abb380_0 .var "zb", 0 0;
E_0000024f22a495d0 .event anyedge, v0000024f22a22ed0_0, v0000024f22a0bbe0_0;
    .scope S_0000024f22a61900;
T_0 ;
    %wait E_0000024f22a49290;
    %load/vec4 v0000024f22a61a90_0;
    %dup/vec4;
    %pushi/vec4 0, 0, 3;
    %cmp/u;
    %jmp/1 T_0.0, 6;
    %dup/vec4;
    %pushi/vec4 1, 0, 3;
    %cmp/u;
    %jmp/1 T_0.1, 6;
    %dup/vec4;
    %pushi/vec4 2, 0, 3;
    %cmp/u;
    %jmp/1 T_0.2, 6;
    %dup/vec4;
    %pushi/vec4 3, 0, 3;
    %cmp/u;
    %jmp/1 T_0.3, 6;
    %pushi/vec4 0, 0, 32;
    %store/vec4 v0000024f22a61b30_0, 0, 32;
    %jmp T_0.5;
T_0.0 ;
    %pushi/vec4 0, 0, 16;
    %load/vec4 v0000024f22a0bbe0_0;
    %load/vec4 v0000024f22a22ed0_0;
    %add;
    %concat/vec4; draw_concat_vec4
    %store/vec4 v0000024f22a61b30_0, 0, 32;
    %jmp T_0.5;
T_0.1 ;
    %load/vec4 v0000024f22a0bbe0_0;
    %pad/u 32;
    %load/vec4 v0000024f22a22ed0_0;
    %pad/u 32;
    %mul;
    %store/vec4 v0000024f22a61b30_0, 0, 32;
    %jmp T_0.5;
T_0.2 ;
    %load/vec4 v0000024f22a22ed0_0;
    %load/vec4 v0000024f22a0bbe0_0;
    %cmp/u;
    %jmp/0xz  T_0.6, 5;
    %load/vec4 v0000024f22a0bbe0_0;
    %pad/u 32;
    %load/vec4 v0000024f22a22ed0_0;
    %pad/u 32;
    %sub;
    %store/vec4 v0000024f22a61b30_0, 0, 32;
    %jmp T_0.7;
T_0.6 ;
    %load/vec4 v0000024f22a22ed0_0;
    %pad/u 32;
    %load/vec4 v0000024f22a0bbe0_0;
    %pad/u 32;
    %sub;
    %store/vec4 v0000024f22a61b30_0, 0, 32;
T_0.7 ;
    %jmp T_0.5;
T_0.3 ;
    %load/vec4 v0000024f22a22ed0_0;
    %load/vec4 v0000024f22a0bbe0_0;
    %cmp/u;
    %jmp/0xz  T_0.8, 5;
    %load/vec4 v0000024f22a0bbe0_0;
    %pad/u 32;
    %load/vec4 v0000024f22a22ed0_0;
    %pad/u 32;
    %div;
    %store/vec4 v0000024f22a61b30_0, 0, 32;
    %jmp T_0.9;
T_0.8 ;
    %load/vec4 v0000024f22a22ed0_0;
    %pad/u 32;
    %load/vec4 v0000024f22a0bbe0_0;
    %pad/u 32;
    %div;
    %store/vec4 v0000024f22a61b30_0, 0, 32;
T_0.9 ;
    %jmp T_0.5;
T_0.5 ;
    %pop/vec4 1;
    %jmp T_0;
    .thread T_0, $push;
    .scope S_0000024f22a0e220;
T_1 ;
    %wait E_0000024f22a49290;
    %load/vec4 v0000024f22abb240_0;
    %dup/vec4;
    %pushi/vec4 0, 0, 3;
    %cmp/u;
    %jmp/1 T_1.0, 6;
    %dup/vec4;
    %pushi/vec4 1, 0, 3;
    %cmp/u;
    %jmp/1 T_1.1, 6;
    %dup/vec4;
    %pushi/vec4 2, 0, 3;
    %cmp/u;
    %jmp/1 T_1.2, 6;
    %dup/vec4;
    %pushi/vec4 3, 0, 3;
    %cmp/u;
    %jmp/1 T_1.3, 6;
    %dup/vec4;
    %pushi/vec4 4, 0, 3;
    %cmp/u;
    %jmp/1 T_1.4, 6;
    %dup/vec4;
    %pushi/vec4 5, 0, 3;
    %cmp/u;
    %jmp/1 T_1.5, 6;
    %dup/vec4;
    %pushi/vec4 6, 0, 3;
    %cmp/u;
    %jmp/1 T_1.6, 6;
    %dup/vec4;
    %pushi/vec4 7, 0, 3;
    %cmp/u;
    %jmp/1 T_1.7, 6;
    %pushi/vec4 0, 0, 32;
    %store/vec4 v0000024f22abb420_0, 0, 32;
    %jmp T_1.9;
T_1.0 ;
    %pushi/vec4 0, 0, 16;
    %load/vec4 v0000024f22abac00_0;
    %load/vec4 v0000024f22abb2e0_0;
    %and;
    %concat/vec4; draw_concat_vec4
    %store/vec4 v0000024f22abb420_0, 0, 32;
    %jmp T_1.9;
T_1.1 ;
    %pushi/vec4 0, 0, 16;
    %load/vec4 v0000024f22abac00_0;
    %load/vec4 v0000024f22abb2e0_0;
    %or;
    %concat/vec4; draw_concat_vec4
    %store/vec4 v0000024f22abb420_0, 0, 32;
    %jmp T_1.9;
T_1.2 ;
    %pushi/vec4 0, 0, 16;
    %load/vec4 v0000024f22abac00_0;
    %load/vec4 v0000024f22abb2e0_0;
    %and;
    %inv;
    %concat/vec4; draw_concat_vec4
    %store/vec4 v0000024f22abb420_0, 0, 32;
    %jmp T_1.9;
T_1.3 ;
    %pushi/vec4 0, 0, 16;
    %load/vec4 v0000024f22abac00_0;
    %load/vec4 v0000024f22abb2e0_0;
    %or;
    %inv;
    %concat/vec4; draw_concat_vec4
    %store/vec4 v0000024f22abb420_0, 0, 32;
    %jmp T_1.9;
T_1.4 ;
    %pushi/vec4 0, 0, 16;
    %load/vec4 v0000024f22abac00_0;
    %inv;
    %concat/vec4; draw_concat_vec4
    %store/vec4 v0000024f22abb420_0, 0, 32;
    %jmp T_1.9;
T_1.5 ;
    %pushi/vec4 0, 0, 16;
    %load/vec4 v0000024f22abb2e0_0;
    %inv;
    %concat/vec4; draw_concat_vec4
    %store/vec4 v0000024f22abb420_0, 0, 32;
    %jmp T_1.9;
T_1.6 ;
    %pushi/vec4 0, 0, 16;
    %load/vec4 v0000024f22abac00_0;
    %load/vec4 v0000024f22abb2e0_0;
    %xor;
    %concat/vec4; draw_concat_vec4
    %store/vec4 v0000024f22abb420_0, 0, 32;
    %jmp T_1.9;
T_1.7 ;
    %pushi/vec4 0, 0, 16;
    %load/vec4 v0000024f22abac00_0;
    %load/vec4 v0000024f22abb2e0_0;
    %xor;
    %inv;
    %concat/vec4; draw_concat_vec4
    %store/vec4 v0000024f22abb420_0, 0, 32;
    %jmp T_1.9;
T_1.9 ;
    %pop/vec4 1;
    %jmp T_1;
    .thread T_1, $push;
    .scope S_0000024f22a0e220;
T_2 ;
    %wait E_0000024f22a495d0;
    %load/vec4 v0000024f22abac00_0;
    %load/vec4 v0000024f22abb2e0_0;
    %cmp/e;
    %jmp/0xz  T_2.0, 4;
    %pushi/vec4 1, 0, 1;
    %store/vec4 v0000024f22abb060_0, 0, 1;
    %jmp T_2.1;
T_2.0 ;
    %pushi/vec4 0, 0, 1;
    %store/vec4 v0000024f22abb060_0, 0, 1;
T_2.1 ;
    %load/vec4 v0000024f22abb2e0_0;
    %load/vec4 v0000024f22abac00_0;
    %cmp/u;
    %jmp/0xz  T_2.2, 5;
    %pushi/vec4 1, 0, 1;
    %store/vec4 v0000024f22abaf20_0, 0, 1;
    %jmp T_2.3;
T_2.2 ;
    %pushi/vec4 0, 0, 1;
    %store/vec4 v0000024f22abaf20_0, 0, 1;
T_2.3 ;
    %load/vec4 v0000024f22abac00_0;
    %load/vec4 v0000024f22abb2e0_0;
    %cmp/u;
    %jmp/0xz  T_2.4, 5;
    %pushi/vec4 1, 0, 1;
    %store/vec4 v0000024f22abafc0_0, 0, 1;
    %jmp T_2.5;
T_2.4 ;
    %pushi/vec4 0, 0, 1;
    %store/vec4 v0000024f22abafc0_0, 0, 1;
T_2.5 ;
    %load/vec4 v0000024f22abac00_0;
    %cmpi/e 0, 0, 16;
    %jmp/0xz  T_2.6, 4;
    %pushi/vec4 1, 0, 1;
    %store/vec4 v0000024f22abb4c0_0, 0, 1;
    %jmp T_2.7;
T_2.6 ;
    %pushi/vec4 0, 0, 1;
    %store/vec4 v0000024f22abb4c0_0, 0, 1;
T_2.7 ;
    %load/vec4 v0000024f22abb2e0_0;
    %cmpi/e 0, 0, 16;
    %jmp/0xz  T_2.8, 4;
    %pushi/vec4 1, 0, 1;
    %store/vec4 v0000024f22abb380_0, 0, 1;
    %jmp T_2.9;
T_2.8 ;
    %pushi/vec4 0, 0, 1;
    %store/vec4 v0000024f22abb380_0, 0, 1;
T_2.9 ;
    %jmp T_2;
    .thread T_2, $push;
    .scope S_0000024f22a61770;
T_3 ;
    %wait E_0000024f22a48bd0;
    %load/vec4 v0000024f22abb1a0_0;
    %pad/u 32;
    %cmpi/e 0, 0, 32;
    %jmp/0xz  T_3.0, 4;
    %load/vec4 v0000024f22abb600_0;
    %store/vec4 v0000024f22abb6a0_0, 0, 32;
    %jmp T_3.1;
T_3.0 ;
    %load/vec4 v0000024f22abb1a0_0;
    %pad/u 32;
    %cmpi/e 1, 0, 32;
    %jmp/0xz  T_3.2, 4;
    %load/vec4 v0000024f22aba8e0_0;
    %store/vec4 v0000024f22abb6a0_0, 0, 32;
    %jmp T_3.3;
T_3.2 ;
    %pushi/vec4 0, 0, 32;
    %store/vec4 v0000024f22abb6a0_0, 0, 32;
T_3.3 ;
T_3.1 ;
    %load/vec4 v0000024f22abab60_0;
    %store/vec4 v0000024f22abade0_0, 0, 1;
    %load/vec4 v0000024f22abaca0_0;
    %store/vec4 v0000024f22abbe90_0, 0, 1;
    %load/vec4 v0000024f22aba980_0;
    %store/vec4 v0000024f22abad40_0, 0, 1;
    %load/vec4 v0000024f22abaac0_0;
    %store/vec4 v0000024f22abb560_0, 0, 1;
    %load/vec4 v0000024f22abaa20_0;
    %store/vec4 v0000024f22abae80_0, 0, 1;
    %jmp T_3;
    .thread T_3, $push;
# The file index is used to find the file name in the following table.
:file_names 5;
    "N/A";
    "<interactive>";
    "ALU.v";
    "./Arithmetic.v";
    "./LogicUnit.v";
