#! /c/Source/iverilog-install/bin/vvp
:ivl_version "12.0 (devel)" "(s20150603-1110-g18392a46)";
:ivl_delay_selection "TYPICAL";
:vpi_time_precision + 0;
:vpi_module "C:\iverilog\lib\ivl\system.vpi";
:vpi_module "C:\iverilog\lib\ivl\vhdl_sys.vpi";
:vpi_module "C:\iverilog\lib\ivl\vhdl_textio.vpi";
:vpi_module "C:\iverilog\lib\ivl\v2005_math.vpi";
:vpi_module "C:\iverilog\lib\ivl\va_math.vpi";
S_000002d7ba18e6e0 .scope module, "tb_arith" "tb_arith" 2 3;
 .timescale 0 0;
v000002d7ba18c0a0_0 .var "a", 15 0;
v000002d7ba18c140_0 .var "b", 15 0;
v000002d7ba18c1e0_0 .var "opcode", 2 0;
v000002d7ba18c280_0 .net "outau", 31 0, v000002d7ba18c000_0;  1 drivers
S_000002d7ba18e870 .scope module, "a1" "arith" 2 11, 3 1 0, S_000002d7ba18e6e0;
 .timescale 0 0;
    .port_info 0 /INPUT 16 "a";
    .port_info 1 /INPUT 16 "b";
    .port_info 2 /INPUT 3 "opcode";
    .port_info 3 /OUTPUT 32 "outau";
v000002d7ba18ea00_0 .net "a", 15 0, v000002d7ba18c0a0_0;  1 drivers
v000002d7ba213370_0 .net "b", 15 0, v000002d7ba18c140_0;  1 drivers
v000002d7ba18bf60_0 .net "opcode", 2 0, v000002d7ba18c1e0_0;  1 drivers
v000002d7ba18c000_0 .var "outau", 31 0;
E_000002d7ba18ac90 .event anyedge, v000002d7ba18bf60_0, v000002d7ba213370_0, v000002d7ba18ea00_0;
    .scope S_000002d7ba18e870;
T_0 ;
    %wait E_000002d7ba18ac90;
    %load/vec4 v000002d7ba18bf60_0;
    %dup/vec4;
    %pushi/vec4 0, 0, 3;
    %cmp/u;
    %jmp/1 T_0.0, 6;
    %dup/vec4;
    %pushi/vec4 1, 0, 3;
    %cmp/u;
    %jmp/1 T_0.1, 6;
    %dup/vec4;
    %pushi/vec4 2, 0, 3;
    %cmp/u;
    %jmp/1 T_0.2, 6;
    %dup/vec4;
    %pushi/vec4 3, 0, 3;
    %cmp/u;
    %jmp/1 T_0.3, 6;
    %pushi/vec4 0, 0, 32;
    %store/vec4 v000002d7ba18c000_0, 0, 32;
    %jmp T_0.5;
T_0.0 ;
    %pushi/vec4 0, 0, 16;
    %load/vec4 v000002d7ba18ea00_0;
    %load/vec4 v000002d7ba213370_0;
    %add;
    %concat/vec4; draw_concat_vec4
    %store/vec4 v000002d7ba18c000_0, 0, 32;
    %jmp T_0.5;
T_0.1 ;
    %load/vec4 v000002d7ba18ea00_0;
    %pad/u 32;
    %load/vec4 v000002d7ba213370_0;
    %pad/u 32;
    %mul;
    %store/vec4 v000002d7ba18c000_0, 0, 32;
    %jmp T_0.5;
T_0.2 ;
    %load/vec4 v000002d7ba213370_0;
    %load/vec4 v000002d7ba18ea00_0;
    %cmp/u;
    %jmp/0xz  T_0.6, 5;
    %load/vec4 v000002d7ba18ea00_0;
    %pad/u 32;
    %load/vec4 v000002d7ba213370_0;
    %pad/u 32;
    %sub;
    %store/vec4 v000002d7ba18c000_0, 0, 32;
    %jmp T_0.7;
T_0.6 ;
    %load/vec4 v000002d7ba213370_0;
    %pad/u 32;
    %load/vec4 v000002d7ba18ea00_0;
    %pad/u 32;
    %sub;
    %store/vec4 v000002d7ba18c000_0, 0, 32;
T_0.7 ;
    %jmp T_0.5;
T_0.3 ;
    %load/vec4 v000002d7ba213370_0;
    %load/vec4 v000002d7ba18ea00_0;
    %cmp/u;
    %jmp/0xz  T_0.8, 5;
    %load/vec4 v000002d7ba18ea00_0;
    %pad/u 32;
    %load/vec4 v000002d7ba213370_0;
    %pad/u 32;
    %div;
    %store/vec4 v000002d7ba18c000_0, 0, 32;
    %jmp T_0.9;
T_0.8 ;
    %load/vec4 v000002d7ba213370_0;
    %pad/u 32;
    %load/vec4 v000002d7ba18ea00_0;
    %pad/u 32;
    %div;
    %store/vec4 v000002d7ba18c000_0, 0, 32;
T_0.9 ;
    %jmp T_0.5;
T_0.5 ;
    %pop/vec4 1;
    %jmp T_0;
    .thread T_0, $push;
    .scope S_000002d7ba18e6e0;
T_1 ;
    %pushi/vec4 0, 0, 16;
    %store/vec4 v000002d7ba18c0a0_0, 0, 16;
    %pushi/vec4 0, 0, 16;
    %store/vec4 v000002d7ba18c140_0, 0, 16;
    %pushi/vec4 0, 0, 3;
    %store/vec4 v000002d7ba18c1e0_0, 0, 3;
    %end;
    .thread T_1;
    .scope S_000002d7ba18e6e0;
T_2 ;
    %delay 5, 0;
    %pushi/vec4 1, 0, 16;
    %store/vec4 v000002d7ba18c0a0_0, 0, 16;
    %delay 5, 0;
    %pushi/vec4 16, 0, 16;
    %store/vec4 v000002d7ba18c140_0, 0, 16;
    %delay 5, 0;
    %pushi/vec4 1, 0, 3;
    %store/vec4 v000002d7ba18c1e0_0, 0, 3;
    %delay 5, 0;
    %pushi/vec4 2, 0, 3;
    %store/vec4 v000002d7ba18c1e0_0, 0, 3;
    %delay 5, 0;
    %pushi/vec4 3, 0, 3;
    %store/vec4 v000002d7ba18c1e0_0, 0, 3;
    %delay 5, 0;
    %pushi/vec4 4, 0, 3;
    %store/vec4 v000002d7ba18c1e0_0, 0, 3;
    %delay 5, 0;
    %pushi/vec4 5, 0, 3;
    %store/vec4 v000002d7ba18c1e0_0, 0, 3;
    %delay 5, 0;
    %pushi/vec4 6, 0, 3;
    %store/vec4 v000002d7ba18c1e0_0, 0, 3;
    %delay 5, 0;
    %pushi/vec4 7, 0, 3;
    %store/vec4 v000002d7ba18c1e0_0, 0, 3;
    %delay 5, 0;
    %pushi/vec4 256, 0, 16;
    %store/vec4 v000002d7ba18c0a0_0, 0, 16;
    %delay 5, 0;
    %pushi/vec4 272, 0, 16;
    %store/vec4 v000002d7ba18c140_0, 0, 16;
    %delay 5, 0;
    %pushi/vec4 1, 0, 3;
    %store/vec4 v000002d7ba18c1e0_0, 0, 3;
    %delay 5, 0;
    %pushi/vec4 2, 0, 3;
    %store/vec4 v000002d7ba18c1e0_0, 0, 3;
    %delay 5, 0;
    %pushi/vec4 3, 0, 3;
    %store/vec4 v000002d7ba18c1e0_0, 0, 3;
    %delay 5, 0;
    %pushi/vec4 4, 0, 3;
    %store/vec4 v000002d7ba18c1e0_0, 0, 3;
    %delay 5, 0;
    %pushi/vec4 5, 0, 3;
    %store/vec4 v000002d7ba18c1e0_0, 0, 3;
    %delay 5, 0;
    %pushi/vec4 6, 0, 3;
    %store/vec4 v000002d7ba18c1e0_0, 0, 3;
    %delay 5, 0;
    %pushi/vec4 7, 0, 3;
    %store/vec4 v000002d7ba18c1e0_0, 0, 3;
    %end;
    .thread T_2;
# The file index is used to find the file name in the following table.
:file_names 4;
    "N/A";
    "<interactive>";
    "Arithmetic_tb.v";
    "./Arithmetic.v";
