#! /c/Source/iverilog-install/bin/vvp
:ivl_version "12.0 (devel)" "(s20150603-1110-g18392a46)";
:ivl_delay_selection "TYPICAL";
:vpi_time_precision + 0;
:vpi_module "C:\iverilog\lib\ivl\system.vpi";
:vpi_module "C:\iverilog\lib\ivl\vhdl_sys.vpi";
:vpi_module "C:\iverilog\lib\ivl\vhdl_textio.vpi";
:vpi_module "C:\iverilog\lib\ivl\v2005_math.vpi";
:vpi_module "C:\iverilog\lib\ivl\va_math.vpi";
S_00000215b2bf2ba0 .scope module, "arith" "arith" 2 1;
 .timescale 0 0;
    .port_info 0 /INPUT 16 "a";
    .port_info 1 /INPUT 16 "b";
    .port_info 2 /INPUT 3 "opcode";
    .port_info 3 /OUTPUT 32 "outau";
o00000215b2c26fb8 .functor BUFZ 16, C4<zzzzzzzzzzzzzzzz>; HiZ drive
v00000215b2bf33a0_0 .net "a", 15 0, o00000215b2c26fb8;  0 drivers
o00000215b2c26fe8 .functor BUFZ 16, C4<zzzzzzzzzzzzzzzz>; HiZ drive
v00000215b2bf2d30_0 .net "b", 15 0, o00000215b2c26fe8;  0 drivers
o00000215b2c27018 .functor BUFZ 3, C4<zzz>; HiZ drive
v00000215b2bf2dd0_0 .net "opcode", 2 0, o00000215b2c27018;  0 drivers
v00000215b2bf2e70_0 .var "outau", 31 0;
E_00000215b2c268a0 .event anyedge, v00000215b2bf2dd0_0, v00000215b2bf2d30_0, v00000215b2bf33a0_0;
    .scope S_00000215b2bf2ba0;
T_0 ;
    %wait E_00000215b2c268a0;
    %load/vec4 v00000215b2bf2dd0_0;
    %dup/vec4;
    %pushi/vec4 0, 0, 3;
    %cmp/u;
    %jmp/1 T_0.0, 6;
    %dup/vec4;
    %pushi/vec4 1, 0, 3;
    %cmp/u;
    %jmp/1 T_0.1, 6;
    %dup/vec4;
    %pushi/vec4 2, 0, 3;
    %cmp/u;
    %jmp/1 T_0.2, 6;
    %dup/vec4;
    %pushi/vec4 3, 0, 3;
    %cmp/u;
    %jmp/1 T_0.3, 6;
    %pushi/vec4 0, 0, 32;
    %store/vec4 v00000215b2bf2e70_0, 0, 32;
    %jmp T_0.5;
T_0.0 ;
    %pushi/vec4 0, 0, 16;
    %load/vec4 v00000215b2bf33a0_0;
    %load/vec4 v00000215b2bf2d30_0;
    %add;
    %concat/vec4; draw_concat_vec4
    %store/vec4 v00000215b2bf2e70_0, 0, 32;
    %jmp T_0.5;
T_0.1 ;
    %load/vec4 v00000215b2bf33a0_0;
    %pad/u 32;
    %load/vec4 v00000215b2bf2d30_0;
    %pad/u 32;
    %mul;
    %store/vec4 v00000215b2bf2e70_0, 0, 32;
    %jmp T_0.5;
T_0.2 ;
    %load/vec4 v00000215b2bf2d30_0;
    %load/vec4 v00000215b2bf33a0_0;
    %cmp/u;
    %jmp/0xz  T_0.6, 5;
    %load/vec4 v00000215b2bf33a0_0;
    %pad/u 32;
    %load/vec4 v00000215b2bf2d30_0;
    %pad/u 32;
    %sub;
    %store/vec4 v00000215b2bf2e70_0, 0, 32;
    %jmp T_0.7;
T_0.6 ;
    %load/vec4 v00000215b2bf2d30_0;
    %pad/u 32;
    %load/vec4 v00000215b2bf33a0_0;
    %pad/u 32;
    %sub;
    %store/vec4 v00000215b2bf2e70_0, 0, 32;
T_0.7 ;
    %jmp T_0.5;
T_0.3 ;
    %load/vec4 v00000215b2bf2d30_0;
    %load/vec4 v00000215b2bf33a0_0;
    %cmp/u;
    %jmp/0xz  T_0.8, 5;
    %load/vec4 v00000215b2bf33a0_0;
    %pad/u 32;
    %load/vec4 v00000215b2bf2d30_0;
    %pad/u 32;
    %div;
    %store/vec4 v00000215b2bf2e70_0, 0, 32;
    %jmp T_0.9;
T_0.8 ;
    %load/vec4 v00000215b2bf2d30_0;
    %pad/u 32;
    %load/vec4 v00000215b2bf33a0_0;
    %pad/u 32;
    %div;
    %store/vec4 v00000215b2bf2e70_0, 0, 32;
T_0.9 ;
    %jmp T_0.5;
T_0.5 ;
    %pop/vec4 1;
    %jmp T_0;
    .thread T_0, $push;
# The file index is used to find the file name in the following table.
:file_names 3;
    "N/A";
    "<interactive>";
    "Arithmetic.v";
