#! /c/Source/iverilog-install/bin/vvp
:ivl_version "12.0 (devel)" "(s20150603-1110-g18392a46)";
:ivl_delay_selection "TYPICAL";
:vpi_time_precision + 0;
:vpi_module "C:\iverilog\lib\ivl\system.vpi";
:vpi_module "C:\iverilog\lib\ivl\vhdl_sys.vpi";
:vpi_module "C:\iverilog\lib\ivl\vhdl_textio.vpi";
:vpi_module "C:\iverilog\lib\ivl\v2005_math.vpi";
:vpi_module "C:\iverilog\lib\ivl\va_math.vpi";
S_0000021cd4765880 .scope module, "tb_dff" "tb_dff" 2 21;
 .timescale 0 0;
v0000021cd4762180_0 .var "clktb", 0 0;
v0000021cd4762220_0 .var "dtb", 0 0;
v0000021cd47622c0_0 .net "q_btb", 0 0, v0000021cd47620e0_0;  1 drivers
v0000021cd4762360_0 .net "qtb", 0 0, v0000021cd4762040_0;  1 drivers
S_0000021cd4765a10 .scope module, "d1" "dff" 2 26, 2 3 0, S_0000021cd4765880;
 .timescale 0 0;
    .port_info 0 /INPUT 1 "d";
    .port_info 1 /INPUT 1 "clk";
    .port_info 2 /OUTPUT 1 "q";
    .port_info 3 /OUTPUT 1 "q_b";
v0000021cd4765ba0_0 .net "clk", 0 0, v0000021cd4762180_0;  1 drivers
v0000021cd4733340_0 .net "d", 0 0, v0000021cd4762220_0;  1 drivers
v0000021cd4762040_0 .var "q", 0 0;
v0000021cd47620e0_0 .var "q_b", 0 0;
E_0000021cd44cd0e0 .event posedge, v0000021cd4765ba0_0;
    .scope S_0000021cd4765a10;
T_0 ;
    %wait E_0000021cd44cd0e0;
    %load/vec4 v0000021cd4733340_0;
    %assign/vec4 v0000021cd4762040_0, 0;
    %load/vec4 v0000021cd4733340_0;
    %nor/r;
    %assign/vec4 v0000021cd47620e0_0, 0;
    %jmp T_0;
    .thread T_0;
    .scope S_0000021cd4765880;
T_1 ;
    %pushi/vec4 0, 0, 1;
    %store/vec4 v0000021cd4762180_0, 0, 1;
    %pushi/vec4 0, 0, 1;
    %store/vec4 v0000021cd4762220_0, 0, 1;
    %end;
    .thread T_1;
    .scope S_0000021cd4765880;
T_2 ;
    %delay 10, 0;
    %load/vec4 v0000021cd4762180_0;
    %inv;
    %store/vec4 v0000021cd4762180_0, 0, 1;
    %jmp T_2;
    .thread T_2;
    .scope S_0000021cd4765880;
T_3 ;
    %delay 20, 0;
    %pushi/vec4 1, 0, 1;
    %store/vec4 v0000021cd4762220_0, 0, 1;
    %delay 20, 0;
    %pushi/vec4 0, 0, 1;
    %store/vec4 v0000021cd4762220_0, 0, 1;
    %end;
    .thread T_3;
# The file index is used to find the file name in the following table.
:file_names 3;
    "N/A";
    "<interactive>";
    "Basics.v";
