#! /c/Source/iverilog-install/bin/vvp
:ivl_version "12.0 (devel)" "(s20150603-1110-g18392a46)";
:ivl_delay_selection "TYPICAL";
:vpi_time_precision + 0;
:vpi_module "C:\iverilog\lib\ivl\system.vpi";
:vpi_module "C:\iverilog\lib\ivl\vhdl_sys.vpi";
:vpi_module "C:\iverilog\lib\ivl\vhdl_textio.vpi";
:vpi_module "C:\iverilog\lib\ivl\v2005_math.vpi";
:vpi_module "C:\iverilog\lib\ivl\va_math.vpi";
S_000001bfd434c390 .scope module, "tb_controller" "tb_controller" 2 3;
 .timescale 0 0;
v000001bfd43a7020_0 .var "clk", 0 0;
v000001bfd43a6ee0_0 .var "en", 0 0;
v000001bfd43a6f80_0 .net "incPC", 0 0, v000001bfd4324200_0;  1 drivers
v000001bfd43a6bc0_0 .net "loadA", 0 0, v000001bfd43242a0_0;  1 drivers
v000001bfd43a70c0_0 .net "loadB", 0 0, v000001bfd4324340_0;  1 drivers
v000001bfd43a6b20_0 .net "loadC", 0 0, v000001bfd43243e0_0;  1 drivers
v000001bfd43a6c60_0 .net "loadIR", 0 0, v000001bfd4324480_0;  1 drivers
v000001bfd43a6d00_0 .net "loadPC", 0 0, v000001bfd4324520_0;  1 drivers
v000001bfd43a6440_0 .net "mode", 0 0, v000001bfd43245c0_0;  1 drivers
v000001bfd43a7160_0 .var "opcode", 3 0;
v000001bfd43a7200_0 .net "selA", 0 0, v000001bfd43a60d0_0;  1 drivers
v000001bfd43a68a0_0 .net "selB", 0 0, v000001bfd43a6170_0;  1 drivers
v000001bfd43a64e0_0 .net "we_DM", 0 0, v000001bfd43a62b0_0;  1 drivers
S_000001bfd434c520 .scope module, "c1" "controller" 2 19, 3 1 0, S_000001bfd434c390;
 .timescale 0 0;
    .port_info 0 /INPUT 1 "clk";
    .port_info 1 /INPUT 1 "en";
    .port_info 2 /INPUT 4 "opcode";
    .port_info 3 /OUTPUT 1 "loadA";
    .port_info 4 /OUTPUT 1 "loadB";
    .port_info 5 /OUTPUT 1 "loadC";
    .port_info 6 /OUTPUT 1 "loadIR";
    .port_info 7 /OUTPUT 1 "loadPC";
    .port_info 8 /OUTPUT 1 "incPC";
    .port_info 9 /OUTPUT 1 "mode";
    .port_info 10 /OUTPUT 1 "we_DM";
    .port_info 11 /OUTPUT 1 "selA";
    .port_info 12 /OUTPUT 1 "selB";
P_000001bfd434c6b0 .param/l "execute" 0 3 32, C4<100>;
P_000001bfd434c6e8 .param/l "load" 0 3 32, C4<010>;
P_000001bfd434c720 .param/l "reset" 0 3 32, C4<000>;
v000001bfd434c760_0 .net "clk", 0 0, v000001bfd43a7020_0;  1 drivers
v000001bfd42f2ed0_0 .net "en", 0 0, v000001bfd43a6ee0_0;  1 drivers
v000001bfd4324200_0 .var "incPC", 0 0;
v000001bfd43242a0_0 .var "loadA", 0 0;
v000001bfd4324340_0 .var "loadB", 0 0;
v000001bfd43243e0_0 .var "loadC", 0 0;
v000001bfd4324480_0 .var "loadIR", 0 0;
v000001bfd4324520_0 .var "loadPC", 0 0;
v000001bfd43245c0_0 .var "mode", 0 0;
v000001bfd4324660_0 .var "next_state", 2 0;
v000001bfd4324700_0 .net "opcode", 3 0, v000001bfd43a7160_0;  1 drivers
v000001bfd43a60d0_0 .var "selA", 0 0;
v000001bfd43a6170_0 .var "selB", 0 0;
v000001bfd43a6210_0 .var "state", 2 0;
v000001bfd43a62b0_0 .var "we_DM", 0 0;
E_000001bfd4351c10 .event anyedge, v000001bfd42f2ed0_0, v000001bfd43a6210_0, v000001bfd4324700_0;
E_000001bfd4351310 .event posedge, v000001bfd434c760_0;
    .scope S_000001bfd434c520;
T_0 ;
    %wait E_000001bfd4351310;
    %load/vec4 v000001bfd42f2ed0_0;
    %pad/u 32;
    %cmpi/e 0, 0, 32;
    %jmp/0xz  T_0.0, 4;
    %pushi/vec4 0, 0, 3;
    %store/vec4 v000001bfd43a6210_0, 0, 3;
    %jmp T_0.1;
T_0.0 ;
    %load/vec4 v000001bfd42f2ed0_0;
    %pad/u 32;
    %cmpi/e 1, 0, 32;
    %jmp/0xz  T_0.2, 4;
    %load/vec4 v000001bfd4324660_0;
    %store/vec4 v000001bfd43a6210_0, 0, 3;
T_0.2 ;
T_0.1 ;
    %jmp T_0;
    .thread T_0;
    .scope S_000001bfd434c520;
T_1 ;
    %wait E_000001bfd4351c10;
    %load/vec4 v000001bfd42f2ed0_0;
    %pad/u 32;
    %cmpi/e 0, 0, 32;
    %jmp/0xz  T_1.0, 4;
    %pushi/vec4 0, 0, 1;
    %store/vec4 v000001bfd43242a0_0, 0, 1;
    %pushi/vec4 0, 0, 1;
    %store/vec4 v000001bfd4324340_0, 0, 1;
    %pushi/vec4 0, 0, 1;
    %store/vec4 v000001bfd43243e0_0, 0, 1;
    %pushi/vec4 0, 0, 1;
    %store/vec4 v000001bfd4324480_0, 0, 1;
    %pushi/vec4 0, 0, 1;
    %store/vec4 v000001bfd4324520_0, 0, 1;
    %pushi/vec4 0, 0, 1;
    %store/vec4 v000001bfd4324200_0, 0, 1;
    %pushi/vec4 0, 1, 1;
    %store/vec4 v000001bfd43245c0_0, 0, 1;
    %pushi/vec4 0, 0, 1;
    %store/vec4 v000001bfd43a62b0_0, 0, 1;
    %pushi/vec4 0, 0, 1;
    %store/vec4 v000001bfd43a60d0_0, 0, 1;
    %pushi/vec4 0, 0, 1;
    %store/vec4 v000001bfd43a6170_0, 0, 1;
    %pushi/vec4 0, 0, 3;
    %store/vec4 v000001bfd4324660_0, 0, 3;
    %jmp T_1.1;
T_1.0 ;
    %load/vec4 v000001bfd43a6210_0;
    %dup/vec4;
    %pushi/vec4 0, 0, 3;
    %cmp/u;
    %jmp/1 T_1.2, 6;
    %dup/vec4;
    %pushi/vec4 2, 0, 3;
    %cmp/u;
    %jmp/1 T_1.3, 6;
    %dup/vec4;
    %pushi/vec4 4, 0, 3;
    %cmp/u;
    %jmp/1 T_1.4, 6;
    %pushi/vec4 0, 0, 1;
    %store/vec4 v000001bfd43242a0_0, 0, 1;
    %pushi/vec4 0, 0, 1;
    %store/vec4 v000001bfd4324340_0, 0, 1;
    %pushi/vec4 0, 0, 1;
    %store/vec4 v000001bfd43243e0_0, 0, 1;
    %pushi/vec4 1, 0, 1;
    %store/vec4 v000001bfd4324480_0, 0, 1;
    %pushi/vec4 0, 1, 1;
    %store/vec4 v000001bfd43245c0_0, 0, 1;
    %pushi/vec4 0, 0, 1;
    %store/vec4 v000001bfd43a62b0_0, 0, 1;
    %pushi/vec4 0, 0, 1;
    %store/vec4 v000001bfd43a60d0_0, 0, 1;
    %pushi/vec4 0, 0, 1;
    %store/vec4 v000001bfd43a6170_0, 0, 1;
    %pushi/vec4 0, 0, 3;
    %store/vec4 v000001bfd4324660_0, 0, 3;
    %jmp T_1.6;
T_1.2 ;
    %pushi/vec4 0, 0, 1;
    %store/vec4 v000001bfd43242a0_0, 0, 1;
    %pushi/vec4 0, 0, 1;
    %store/vec4 v000001bfd4324340_0, 0, 1;
    %pushi/vec4 0, 0, 1;
    %store/vec4 v000001bfd43243e0_0, 0, 1;
    %pushi/vec4 0, 0, 1;
    %store/vec4 v000001bfd4324480_0, 0, 1;
    %pushi/vec4 0, 0, 1;
    %store/vec4 v000001bfd4324520_0, 0, 1;
    %pushi/vec4 0, 0, 1;
    %store/vec4 v000001bfd4324200_0, 0, 1;
    %pushi/vec4 0, 1, 1;
    %store/vec4 v000001bfd43245c0_0, 0, 1;
    %pushi/vec4 0, 0, 1;
    %store/vec4 v000001bfd43a62b0_0, 0, 1;
    %pushi/vec4 0, 0, 1;
    %store/vec4 v000001bfd43a60d0_0, 0, 1;
    %pushi/vec4 0, 0, 1;
    %store/vec4 v000001bfd43a6170_0, 0, 1;
    %pushi/vec4 2, 0, 3;
    %store/vec4 v000001bfd4324660_0, 0, 3;
    %jmp T_1.6;
T_1.3 ;
    %pushi/vec4 0, 0, 1;
    %store/vec4 v000001bfd43242a0_0, 0, 1;
    %pushi/vec4 0, 0, 1;
    %store/vec4 v000001bfd4324340_0, 0, 1;
    %pushi/vec4 0, 0, 1;
    %store/vec4 v000001bfd43243e0_0, 0, 1;
    %pushi/vec4 1, 0, 1;
    %store/vec4 v000001bfd4324480_0, 0, 1;
    %pushi/vec4 1, 0, 1;
    %store/vec4 v000001bfd4324520_0, 0, 1;
    %pushi/vec4 0, 0, 1;
    %store/vec4 v000001bfd4324200_0, 0, 1;
    %pushi/vec4 0, 1, 1;
    %store/vec4 v000001bfd43245c0_0, 0, 1;
    %pushi/vec4 0, 0, 1;
    %store/vec4 v000001bfd43a62b0_0, 0, 1;
    %pushi/vec4 0, 0, 1;
    %store/vec4 v000001bfd43a60d0_0, 0, 1;
    %pushi/vec4 0, 0, 1;
    %store/vec4 v000001bfd43a6170_0, 0, 1;
    %pushi/vec4 4, 0, 3;
    %store/vec4 v000001bfd4324660_0, 0, 3;
    %jmp T_1.6;
T_1.4 ;
    %load/vec4 v000001bfd4324700_0;
    %pad/u 11;
    %dup/vec4;
    %pushi/vec4 0, 0, 11;
    %cmp/u;
    %jmp/1 T_1.7, 6;
    %dup/vec4;
    %pushi/vec4 1, 0, 11;
    %cmp/u;
    %jmp/1 T_1.8, 6;
    %dup/vec4;
    %pushi/vec4 10, 0, 11;
    %cmp/u;
    %jmp/1 T_1.9, 6;
    %dup/vec4;
    %pushi/vec4 11, 0, 11;
    %cmp/u;
    %jmp/1 T_1.10, 6;
    %dup/vec4;
    %pushi/vec4 100, 0, 11;
    %cmp/u;
    %jmp/1 T_1.11, 6;
    %dup/vec4;
    %pushi/vec4 101, 0, 11;
    %cmp/u;
    %jmp/1 T_1.12, 6;
    %dup/vec4;
    %pushi/vec4 110, 0, 11;
    %cmp/u;
    %jmp/1 T_1.13, 6;
    %dup/vec4;
    %pushi/vec4 111, 0, 11;
    %cmp/u;
    %jmp/1 T_1.14, 6;
    %dup/vec4;
    %pushi/vec4 1000, 0, 11;
    %cmp/u;
    %jmp/1 T_1.15, 6;
    %dup/vec4;
    %pushi/vec4 1001, 0, 11;
    %cmp/u;
    %jmp/1 T_1.16, 6;
    %dup/vec4;
    %pushi/vec4 1010, 0, 11;
    %cmp/u;
    %jmp/1 T_1.17, 6;
    %dup/vec4;
    %pushi/vec4 1011, 0, 11;
    %cmp/u;
    %jmp/1 T_1.18, 6;
    %dup/vec4;
    %pushi/vec4 1100, 0, 11;
    %cmp/u;
    %jmp/1 T_1.19, 6;
    %dup/vec4;
    %pushi/vec4 1101, 0, 11;
    %cmp/u;
    %jmp/1 T_1.20, 6;
    %dup/vec4;
    %pushi/vec4 1110, 0, 11;
    %cmp/u;
    %jmp/1 T_1.21, 6;
    %dup/vec4;
    %pushi/vec4 15, 0, 11;
    %cmp/u;
    %jmp/1 T_1.22, 6;
    %pushi/vec4 0, 0, 1;
    %store/vec4 v000001bfd43242a0_0, 0, 1;
    %pushi/vec4 0, 0, 1;
    %store/vec4 v000001bfd4324340_0, 0, 1;
    %pushi/vec4 0, 0, 1;
    %store/vec4 v000001bfd43243e0_0, 0, 1;
    %pushi/vec4 1, 0, 1;
    %store/vec4 v000001bfd4324480_0, 0, 1;
    %pushi/vec4 0, 1, 1;
    %store/vec4 v000001bfd43245c0_0, 0, 1;
    %pushi/vec4 0, 0, 1;
    %store/vec4 v000001bfd43a62b0_0, 0, 1;
    %pushi/vec4 0, 0, 1;
    %store/vec4 v000001bfd43a60d0_0, 0, 1;
    %pushi/vec4 0, 0, 1;
    %store/vec4 v000001bfd43a6170_0, 0, 1;
    %jmp T_1.24;
T_1.7 ;
    %pushi/vec4 0, 0, 1;
    %store/vec4 v000001bfd43242a0_0, 0, 1;
    %pushi/vec4 0, 0, 1;
    %store/vec4 v000001bfd4324340_0, 0, 1;
    %pushi/vec4 0, 0, 1;
    %store/vec4 v000001bfd43243e0_0, 0, 1;
    %pushi/vec4 0, 0, 1;
    %store/vec4 v000001bfd4324480_0, 0, 1;
    %pushi/vec4 0, 0, 1;
    %store/vec4 v000001bfd4324520_0, 0, 1;
    %pushi/vec4 1, 0, 1;
    %store/vec4 v000001bfd4324200_0, 0, 1;
    %pushi/vec4 0, 0, 1;
    %store/vec4 v000001bfd43245c0_0, 0, 1;
    %pushi/vec4 1, 0, 1;
    %store/vec4 v000001bfd43a62b0_0, 0, 1;
    %delay 5, 0;
    %pushi/vec4 0, 0, 1;
    %store/vec4 v000001bfd43a62b0_0, 0, 1;
    %pushi/vec4 0, 0, 1;
    %store/vec4 v000001bfd43a60d0_0, 0, 1;
    %pushi/vec4 0, 0, 1;
    %store/vec4 v000001bfd43a6170_0, 0, 1;
    %jmp T_1.24;
T_1.8 ;
    %pushi/vec4 0, 0, 1;
    %store/vec4 v000001bfd43242a0_0, 0, 1;
    %pushi/vec4 0, 0, 1;
    %store/vec4 v000001bfd4324340_0, 0, 1;
    %pushi/vec4 0, 0, 1;
    %store/vec4 v000001bfd43243e0_0, 0, 1;
    %pushi/vec4 0, 0, 1;
    %store/vec4 v000001bfd4324480_0, 0, 1;
    %pushi/vec4 0, 0, 1;
    %store/vec4 v000001bfd4324520_0, 0, 1;
    %pushi/vec4 1, 0, 1;
    %store/vec4 v000001bfd4324200_0, 0, 1;
    %pushi/vec4 0, 0, 1;
    %store/vec4 v000001bfd43245c0_0, 0, 1;
    %pushi/vec4 1, 0, 1;
    %store/vec4 v000001bfd43a62b0_0, 0, 1;
    %delay 5, 0;
    %pushi/vec4 0, 0, 1;
    %store/vec4 v000001bfd43a62b0_0, 0, 1;
    %pushi/vec4 0, 0, 1;
    %store/vec4 v000001bfd43a60d0_0, 0, 1;
    %pushi/vec4 0, 0, 1;
    %store/vec4 v000001bfd43a6170_0, 0, 1;
    %jmp T_1.24;
T_1.9 ;
    %pushi/vec4 0, 0, 1;
    %store/vec4 v000001bfd43242a0_0, 0, 1;
    %pushi/vec4 0, 0, 1;
    %store/vec4 v000001bfd4324340_0, 0, 1;
    %pushi/vec4 0, 0, 1;
    %store/vec4 v000001bfd43243e0_0, 0, 1;
    %pushi/vec4 0, 0, 1;
    %store/vec4 v000001bfd4324480_0, 0, 1;
    %pushi/vec4 0, 0, 1;
    %store/vec4 v000001bfd4324520_0, 0, 1;
    %pushi/vec4 1, 0, 1;
    %store/vec4 v000001bfd4324200_0, 0, 1;
    %pushi/vec4 0, 0, 1;
    %store/vec4 v000001bfd43245c0_0, 0, 1;
    %pushi/vec4 1, 0, 1;
    %store/vec4 v000001bfd43a62b0_0, 0, 1;
    %delay 5, 0;
    %pushi/vec4 0, 0, 1;
    %store/vec4 v000001bfd43a62b0_0, 0, 1;
    %pushi/vec4 0, 0, 1;
    %store/vec4 v000001bfd43a60d0_0, 0, 1;
    %pushi/vec4 0, 0, 1;
    %store/vec4 v000001bfd43a6170_0, 0, 1;
    %jmp T_1.24;
T_1.10 ;
    %pushi/vec4 0, 0, 1;
    %store/vec4 v000001bfd43242a0_0, 0, 1;
    %pushi/vec4 0, 0, 1;
    %store/vec4 v000001bfd4324340_0, 0, 1;
    %pushi/vec4 0, 0, 1;
    %store/vec4 v000001bfd43243e0_0, 0, 1;
    %pushi/vec4 0, 0, 1;
    %store/vec4 v000001bfd4324480_0, 0, 1;
    %pushi/vec4 0, 0, 1;
    %store/vec4 v000001bfd4324520_0, 0, 1;
    %pushi/vec4 1, 0, 1;
    %store/vec4 v000001bfd4324200_0, 0, 1;
    %pushi/vec4 0, 0, 1;
    %store/vec4 v000001bfd43245c0_0, 0, 1;
    %pushi/vec4 1, 0, 1;
    %store/vec4 v000001bfd43a62b0_0, 0, 1;
    %delay 5, 0;
    %pushi/vec4 0, 0, 1;
    %store/vec4 v000001bfd43a62b0_0, 0, 1;
    %pushi/vec4 0, 0, 1;
    %store/vec4 v000001bfd43a60d0_0, 0, 1;
    %pushi/vec4 0, 0, 1;
    %store/vec4 v000001bfd43a6170_0, 0, 1;
    %jmp T_1.24;
T_1.11 ;
    %pushi/vec4 1, 0, 1;
    %store/vec4 v000001bfd43242a0_0, 0, 1;
    %pushi/vec4 0, 0, 1;
    %store/vec4 v000001bfd4324340_0, 0, 1;
    %pushi/vec4 0, 0, 1;
    %store/vec4 v000001bfd43243e0_0, 0, 1;
    %pushi/vec4 0, 0, 1;
    %store/vec4 v000001bfd4324480_0, 0, 1;
    %pushi/vec4 0, 0, 1;
    %store/vec4 v000001bfd4324520_0, 0, 1;
    %pushi/vec4 1, 0, 1;
    %store/vec4 v000001bfd4324200_0, 0, 1;
    %pushi/vec4 0, 1, 1;
    %store/vec4 v000001bfd43245c0_0, 0, 1;
    %pushi/vec4 1, 0, 1;
    %store/vec4 v000001bfd43a62b0_0, 0, 1;
    %delay 5, 0;
    %pushi/vec4 0, 0, 1;
    %store/vec4 v000001bfd43a62b0_0, 0, 1;
    %pushi/vec4 0, 0, 1;
    %store/vec4 v000001bfd43a60d0_0, 0, 1;
    %pushi/vec4 0, 0, 1;
    %store/vec4 v000001bfd43a6170_0, 0, 1;
    %jmp T_1.24;
T_1.12 ;
    %pushi/vec4 0, 0, 1;
    %store/vec4 v000001bfd43242a0_0, 0, 1;
    %pushi/vec4 1, 0, 1;
    %store/vec4 v000001bfd4324340_0, 0, 1;
    %pushi/vec4 0, 0, 1;
    %store/vec4 v000001bfd43243e0_0, 0, 1;
    %pushi/vec4 0, 0, 1;
    %store/vec4 v000001bfd4324480_0, 0, 1;
    %pushi/vec4 0, 0, 1;
    %store/vec4 v000001bfd4324520_0, 0, 1;
    %pushi/vec4 1, 0, 1;
    %store/vec4 v000001bfd4324200_0, 0, 1;
    %pushi/vec4 0, 1, 1;
    %store/vec4 v000001bfd43245c0_0, 0, 1;
    %pushi/vec4 1, 0, 1;
    %store/vec4 v000001bfd43a62b0_0, 0, 1;
    %delay 5, 0;
    %pushi/vec4 0, 0, 1;
    %store/vec4 v000001bfd43a62b0_0, 0, 1;
    %pushi/vec4 0, 0, 1;
    %store/vec4 v000001bfd43a60d0_0, 0, 1;
    %pushi/vec4 0, 0, 1;
    %store/vec4 v000001bfd43a6170_0, 0, 1;
    %jmp T_1.24;
T_1.13 ;
    %pushi/vec4 0, 0, 1;
    %store/vec4 v000001bfd43242a0_0, 0, 1;
    %pushi/vec4 0, 0, 1;
    %store/vec4 v000001bfd4324340_0, 0, 1;
    %pushi/vec4 1, 0, 1;
    %store/vec4 v000001bfd43243e0_0, 0, 1;
    %pushi/vec4 0, 0, 1;
    %store/vec4 v000001bfd4324480_0, 0, 1;
    %pushi/vec4 0, 0, 1;
    %store/vec4 v000001bfd4324520_0, 0, 1;
    %pushi/vec4 1, 0, 1;
    %store/vec4 v000001bfd4324200_0, 0, 1;
    %pushi/vec4 0, 0, 1;
    %store/vec4 v000001bfd43245c0_0, 0, 1;
    %pushi/vec4 1, 0, 1;
    %store/vec4 v000001bfd43a62b0_0, 0, 1;
    %delay 5, 0;
    %pushi/vec4 0, 0, 1;
    %store/vec4 v000001bfd43a62b0_0, 0, 1;
    %pushi/vec4 0, 0, 1;
    %store/vec4 v000001bfd43a60d0_0, 0, 1;
    %pushi/vec4 0, 0, 1;
    %store/vec4 v000001bfd43a6170_0, 0, 1;
    %jmp T_1.24;
T_1.14 ;
    %pushi/vec4 0, 0, 1;
    %store/vec4 v000001bfd43242a0_0, 0, 1;
    %pushi/vec4 0, 0, 1;
    %store/vec4 v000001bfd4324340_0, 0, 1;
    %pushi/vec4 0, 0, 1;
    %store/vec4 v000001bfd43243e0_0, 0, 1;
    %pushi/vec4 0, 0, 1;
    %store/vec4 v000001bfd4324480_0, 0, 1;
    %pushi/vec4 1, 0, 1;
    %store/vec4 v000001bfd4324520_0, 0, 1;
    %pushi/vec4 1, 0, 1;
    %store/vec4 v000001bfd4324200_0, 0, 1;
    %pushi/vec4 0, 0, 1;
    %store/vec4 v000001bfd43245c0_0, 0, 1;
    %pushi/vec4 1, 0, 1;
    %store/vec4 v000001bfd43a62b0_0, 0, 1;
    %pushi/vec4 1, 0, 1;
    %store/vec4 v000001bfd43a60d0_0, 0, 1;
    %pushi/vec4 1, 0, 1;
    %store/vec4 v000001bfd43a6170_0, 0, 1;
    %jmp T_1.24;
T_1.15 ;
    %pushi/vec4 0, 0, 1;
    %store/vec4 v000001bfd43242a0_0, 0, 1;
    %pushi/vec4 0, 0, 1;
    %store/vec4 v000001bfd4324340_0, 0, 1;
    %pushi/vec4 0, 0, 1;
    %store/vec4 v000001bfd43243e0_0, 0, 1;
    %pushi/vec4 0, 0, 1;
    %store/vec4 v000001bfd4324480_0, 0, 1;
    %pushi/vec4 0, 0, 1;
    %store/vec4 v000001bfd4324520_0, 0, 1;
    %pushi/vec4 1, 0, 1;
    %store/vec4 v000001bfd4324200_0, 0, 1;
    %pushi/vec4 1, 0, 1;
    %store/vec4 v000001bfd43245c0_0, 0, 1;
    %pushi/vec4 1, 0, 1;
    %store/vec4 v000001bfd43a62b0_0, 0, 1;
    %delay 5, 0;
    %pushi/vec4 0, 0, 1;
    %store/vec4 v000001bfd43a62b0_0, 0, 1;
    %pushi/vec4 0, 0, 1;
    %store/vec4 v000001bfd43a60d0_0, 0, 1;
    %pushi/vec4 0, 0, 1;
    %store/vec4 v000001bfd43a6170_0, 0, 1;
    %jmp T_1.24;
T_1.16 ;
    %pushi/vec4 0, 0, 1;
    %store/vec4 v000001bfd43242a0_0, 0, 1;
    %pushi/vec4 0, 0, 1;
    %store/vec4 v000001bfd4324340_0, 0, 1;
    %pushi/vec4 0, 0, 1;
    %store/vec4 v000001bfd43243e0_0, 0, 1;
    %pushi/vec4 0, 0, 1;
    %store/vec4 v000001bfd4324480_0, 0, 1;
    %pushi/vec4 0, 0, 1;
    %store/vec4 v000001bfd4324520_0, 0, 1;
    %pushi/vec4 1, 0, 1;
    %store/vec4 v000001bfd4324200_0, 0, 1;
    %pushi/vec4 1, 0, 1;
    %store/vec4 v000001bfd43245c0_0, 0, 1;
    %pushi/vec4 1, 0, 1;
    %store/vec4 v000001bfd43a62b0_0, 0, 1;
    %pushi/vec4 0, 0, 1;
    %store/vec4 v000001bfd43a60d0_0, 0, 1;
    %pushi/vec4 0, 0, 1;
    %store/vec4 v000001bfd43a6170_0, 0, 1;
    %jmp T_1.24;
T_1.17 ;
    %pushi/vec4 0, 0, 1;
    %store/vec4 v000001bfd43242a0_0, 0, 1;
    %pushi/vec4 0, 0, 1;
    %store/vec4 v000001bfd4324340_0, 0, 1;
    %pushi/vec4 0, 0, 1;
    %store/vec4 v000001bfd43243e0_0, 0, 1;
    %pushi/vec4 0, 0, 1;
    %store/vec4 v000001bfd4324480_0, 0, 1;
    %pushi/vec4 0, 0, 1;
    %store/vec4 v000001bfd4324520_0, 0, 1;
    %pushi/vec4 1, 0, 1;
    %store/vec4 v000001bfd4324200_0, 0, 1;
    %pushi/vec4 1, 0, 1;
    %store/vec4 v000001bfd43245c0_0, 0, 1;
    %pushi/vec4 1, 0, 1;
    %store/vec4 v000001bfd43a62b0_0, 0, 1;
    %delay 5, 0;
    %pushi/vec4 0, 0, 1;
    %store/vec4 v000001bfd43a62b0_0, 0, 1;
    %pushi/vec4 0, 0, 1;
    %store/vec4 v000001bfd43a60d0_0, 0, 1;
    %pushi/vec4 0, 0, 1;
    %store/vec4 v000001bfd43a6170_0, 0, 1;
    %jmp T_1.24;
T_1.18 ;
    %pushi/vec4 0, 0, 1;
    %store/vec4 v000001bfd43242a0_0, 0, 1;
    %pushi/vec4 0, 0, 1;
    %store/vec4 v000001bfd4324340_0, 0, 1;
    %pushi/vec4 0, 0, 1;
    %store/vec4 v000001bfd43243e0_0, 0, 1;
    %pushi/vec4 0, 0, 1;
    %store/vec4 v000001bfd4324480_0, 0, 1;
    %pushi/vec4 0, 0, 1;
    %store/vec4 v000001bfd4324520_0, 0, 1;
    %pushi/vec4 1, 0, 1;
    %store/vec4 v000001bfd4324200_0, 0, 1;
    %pushi/vec4 1, 0, 1;
    %store/vec4 v000001bfd43245c0_0, 0, 1;
    %pushi/vec4 1, 0, 1;
    %store/vec4 v000001bfd43a62b0_0, 0, 1;
    %delay 5, 0;
    %pushi/vec4 0, 0, 1;
    %store/vec4 v000001bfd43a62b0_0, 0, 1;
    %pushi/vec4 0, 0, 1;
    %store/vec4 v000001bfd43a60d0_0, 0, 1;
    %pushi/vec4 0, 0, 1;
    %store/vec4 v000001bfd43a6170_0, 0, 1;
    %jmp T_1.24;
T_1.19 ;
    %pushi/vec4 0, 0, 1;
    %store/vec4 v000001bfd43242a0_0, 0, 1;
    %pushi/vec4 0, 0, 1;
    %store/vec4 v000001bfd4324340_0, 0, 1;
    %pushi/vec4 0, 0, 1;
    %store/vec4 v000001bfd43243e0_0, 0, 1;
    %pushi/vec4 0, 0, 1;
    %store/vec4 v000001bfd4324480_0, 0, 1;
    %pushi/vec4 0, 0, 1;
    %store/vec4 v000001bfd4324520_0, 0, 1;
    %pushi/vec4 1, 0, 1;
    %store/vec4 v000001bfd4324200_0, 0, 1;
    %pushi/vec4 1, 0, 1;
    %store/vec4 v000001bfd43245c0_0, 0, 1;
    %pushi/vec4 1, 0, 1;
    %store/vec4 v000001bfd43a62b0_0, 0, 1;
    %delay 5, 0;
    %pushi/vec4 0, 0, 1;
    %store/vec4 v000001bfd43a62b0_0, 0, 1;
    %pushi/vec4 0, 0, 1;
    %store/vec4 v000001bfd43a60d0_0, 0, 1;
    %pushi/vec4 0, 0, 1;
    %store/vec4 v000001bfd43a6170_0, 0, 1;
    %jmp T_1.24;
T_1.20 ;
    %pushi/vec4 0, 0, 1;
    %store/vec4 v000001bfd43242a0_0, 0, 1;
    %pushi/vec4 0, 0, 1;
    %store/vec4 v000001bfd4324340_0, 0, 1;
    %pushi/vec4 0, 0, 1;
    %store/vec4 v000001bfd43243e0_0, 0, 1;
    %pushi/vec4 0, 0, 1;
    %store/vec4 v000001bfd4324480_0, 0, 1;
    %pushi/vec4 0, 0, 1;
    %store/vec4 v000001bfd4324520_0, 0, 1;
    %pushi/vec4 1, 0, 1;
    %store/vec4 v000001bfd4324200_0, 0, 1;
    %pushi/vec4 1, 0, 1;
    %store/vec4 v000001bfd43245c0_0, 0, 1;
    %pushi/vec4 1, 0, 1;
    %store/vec4 v000001bfd43a62b0_0, 0, 1;
    %delay 5, 0;
    %pushi/vec4 0, 0, 1;
    %store/vec4 v000001bfd43a62b0_0, 0, 1;
    %pushi/vec4 0, 0, 1;
    %store/vec4 v000001bfd43a60d0_0, 0, 1;
    %pushi/vec4 0, 0, 1;
    %store/vec4 v000001bfd43a6170_0, 0, 1;
    %jmp T_1.24;
T_1.21 ;
    %pushi/vec4 0, 0, 1;
    %store/vec4 v000001bfd43242a0_0, 0, 1;
    %pushi/vec4 0, 0, 1;
    %store/vec4 v000001bfd4324340_0, 0, 1;
    %pushi/vec4 0, 0, 1;
    %store/vec4 v000001bfd43243e0_0, 0, 1;
    %pushi/vec4 0, 0, 1;
    %store/vec4 v000001bfd4324480_0, 0, 1;
    %pushi/vec4 0, 0, 1;
    %store/vec4 v000001bfd4324520_0, 0, 1;
    %pushi/vec4 1, 0, 1;
    %store/vec4 v000001bfd4324200_0, 0, 1;
    %pushi/vec4 1, 0, 1;
    %store/vec4 v000001bfd43245c0_0, 0, 1;
    %pushi/vec4 1, 0, 1;
    %store/vec4 v000001bfd43a62b0_0, 0, 1;
    %delay 5, 0;
    %pushi/vec4 0, 0, 1;
    %store/vec4 v000001bfd43a62b0_0, 0, 1;
    %pushi/vec4 0, 0, 1;
    %store/vec4 v000001bfd43a60d0_0, 0, 1;
    %pushi/vec4 0, 0, 1;
    %store/vec4 v000001bfd43a6170_0, 0, 1;
    %jmp T_1.24;
T_1.22 ;
    %pushi/vec4 0, 0, 1;
    %store/vec4 v000001bfd43242a0_0, 0, 1;
    %pushi/vec4 0, 0, 1;
    %store/vec4 v000001bfd4324340_0, 0, 1;
    %pushi/vec4 0, 0, 1;
    %store/vec4 v000001bfd43243e0_0, 0, 1;
    %pushi/vec4 0, 0, 1;
    %store/vec4 v000001bfd4324480_0, 0, 1;
    %pushi/vec4 0, 0, 1;
    %store/vec4 v000001bfd4324520_0, 0, 1;
    %pushi/vec4 1, 0, 1;
    %store/vec4 v000001bfd4324200_0, 0, 1;
    %pushi/vec4 1, 0, 1;
    %store/vec4 v000001bfd43245c0_0, 0, 1;
    %pushi/vec4 1, 0, 1;
    %store/vec4 v000001bfd43a62b0_0, 0, 1;
    %pushi/vec4 0, 0, 1;
    %store/vec4 v000001bfd43a60d0_0, 0, 1;
    %pushi/vec4 0, 0, 1;
    %store/vec4 v000001bfd43a6170_0, 0, 1;
    %jmp T_1.24;
T_1.24 ;
    %pop/vec4 1;
    %pushi/vec4 2, 0, 3;
    %store/vec4 v000001bfd4324660_0, 0, 3;
    %jmp T_1.6;
T_1.6 ;
    %pop/vec4 1;
T_1.1 ;
    %jmp T_1;
    .thread T_1, $push;
    .scope S_000001bfd434c390;
T_2 ;
    %pushi/vec4 0, 0, 1;
    %store/vec4 v000001bfd43a7020_0, 0, 1;
    %pushi/vec4 0, 0, 1;
    %store/vec4 v000001bfd43a6ee0_0, 0, 1;
    %end;
    .thread T_2;
    .scope S_000001bfd434c390;
T_3 ;
    %delay 5, 0;
    %load/vec4 v000001bfd43a7020_0;
    %inv;
    %store/vec4 v000001bfd43a7020_0, 0, 1;
    %jmp T_3;
    .thread T_3;
    .scope S_000001bfd434c390;
T_4 ;
    %delay 10, 0;
    %pushi/vec4 1, 0, 1;
    %store/vec4 v000001bfd43a6ee0_0, 0, 1;
    %pushi/vec4 9, 0, 4;
    %store/vec4 v000001bfd43a7160_0, 0, 4;
    %delay 20, 0;
    %pushi/vec4 1, 0, 4;
    %store/vec4 v000001bfd43a7160_0, 0, 4;
    %delay 20, 0;
    %pushi/vec4 2, 0, 4;
    %store/vec4 v000001bfd43a7160_0, 0, 4;
    %end;
    .thread T_4;
# The file index is used to find the file name in the following table.
:file_names 4;
    "N/A";
    "<interactive>";
    "Controller_tb.v";
    "./Controller.v";
