#! /c/Source/iverilog-install/bin/vvp
:ivl_version "12.0 (devel)" "(s20150603-1110-g18392a46)";
:ivl_delay_selection "TYPICAL";
:vpi_time_precision + 0;
:vpi_module "C:\iverilog\lib\ivl\system.vpi";
:vpi_module "C:\iverilog\lib\ivl\vhdl_sys.vpi";
:vpi_module "C:\iverilog\lib\ivl\vhdl_textio.vpi";
:vpi_module "C:\iverilog\lib\ivl\v2005_math.vpi";
:vpi_module "C:\iverilog\lib\ivl\va_math.vpi";
S_00000158642a3040 .scope module, "counter4b" "counter4b" 2 1;
 .timescale 0 0;
    .port_info 0 /INPUT 1 "clk";
    .port_info 1 /INPUT 1 "rst";
    .port_info 2 /INPUT 1 "en";
    .port_info 3 /OUTPUT 4 "out";
o00000158642d6f98 .functor BUFZ 1, C4<z>; HiZ drive
v00000158642a31d0_0 .net "clk", 0 0, o00000158642d6f98;  0 drivers
o00000158642d6fc8 .functor BUFZ 1, C4<z>; HiZ drive
v00000158642a3270_0 .net "en", 0 0, o00000158642d6fc8;  0 drivers
v00000158642a3310_0 .var "out", 3 0;
o00000158642d7028 .functor BUFZ 1, C4<z>; HiZ drive
v000001586443d180_0 .net "rst", 0 0, o00000158642d7028;  0 drivers
E_00000158644394e0 .event posedge, v00000158642a31d0_0;
    .scope S_00000158642a3040;
T_0 ;
    %wait E_00000158644394e0;
    %load/vec4 v000001586443d180_0;
    %cmpi/e 1, 0, 1;
    %jmp/0xz  T_0.0, 4;
    %pushi/vec4 0, 0, 4;
    %assign/vec4 v00000158642a3310_0, 0;
    %jmp T_0.1;
T_0.0 ;
    %load/vec4 v00000158642a3270_0;
    %cmpi/e 1, 0, 1;
    %jmp/0xz  T_0.2, 4;
    %load/vec4 v00000158642a3310_0;
    %addi 1, 0, 4;
    %assign/vec4 v00000158642a3310_0, 0;
T_0.2 ;
T_0.1 ;
    %jmp T_0;
    .thread T_0;
# The file index is used to find the file name in the following table.
:file_names 3;
    "N/A";
    "<interactive>";
    "Counter.v";
