#! /c/Source/iverilog-install/bin/vvp
:ivl_version "12.0 (devel)" "(s20150603-1110-g18392a46)";
:ivl_delay_selection "TYPICAL";
:vpi_time_precision + 0;
:vpi_module "C:\iverilog\lib\ivl\system.vpi";
:vpi_module "C:\iverilog\lib\ivl\vhdl_sys.vpi";
:vpi_module "C:\iverilog\lib\ivl\vhdl_textio.vpi";
:vpi_module "C:\iverilog\lib\ivl\v2005_math.vpi";
:vpi_module "C:\iverilog\lib\ivl\va_math.vpi";
S_00000266d83a2830 .scope module, "CPU" "CPU" 2 15;
 .timescale 0 0;
    .port_info 0 /INPUT 1 "clk";
    .port_info 1 /INPUT 1 "en";
    .port_info 2 /INPUT 1 "we_IM";
    .port_info 3 /INPUT 16 "codein";
    .port_info 4 /INPUT 12 "immd";
    .port_info 5 /OUTPUT 1 "za";
    .port_info 6 /OUTPUT 1 "zb";
    .port_info 7 /OUTPUT 1 "eq";
    .port_info 8 /OUTPUT 1 "gt";
    .port_info 9 /OUTPUT 1 "lt";
L_00000266d8420098 .functor BUFT 1, C4<0000>, C4<0>, C4<0>, C4<0>;
v00000266d83d6f70_0 .net/2u *"_ivl_4", 3 0, L_00000266d8420098;  1 drivers
v00000266d83d7010_0 .net "addressd", 11 0, v00000266d83a5010_0;  1 drivers
o00000266d83f00b8 .functor BUFZ 1, C4<z>; HiZ drive
v00000266d83d70b0_0 .net "clk", 0 0, o00000266d83f00b8;  0 drivers
o00000266d83f00e8 .functor BUFZ 16, C4<zzzzzzzzzzzzzzzz>; HiZ drive
v00000266d83d7970_0 .net "codein", 15 0, o00000266d83f00e8;  0 drivers
v00000266d83d7470_0 .net "curradd", 11 0, v00000266d83d5140_0;  1 drivers
v00000266d83d7150_0 .net "currdat", 31 0, v00000266d83d44c0_0;  1 drivers
v00000266d83d76f0_0 .net "dataAoutd", 15 0, v00000266d83d49c0_0;  1 drivers
v00000266d83d71f0_0 .net "dataBoutd", 15 0, v00000266d83d5b40_0;  1 drivers
v00000266d83d7790_0 .net "dataCoutd", 31 0, v00000266d83d5820_0;  1 drivers
o00000266d83f0418 .functor BUFZ 1, C4<z>; HiZ drive
v00000266d83d7d30_0 .net "en", 0 0, o00000266d83f0418;  0 drivers
v00000266d83d75b0_0 .var "eq", 0 0;
v00000266d83d7290_0 .net "eqd", 0 0, v00000266d83d6e30_0;  1 drivers
v00000266d83d7510_0 .net "execaddd", 11 0, v00000266d83d5500_0;  1 drivers
v00000266d83d6070_0 .var "gt", 0 0;
v00000266d83d7a10_0 .net "gtd", 0 0, v00000266d83d7c90_0;  1 drivers
o00000266d83f0a18 .functor BUFZ 12, C4<zzzzzzzzzzzz>; HiZ drive
v00000266d83d6390_0 .net "immd", 11 0, o00000266d83f0a18;  0 drivers
v00000266d83d6430_0 .net "incPCd", 0 0, v00000266d83a5ab0_0;  1 drivers
v00000266d83d6570_0 .net "loadAd", 0 0, v00000266d83d4380_0;  1 drivers
v00000266d83d6610_0 .net "loadBd", 0 0, v00000266d83d47e0_0;  1 drivers
v00000266d83d6890_0 .net "loadCd", 0 0, v00000266d83d5be0_0;  1 drivers
v00000266d83d8120_0 .net "loadIRd", 0 0, v00000266d83d4e20_0;  1 drivers
v00000266d83d9b60_0 .net "loadPCd", 0 0, v00000266d83d4100_0;  1 drivers
v00000266d83d8f80_0 .var "lt", 0 0;
v00000266d83d9340_0 .net "ltd", 0 0, v00000266d83d7e70_0;  1 drivers
v00000266d83d9480_0 .net "moded", 0 0, v00000266d83d4ec0_0;  1 drivers
v00000266d83d8b20_0 .net "opcodeD", 3 0, v00000266d83a5510_0;  1 drivers
v00000266d83d9700_0 .net "outALUd", 31 0, v00000266d83d6930_0;  1 drivers
v00000266d83d9020_0 .net "outDMd", 31 0, v00000266d83d4420_0;  1 drivers
v00000266d83d9660_0 .net "outIMd", 15 0, v00000266d83a5650_0;  1 drivers
v00000266d83d9c00_0 .net "selAd", 0 0, v00000266d83d4880_0;  1 drivers
v00000266d83d9ca0_0 .net "selBd", 0 0, v00000266d83d41a0_0;  1 drivers
v00000266d83d9f20_0 .net "we_DMd", 0 0, v00000266d83d50a0_0;  1 drivers
o00000266d83f0148 .functor BUFZ 1, C4<z>; HiZ drive
v00000266d83d97a0_0 .net "we_IM", 0 0, o00000266d83f0148;  0 drivers
v00000266d83d9d40_0 .var "za", 0 0;
v00000266d83d9ac0_0 .net "zad", 0 0, v00000266d83d7330_0;  1 drivers
v00000266d83d9840_0 .var "zb", 0 0;
v00000266d83d98e0_0 .net "zbd", 0 0, v00000266d83d73d0_0;  1 drivers
L_00000266d83d81c0 .part v00000266d83d4420_0, 0, 16;
L_00000266d83d8e40 .part v00000266d83d4420_0, 16, 16;
L_00000266d83d9520 .concat [ 12 4 0 0], o00000266d83f0a18, L_00000266d8420098;
L_00000266d83d8a80 .part v00000266d83a5510_0, 0, 3;
S_00000266d8324640 .scope module, "a1" "instmem" 2 40, 3 1 0, S_00000266d83a2830;
 .timescale 0 0;
    .port_info 0 /INPUT 1 "clk";
    .port_info 1 /INPUT 1 "we_IM";
    .port_info 2 /INPUT 16 "dataIM";
    .port_info 3 /INPUT 12 "addIM";
    .port_info 4 /OUTPUT 16 "outIM";
v00000266d83a53d0_0 .net "addIM", 11 0, v00000266d83d5140_0;  alias, 1 drivers
v00000266d83a4f70_0 .net "clk", 0 0, o00000266d83f00b8;  alias, 0 drivers
v00000266d83a5a10_0 .net "dataIM", 15 0, o00000266d83f00e8;  alias, 0 drivers
v00000266d83a4cf0 .array "mem", 15 0, 15 0;
v00000266d83a5650_0 .var "outIM", 15 0;
v00000266d83a5790_0 .net "we_IM", 0 0, o00000266d83f0148;  alias, 0 drivers
E_00000266d839a8b0 .event posedge, v00000266d83a4f70_0;
S_00000266d8349510 .scope module, "a2" "insReg" 2 41, 4 1 0, S_00000266d83a2830;
 .timescale 0 0;
    .port_info 0 /INPUT 1 "clk";
    .port_info 1 /INPUT 1 "loadIR";
    .port_info 2 /INPUT 16 "insin";
    .port_info 3 /OUTPUT 12 "address";
    .port_info 4 /OUTPUT 4 "opcode";
v00000266d83a5010_0 .var "address", 11 0;
v00000266d83a5150_0 .net "clk", 0 0, o00000266d83f00b8;  alias, 0 drivers
v00000266d83a5470_0 .net "insin", 15 0, v00000266d83a5650_0;  alias, 1 drivers
v00000266d83a5970_0 .net "loadIR", 0 0, v00000266d83d4e20_0;  alias, 1 drivers
v00000266d83a5510_0 .var "opcode", 3 0;
v00000266d83a55b0_0 .var "temp", 15 0;
S_00000266d83496a0 .scope module, "a3" "controller" 2 42, 5 1 0, S_00000266d83a2830;
 .timescale 0 0;
    .port_info 0 /INPUT 1 "clk";
    .port_info 1 /INPUT 1 "en";
    .port_info 2 /INPUT 4 "opcode";
    .port_info 3 /OUTPUT 1 "loadA";
    .port_info 4 /OUTPUT 1 "loadB";
    .port_info 5 /OUTPUT 1 "loadC";
    .port_info 6 /OUTPUT 1 "loadIR";
    .port_info 7 /OUTPUT 1 "loadPC";
    .port_info 8 /OUTPUT 1 "incPC";
    .port_info 9 /OUTPUT 1 "mode";
    .port_info 10 /OUTPUT 1 "we_DM";
    .port_info 11 /OUTPUT 1 "selA";
    .port_info 12 /OUTPUT 1 "selB";
P_00000266d834c290 .param/l "execute" 0 5 32, C4<100>;
P_00000266d834c2c8 .param/l "load" 0 5 32, C4<010>;
P_00000266d834c300 .param/l "reset" 0 5 32, C4<000>;
v00000266d83a56f0_0 .net "clk", 0 0, o00000266d83f00b8;  alias, 0 drivers
v00000266d83a5830_0 .net "en", 0 0, o00000266d83f0418;  alias, 0 drivers
v00000266d83a5ab0_0 .var "incPC", 0 0;
v00000266d83d4380_0 .var "loadA", 0 0;
v00000266d83d47e0_0 .var "loadB", 0 0;
v00000266d83d5be0_0 .var "loadC", 0 0;
v00000266d83d4e20_0 .var "loadIR", 0 0;
v00000266d83d4100_0 .var "loadPC", 0 0;
v00000266d83d4ec0_0 .var "mode", 0 0;
v00000266d83d4d80_0 .var "next_state", 2 0;
v00000266d83d4f60_0 .net "opcode", 3 0, v00000266d83a5510_0;  alias, 1 drivers
v00000266d83d4880_0 .var "selA", 0 0;
v00000266d83d41a0_0 .var "selB", 0 0;
v00000266d83d4a60_0 .var "state", 2 0;
v00000266d83d50a0_0 .var "we_DM", 0 0;
E_00000266d839a130 .event anyedge, v00000266d83a5830_0, v00000266d83d4a60_0, v00000266d83a5510_0;
S_00000266d8349830 .scope module, "a4" "PC" 2 43, 6 1 0, S_00000266d83a2830;
 .timescale 0 0;
    .port_info 0 /INPUT 1 "clk";
    .port_info 1 /INPUT 1 "loadPC";
    .port_info 2 /INPUT 1 "incPC";
    .port_info 3 /INPUT 12 "address";
    .port_info 4 /OUTPUT 12 "execadd";
v00000266d83d5d20_0 .net "address", 11 0, v00000266d83a5010_0;  alias, 1 drivers
v00000266d83d5640_0 .net "clk", 0 0, o00000266d83f00b8;  alias, 0 drivers
v00000266d83d5500_0 .var "execadd", 11 0;
v00000266d83d4920_0 .net "incPC", 0 0, v00000266d83a5ab0_0;  alias, 1 drivers
v00000266d83d5960_0 .net "loadPC", 0 0, v00000266d83d4100_0;  alias, 1 drivers
v00000266d83d58c0_0 .var "temp", 11 0;
S_00000266d8347fa0 .scope module, "a5" "muxB" 2 44, 7 1 0, S_00000266d83a2830;
 .timescale 0 0;
    .port_info 0 /INPUT 1 "clk";
    .port_info 1 /INPUT 12 "in1";
    .port_info 2 /INPUT 12 "in2";
    .port_info 3 /INPUT 1 "sel";
    .port_info 4 /OUTPUT 12 "outB";
v00000266d83d5a00_0 .net "clk", 0 0, o00000266d83f00b8;  alias, 0 drivers
v00000266d83d5320_0 .net "in1", 11 0, v00000266d83d5500_0;  alias, 1 drivers
v00000266d83d4b00_0 .net "in2", 11 0, o00000266d83f0a18;  alias, 0 drivers
v00000266d83d5140_0 .var "outB", 11 0;
v00000266d83d5c80_0 .net "sel", 0 0, v00000266d83d41a0_0;  alias, 1 drivers
S_00000266d8348130 .scope module, "a6" "regA" 2 45, 8 1 0, S_00000266d83a2830;
 .timescale 0 0;
    .port_info 0 /INPUT 1 "clk";
    .port_info 1 /INPUT 1 "loadA";
    .port_info 2 /INPUT 16 "dataAin";
    .port_info 3 /OUTPUT 16 "dataAout";
v00000266d83d55a0_0 .net "clk", 0 0, o00000266d83f00b8;  alias, 0 drivers
v00000266d83d5dc0_0 .net "dataAin", 15 0, L_00000266d83d81c0;  1 drivers
v00000266d83d49c0_0 .var "dataAout", 15 0;
v00000266d83d51e0_0 .net "loadA", 0 0, v00000266d83d4380_0;  alias, 1 drivers
v00000266d83d4c40_0 .var "tempA", 15 0;
S_00000266d83482c0 .scope module, "a7" "regB" 2 46, 9 1 0, S_00000266d83a2830;
 .timescale 0 0;
    .port_info 0 /INPUT 1 "clk";
    .port_info 1 /INPUT 1 "loadB";
    .port_info 2 /INPUT 16 "dataBin";
    .port_info 3 /OUTPUT 16 "dataBout";
v00000266d83d5000_0 .net "clk", 0 0, o00000266d83f00b8;  alias, 0 drivers
v00000266d83d46a0_0 .net "dataBin", 15 0, L_00000266d83d8e40;  1 drivers
v00000266d83d5b40_0 .var "dataBout", 15 0;
v00000266d83d5e60_0 .net "loadB", 0 0, v00000266d83d47e0_0;  alias, 1 drivers
v00000266d83d5780_0 .var "tempB", 15 0;
S_00000266d833fa10 .scope module, "a8" "regC" 2 47, 10 1 0, S_00000266d83a2830;
 .timescale 0 0;
    .port_info 0 /INPUT 1 "clk";
    .port_info 1 /INPUT 1 "loadC";
    .port_info 2 /INPUT 32 "dataCin";
    .port_info 3 /OUTPUT 32 "dataCout";
v00000266d83d5aa0_0 .net "clk", 0 0, o00000266d83f00b8;  alias, 0 drivers
v00000266d83d5280_0 .net "dataCin", 31 0, v00000266d83d44c0_0;  alias, 1 drivers
v00000266d83d5820_0 .var "dataCout", 31 0;
v00000266d83d53c0_0 .net "loadC", 0 0, v00000266d83d5be0_0;  alias, 1 drivers
v00000266d83d4740_0 .var "tempC", 31 0;
S_00000266d833fba0 .scope module, "a9" "datamem" 2 48, 11 1 0, S_00000266d83a2830;
 .timescale 0 0;
    .port_info 0 /INPUT 1 "clk";
    .port_info 1 /INPUT 1 "we_DM";
    .port_info 2 /INPUT 32 "dataDM";
    .port_info 3 /INPUT 12 "addDM";
    .port_info 4 /OUTPUT 32 "outDM";
v00000266d83d5460_0 .net "addDM", 11 0, v00000266d83a5010_0;  alias, 1 drivers
v00000266d83d56e0_0 .net "clk", 0 0, o00000266d83f00b8;  alias, 0 drivers
v00000266d83d5f00_0 .net "dataDM", 31 0, v00000266d83d5820_0;  alias, 1 drivers
v00000266d83d4060 .array "mem", 31 0, 31 0;
v00000266d83d4420_0 .var "outDM", 31 0;
v00000266d83d4ce0_0 .net "we_DM", 0 0, v00000266d83d50a0_0;  alias, 1 drivers
S_00000266d833fd30 .scope module, "b1" "muxA" 2 49, 12 1 0, S_00000266d83a2830;
 .timescale 0 0;
    .port_info 0 /INPUT 1 "clk";
    .port_info 1 /INPUT 32 "in1";
    .port_info 2 /INPUT 16 "in2";
    .port_info 3 /INPUT 1 "sel";
    .port_info 4 /OUTPUT 32 "outA";
v00000266d83d4ba0_0 .net "clk", 0 0, o00000266d83f00b8;  alias, 0 drivers
v00000266d83d4560_0 .net "in1", 31 0, v00000266d83d6930_0;  alias, 1 drivers
v00000266d83d4240_0 .net "in2", 15 0, L_00000266d83d9520;  1 drivers
v00000266d83d44c0_0 .var "outA", 31 0;
v00000266d83d42e0_0 .net "sel", 0 0, v00000266d83d4880_0;  alias, 1 drivers
S_00000266d833c090 .scope module, "b2" "ALU" 2 50, 13 4 0, S_00000266d83a2830;
 .timescale 0 0;
    .port_info 0 /INPUT 16 "a";
    .port_info 1 /INPUT 16 "b";
    .port_info 2 /INPUT 3 "opcode";
    .port_info 3 /INPUT 1 "mode";
    .port_info 4 /OUTPUT 32 "outALU";
    .port_info 5 /OUTPUT 1 "za";
    .port_info 6 /OUTPUT 1 "zb";
    .port_info 7 /OUTPUT 1 "eq";
    .port_info 8 /OUTPUT 1 "gt";
    .port_info 9 /OUTPUT 1 "lt";
v00000266d83d7ab0_0 .net "a", 15 0, v00000266d83d49c0_0;  alias, 1 drivers
v00000266d83d69d0_0 .net "b", 15 0, v00000266d83d5b40_0;  alias, 1 drivers
v00000266d83d6e30_0 .var "eq", 0 0;
v00000266d83d7c90_0 .var "gt", 0 0;
v00000266d83d7e70_0 .var "lt", 0 0;
v00000266d83d6a70_0 .net "mode", 0 0, v00000266d83d4ec0_0;  alias, 1 drivers
v00000266d83d62f0_0 .net "opcode", 2 0, L_00000266d83d8a80;  1 drivers
v00000266d83d6930_0 .var "outALU", 31 0;
v00000266d83d7dd0_0 .net "outau", 31 0, v00000266d83d78d0_0;  1 drivers
v00000266d83d67f0_0 .net "outlu", 31 0, v00000266d83d6110_0;  1 drivers
v00000266d83d6ed0_0 .net "teq", 0 0, v00000266d83d7f10_0;  1 drivers
v00000266d83d7830_0 .net "tgt", 0 0, v00000266d83d7b50_0;  1 drivers
v00000266d83d7bf0_0 .net "tlt", 0 0, v00000266d83d66b0_0;  1 drivers
v00000266d83d7650_0 .net "tza", 0 0, v00000266d83d6b10_0;  1 drivers
v00000266d83d61b0_0 .net "tzb", 0 0, v00000266d83d6750_0;  1 drivers
v00000266d83d7330_0 .var "za", 0 0;
v00000266d83d73d0_0 .var "zb", 0 0;
E_00000266d839acb0 .event anyedge, v00000266d83d6250_0, v00000266d83d4ec0_0, v00000266d83d5b40_0, v00000266d83d49c0_0;
S_00000266d833c2d0 .scope module, "a1" "arith" 13 21, 14 1 0, S_00000266d833c090;
 .timescale 0 0;
    .port_info 0 /INPUT 16 "a";
    .port_info 1 /INPUT 16 "b";
    .port_info 2 /INPUT 3 "opcode";
    .port_info 3 /OUTPUT 32 "outau";
v00000266d83d4600_0 .net "a", 15 0, v00000266d83d49c0_0;  alias, 1 drivers
v00000266d83d6bb0_0 .net "b", 15 0, v00000266d83d5b40_0;  alias, 1 drivers
v00000266d83d6250_0 .net "opcode", 2 0, L_00000266d83d8a80;  alias, 1 drivers
v00000266d83d78d0_0 .var "outau", 31 0;
E_00000266d839b0f0 .event anyedge, v00000266d83d6250_0, v00000266d83d5b40_0, v00000266d83d49c0_0;
S_00000266d83536e0 .scope module, "l1" "logic_unit" 13 22, 15 1 0, S_00000266d833c090;
 .timescale 0 0;
    .port_info 0 /INPUT 16 "a";
    .port_info 1 /INPUT 16 "b";
    .port_info 2 /INPUT 3 "opcode";
    .port_info 3 /OUTPUT 32 "outlu";
    .port_info 4 /OUTPUT 1 "za";
    .port_info 5 /OUTPUT 1 "zb";
    .port_info 6 /OUTPUT 1 "eq";
    .port_info 7 /OUTPUT 1 "gt";
    .port_info 8 /OUTPUT 1 "lt";
v00000266d83d6cf0_0 .net "a", 15 0, v00000266d83d49c0_0;  alias, 1 drivers
v00000266d83d64d0_0 .net "b", 15 0, v00000266d83d5b40_0;  alias, 1 drivers
v00000266d83d7f10_0 .var "eq", 0 0;
v00000266d83d7b50_0 .var "gt", 0 0;
v00000266d83d66b0_0 .var "lt", 0 0;
v00000266d83d6d90_0 .net "opcode", 2 0, L_00000266d83d8a80;  alias, 1 drivers
v00000266d83d6110_0 .var "outlu", 31 0;
v00000266d83d6b10_0 .var "za", 0 0;
v00000266d83d6750_0 .var "zb", 0 0;
E_00000266d839aeb0 .event anyedge, v00000266d83d5b40_0, v00000266d83d49c0_0;
    .scope S_00000266d8324640;
T_0 ;
    %wait E_00000266d839a8b0;
    %load/vec4 v00000266d83a5790_0;
    %pad/u 32;
    %cmpi/e 1, 0, 32;
    %jmp/0xz  T_0.0, 4;
    %load/vec4 v00000266d83a5a10_0;
    %ix/getv 4, v00000266d83a53d0_0;
    %store/vec4a v00000266d83a4cf0, 4, 0;
    %jmp T_0.1;
T_0.0 ;
    %load/vec4 v00000266d83a5790_0;
    %pad/u 32;
    %cmpi/e 0, 0, 32;
    %jmp/0xz  T_0.2, 4;
    %ix/getv 4, v00000266d83a53d0_0;
    %load/vec4a v00000266d83a4cf0, 4;
    %store/vec4 v00000266d83a5650_0, 0, 16;
T_0.2 ;
T_0.1 ;
    %jmp T_0;
    .thread T_0;
    .scope S_00000266d8349510;
T_1 ;
    %wait E_00000266d839a8b0;
    %load/vec4 v00000266d83a5970_0;
    %pad/u 32;
    %cmpi/e 1, 0, 32;
    %jmp/0xz  T_1.0, 4;
    %load/vec4 v00000266d83a5470_0;
    %assign/vec4 v00000266d83a55b0_0, 0;
T_1.0 ;
    %load/vec4 v00000266d83a55b0_0;
    %parti/s 12, 0, 2;
    %assign/vec4 v00000266d83a5010_0, 0;
    %load/vec4 v00000266d83a55b0_0;
    %parti/s 4, 12, 5;
    %assign/vec4 v00000266d83a5510_0, 0;
    %jmp T_1;
    .thread T_1;
    .scope S_00000266d83496a0;
T_2 ;
    %wait E_00000266d839a8b0;
    %load/vec4 v00000266d83a5830_0;
    %pad/u 32;
    %cmpi/e 0, 0, 32;
    %jmp/0xz  T_2.0, 4;
    %pushi/vec4 0, 0, 3;
    %store/vec4 v00000266d83d4a60_0, 0, 3;
    %jmp T_2.1;
T_2.0 ;
    %load/vec4 v00000266d83a5830_0;
    %pad/u 32;
    %cmpi/e 1, 0, 32;
    %jmp/0xz  T_2.2, 4;
    %load/vec4 v00000266d83d4d80_0;
    %store/vec4 v00000266d83d4a60_0, 0, 3;
T_2.2 ;
T_2.1 ;
    %jmp T_2;
    .thread T_2;
    .scope S_00000266d83496a0;
T_3 ;
    %wait E_00000266d839a130;
    %load/vec4 v00000266d83a5830_0;
    %pad/u 32;
    %cmpi/e 0, 0, 32;
    %jmp/0xz  T_3.0, 4;
    %pushi/vec4 0, 0, 1;
    %store/vec4 v00000266d83d4380_0, 0, 1;
    %pushi/vec4 0, 0, 1;
    %store/vec4 v00000266d83d47e0_0, 0, 1;
    %pushi/vec4 0, 0, 1;
    %store/vec4 v00000266d83d5be0_0, 0, 1;
    %pushi/vec4 0, 0, 1;
    %store/vec4 v00000266d83d4e20_0, 0, 1;
    %pushi/vec4 0, 0, 1;
    %store/vec4 v00000266d83d4100_0, 0, 1;
    %pushi/vec4 0, 0, 1;
    %store/vec4 v00000266d83a5ab0_0, 0, 1;
    %pushi/vec4 0, 1, 1;
    %store/vec4 v00000266d83d4ec0_0, 0, 1;
    %pushi/vec4 0, 0, 1;
    %store/vec4 v00000266d83d50a0_0, 0, 1;
    %pushi/vec4 0, 0, 1;
    %store/vec4 v00000266d83d4880_0, 0, 1;
    %pushi/vec4 0, 0, 1;
    %store/vec4 v00000266d83d41a0_0, 0, 1;
    %pushi/vec4 0, 0, 3;
    %store/vec4 v00000266d83d4d80_0, 0, 3;
    %jmp T_3.1;
T_3.0 ;
    %load/vec4 v00000266d83d4a60_0;
    %dup/vec4;
    %pushi/vec4 0, 0, 3;
    %cmp/u;
    %jmp/1 T_3.2, 6;
    %dup/vec4;
    %pushi/vec4 2, 0, 3;
    %cmp/u;
    %jmp/1 T_3.3, 6;
    %dup/vec4;
    %pushi/vec4 4, 0, 3;
    %cmp/u;
    %jmp/1 T_3.4, 6;
    %pushi/vec4 0, 0, 1;
    %store/vec4 v00000266d83d4380_0, 0, 1;
    %pushi/vec4 0, 0, 1;
    %store/vec4 v00000266d83d47e0_0, 0, 1;
    %pushi/vec4 0, 0, 1;
    %store/vec4 v00000266d83d5be0_0, 0, 1;
    %pushi/vec4 1, 0, 1;
    %store/vec4 v00000266d83d4e20_0, 0, 1;
    %pushi/vec4 0, 1, 1;
    %store/vec4 v00000266d83d4ec0_0, 0, 1;
    %pushi/vec4 0, 0, 1;
    %store/vec4 v00000266d83d50a0_0, 0, 1;
    %pushi/vec4 0, 0, 1;
    %store/vec4 v00000266d83d4880_0, 0, 1;
    %pushi/vec4 0, 0, 1;
    %store/vec4 v00000266d83d41a0_0, 0, 1;
    %pushi/vec4 0, 0, 3;
    %store/vec4 v00000266d83d4d80_0, 0, 3;
    %jmp T_3.6;
T_3.2 ;
    %pushi/vec4 0, 0, 1;
    %store/vec4 v00000266d83d4380_0, 0, 1;
    %pushi/vec4 0, 0, 1;
    %store/vec4 v00000266d83d47e0_0, 0, 1;
    %pushi/vec4 0, 0, 1;
    %store/vec4 v00000266d83d5be0_0, 0, 1;
    %pushi/vec4 0, 0, 1;
    %store/vec4 v00000266d83d4e20_0, 0, 1;
    %pushi/vec4 0, 0, 1;
    %store/vec4 v00000266d83d4100_0, 0, 1;
    %pushi/vec4 0, 0, 1;
    %store/vec4 v00000266d83a5ab0_0, 0, 1;
    %pushi/vec4 0, 1, 1;
    %store/vec4 v00000266d83d4ec0_0, 0, 1;
    %pushi/vec4 0, 0, 1;
    %store/vec4 v00000266d83d50a0_0, 0, 1;
    %pushi/vec4 0, 0, 1;
    %store/vec4 v00000266d83d4880_0, 0, 1;
    %pushi/vec4 0, 0, 1;
    %store/vec4 v00000266d83d41a0_0, 0, 1;
    %pushi/vec4 2, 0, 3;
    %store/vec4 v00000266d83d4d80_0, 0, 3;
    %jmp T_3.6;
T_3.3 ;
    %pushi/vec4 0, 0, 1;
    %store/vec4 v00000266d83d4380_0, 0, 1;
    %pushi/vec4 0, 0, 1;
    %store/vec4 v00000266d83d47e0_0, 0, 1;
    %pushi/vec4 0, 0, 1;
    %store/vec4 v00000266d83d5be0_0, 0, 1;
    %pushi/vec4 1, 0, 1;
    %store/vec4 v00000266d83d4e20_0, 0, 1;
    %pushi/vec4 1, 0, 1;
    %store/vec4 v00000266d83d4100_0, 0, 1;
    %pushi/vec4 0, 0, 1;
    %store/vec4 v00000266d83a5ab0_0, 0, 1;
    %pushi/vec4 0, 1, 1;
    %store/vec4 v00000266d83d4ec0_0, 0, 1;
    %pushi/vec4 0, 0, 1;
    %store/vec4 v00000266d83d50a0_0, 0, 1;
    %pushi/vec4 0, 0, 1;
    %store/vec4 v00000266d83d4880_0, 0, 1;
    %pushi/vec4 0, 0, 1;
    %store/vec4 v00000266d83d41a0_0, 0, 1;
    %pushi/vec4 4, 0, 3;
    %store/vec4 v00000266d83d4d80_0, 0, 3;
    %jmp T_3.6;
T_3.4 ;
    %load/vec4 v00000266d83d4f60_0;
    %pad/u 11;
    %dup/vec4;
    %pushi/vec4 0, 0, 11;
    %cmp/u;
    %jmp/1 T_3.7, 6;
    %dup/vec4;
    %pushi/vec4 1, 0, 11;
    %cmp/u;
    %jmp/1 T_3.8, 6;
    %dup/vec4;
    %pushi/vec4 10, 0, 11;
    %cmp/u;
    %jmp/1 T_3.9, 6;
    %dup/vec4;
    %pushi/vec4 11, 0, 11;
    %cmp/u;
    %jmp/1 T_3.10, 6;
    %dup/vec4;
    %pushi/vec4 100, 0, 11;
    %cmp/u;
    %jmp/1 T_3.11, 6;
    %dup/vec4;
    %pushi/vec4 101, 0, 11;
    %cmp/u;
    %jmp/1 T_3.12, 6;
    %dup/vec4;
    %pushi/vec4 110, 0, 11;
    %cmp/u;
    %jmp/1 T_3.13, 6;
    %dup/vec4;
    %pushi/vec4 111, 0, 11;
    %cmp/u;
    %jmp/1 T_3.14, 6;
    %dup/vec4;
    %pushi/vec4 1000, 0, 11;
    %cmp/u;
    %jmp/1 T_3.15, 6;
    %dup/vec4;
    %pushi/vec4 1001, 0, 11;
    %cmp/u;
    %jmp/1 T_3.16, 6;
    %dup/vec4;
    %pushi/vec4 1010, 0, 11;
    %cmp/u;
    %jmp/1 T_3.17, 6;
    %dup/vec4;
    %pushi/vec4 1011, 0, 11;
    %cmp/u;
    %jmp/1 T_3.18, 6;
    %dup/vec4;
    %pushi/vec4 1100, 0, 11;
    %cmp/u;
    %jmp/1 T_3.19, 6;
    %dup/vec4;
    %pushi/vec4 1101, 0, 11;
    %cmp/u;
    %jmp/1 T_3.20, 6;
    %dup/vec4;
    %pushi/vec4 1110, 0, 11;
    %cmp/u;
    %jmp/1 T_3.21, 6;
    %dup/vec4;
    %pushi/vec4 15, 0, 11;
    %cmp/u;
    %jmp/1 T_3.22, 6;
    %pushi/vec4 0, 0, 1;
    %store/vec4 v00000266d83d4380_0, 0, 1;
    %pushi/vec4 0, 0, 1;
    %store/vec4 v00000266d83d47e0_0, 0, 1;
    %pushi/vec4 0, 0, 1;
    %store/vec4 v00000266d83d5be0_0, 0, 1;
    %pushi/vec4 1, 0, 1;
    %store/vec4 v00000266d83d4e20_0, 0, 1;
    %pushi/vec4 0, 1, 1;
    %store/vec4 v00000266d83d4ec0_0, 0, 1;
    %pushi/vec4 0, 0, 1;
    %store/vec4 v00000266d83d50a0_0, 0, 1;
    %pushi/vec4 0, 0, 1;
    %store/vec4 v00000266d83d4880_0, 0, 1;
    %pushi/vec4 0, 0, 1;
    %store/vec4 v00000266d83d41a0_0, 0, 1;
    %jmp T_3.24;
T_3.7 ;
    %pushi/vec4 0, 0, 1;
    %store/vec4 v00000266d83d4380_0, 0, 1;
    %pushi/vec4 0, 0, 1;
    %store/vec4 v00000266d83d47e0_0, 0, 1;
    %pushi/vec4 0, 0, 1;
    %store/vec4 v00000266d83d5be0_0, 0, 1;
    %pushi/vec4 0, 0, 1;
    %store/vec4 v00000266d83d4e20_0, 0, 1;
    %pushi/vec4 0, 0, 1;
    %store/vec4 v00000266d83d4100_0, 0, 1;
    %pushi/vec4 1, 0, 1;
    %store/vec4 v00000266d83a5ab0_0, 0, 1;
    %pushi/vec4 0, 0, 1;
    %store/vec4 v00000266d83d4ec0_0, 0, 1;
    %pushi/vec4 1, 0, 1;
    %store/vec4 v00000266d83d50a0_0, 0, 1;
    %delay 5, 0;
    %pushi/vec4 0, 0, 1;
    %store/vec4 v00000266d83d50a0_0, 0, 1;
    %pushi/vec4 0, 0, 1;
    %store/vec4 v00000266d83d4880_0, 0, 1;
    %pushi/vec4 0, 0, 1;
    %store/vec4 v00000266d83d41a0_0, 0, 1;
    %jmp T_3.24;
T_3.8 ;
    %pushi/vec4 0, 0, 1;
    %store/vec4 v00000266d83d4380_0, 0, 1;
    %pushi/vec4 0, 0, 1;
    %store/vec4 v00000266d83d47e0_0, 0, 1;
    %pushi/vec4 0, 0, 1;
    %store/vec4 v00000266d83d5be0_0, 0, 1;
    %pushi/vec4 0, 0, 1;
    %store/vec4 v00000266d83d4e20_0, 0, 1;
    %pushi/vec4 0, 0, 1;
    %store/vec4 v00000266d83d4100_0, 0, 1;
    %pushi/vec4 1, 0, 1;
    %store/vec4 v00000266d83a5ab0_0, 0, 1;
    %pushi/vec4 0, 0, 1;
    %store/vec4 v00000266d83d4ec0_0, 0, 1;
    %pushi/vec4 1, 0, 1;
    %store/vec4 v00000266d83d50a0_0, 0, 1;
    %delay 5, 0;
    %pushi/vec4 0, 0, 1;
    %store/vec4 v00000266d83d50a0_0, 0, 1;
    %pushi/vec4 0, 0, 1;
    %store/vec4 v00000266d83d4880_0, 0, 1;
    %pushi/vec4 0, 0, 1;
    %store/vec4 v00000266d83d41a0_0, 0, 1;
    %jmp T_3.24;
T_3.9 ;
    %pushi/vec4 0, 0, 1;
    %store/vec4 v00000266d83d4380_0, 0, 1;
    %pushi/vec4 0, 0, 1;
    %store/vec4 v00000266d83d47e0_0, 0, 1;
    %pushi/vec4 0, 0, 1;
    %store/vec4 v00000266d83d5be0_0, 0, 1;
    %pushi/vec4 0, 0, 1;
    %store/vec4 v00000266d83d4e20_0, 0, 1;
    %pushi/vec4 0, 0, 1;
    %store/vec4 v00000266d83d4100_0, 0, 1;
    %pushi/vec4 1, 0, 1;
    %store/vec4 v00000266d83a5ab0_0, 0, 1;
    %pushi/vec4 0, 0, 1;
    %store/vec4 v00000266d83d4ec0_0, 0, 1;
    %pushi/vec4 1, 0, 1;
    %store/vec4 v00000266d83d50a0_0, 0, 1;
    %delay 5, 0;
    %pushi/vec4 0, 0, 1;
    %store/vec4 v00000266d83d50a0_0, 0, 1;
    %pushi/vec4 0, 0, 1;
    %store/vec4 v00000266d83d4880_0, 0, 1;
    %pushi/vec4 0, 0, 1;
    %store/vec4 v00000266d83d41a0_0, 0, 1;
    %jmp T_3.24;
T_3.10 ;
    %pushi/vec4 0, 0, 1;
    %store/vec4 v00000266d83d4380_0, 0, 1;
    %pushi/vec4 0, 0, 1;
    %store/vec4 v00000266d83d47e0_0, 0, 1;
    %pushi/vec4 0, 0, 1;
    %store/vec4 v00000266d83d5be0_0, 0, 1;
    %pushi/vec4 0, 0, 1;
    %store/vec4 v00000266d83d4e20_0, 0, 1;
    %pushi/vec4 0, 0, 1;
    %store/vec4 v00000266d83d4100_0, 0, 1;
    %pushi/vec4 1, 0, 1;
    %store/vec4 v00000266d83a5ab0_0, 0, 1;
    %pushi/vec4 0, 0, 1;
    %store/vec4 v00000266d83d4ec0_0, 0, 1;
    %pushi/vec4 1, 0, 1;
    %store/vec4 v00000266d83d50a0_0, 0, 1;
    %delay 5, 0;
    %pushi/vec4 0, 0, 1;
    %store/vec4 v00000266d83d50a0_0, 0, 1;
    %pushi/vec4 0, 0, 1;
    %store/vec4 v00000266d83d4880_0, 0, 1;
    %pushi/vec4 0, 0, 1;
    %store/vec4 v00000266d83d41a0_0, 0, 1;
    %jmp T_3.24;
T_3.11 ;
    %pushi/vec4 1, 0, 1;
    %store/vec4 v00000266d83d4380_0, 0, 1;
    %pushi/vec4 0, 0, 1;
    %store/vec4 v00000266d83d47e0_0, 0, 1;
    %pushi/vec4 0, 0, 1;
    %store/vec4 v00000266d83d5be0_0, 0, 1;
    %pushi/vec4 0, 0, 1;
    %store/vec4 v00000266d83d4e20_0, 0, 1;
    %pushi/vec4 0, 0, 1;
    %store/vec4 v00000266d83d4100_0, 0, 1;
    %pushi/vec4 1, 0, 1;
    %store/vec4 v00000266d83a5ab0_0, 0, 1;
    %pushi/vec4 0, 1, 1;
    %store/vec4 v00000266d83d4ec0_0, 0, 1;
    %pushi/vec4 1, 0, 1;
    %store/vec4 v00000266d83d50a0_0, 0, 1;
    %delay 5, 0;
    %pushi/vec4 0, 0, 1;
    %store/vec4 v00000266d83d50a0_0, 0, 1;
    %pushi/vec4 0, 0, 1;
    %store/vec4 v00000266d83d4880_0, 0, 1;
    %pushi/vec4 0, 0, 1;
    %store/vec4 v00000266d83d41a0_0, 0, 1;
    %jmp T_3.24;
T_3.12 ;
    %pushi/vec4 0, 0, 1;
    %store/vec4 v00000266d83d4380_0, 0, 1;
    %pushi/vec4 1, 0, 1;
    %store/vec4 v00000266d83d47e0_0, 0, 1;
    %pushi/vec4 0, 0, 1;
    %store/vec4 v00000266d83d5be0_0, 0, 1;
    %pushi/vec4 0, 0, 1;
    %store/vec4 v00000266d83d4e20_0, 0, 1;
    %pushi/vec4 0, 0, 1;
    %store/vec4 v00000266d83d4100_0, 0, 1;
    %pushi/vec4 1, 0, 1;
    %store/vec4 v00000266d83a5ab0_0, 0, 1;
    %pushi/vec4 0, 1, 1;
    %store/vec4 v00000266d83d4ec0_0, 0, 1;
    %pushi/vec4 1, 0, 1;
    %store/vec4 v00000266d83d50a0_0, 0, 1;
    %delay 5, 0;
    %pushi/vec4 0, 0, 1;
    %store/vec4 v00000266d83d50a0_0, 0, 1;
    %pushi/vec4 0, 0, 1;
    %store/vec4 v00000266d83d4880_0, 0, 1;
    %pushi/vec4 0, 0, 1;
    %store/vec4 v00000266d83d41a0_0, 0, 1;
    %jmp T_3.24;
T_3.13 ;
    %pushi/vec4 0, 0, 1;
    %store/vec4 v00000266d83d4380_0, 0, 1;
    %pushi/vec4 0, 0, 1;
    %store/vec4 v00000266d83d47e0_0, 0, 1;
    %pushi/vec4 1, 0, 1;
    %store/vec4 v00000266d83d5be0_0, 0, 1;
    %pushi/vec4 0, 0, 1;
    %store/vec4 v00000266d83d4e20_0, 0, 1;
    %pushi/vec4 0, 0, 1;
    %store/vec4 v00000266d83d4100_0, 0, 1;
    %pushi/vec4 1, 0, 1;
    %store/vec4 v00000266d83a5ab0_0, 0, 1;
    %pushi/vec4 0, 0, 1;
    %store/vec4 v00000266d83d4ec0_0, 0, 1;
    %pushi/vec4 1, 0, 1;
    %store/vec4 v00000266d83d50a0_0, 0, 1;
    %delay 5, 0;
    %pushi/vec4 0, 0, 1;
    %store/vec4 v00000266d83d50a0_0, 0, 1;
    %pushi/vec4 0, 0, 1;
    %store/vec4 v00000266d83d4880_0, 0, 1;
    %pushi/vec4 0, 0, 1;
    %store/vec4 v00000266d83d41a0_0, 0, 1;
    %jmp T_3.24;
T_3.14 ;
    %pushi/vec4 0, 0, 1;
    %store/vec4 v00000266d83d4380_0, 0, 1;
    %pushi/vec4 0, 0, 1;
    %store/vec4 v00000266d83d47e0_0, 0, 1;
    %pushi/vec4 0, 0, 1;
    %store/vec4 v00000266d83d5be0_0, 0, 1;
    %pushi/vec4 0, 0, 1;
    %store/vec4 v00000266d83d4e20_0, 0, 1;
    %pushi/vec4 1, 0, 1;
    %store/vec4 v00000266d83d4100_0, 0, 1;
    %pushi/vec4 1, 0, 1;
    %store/vec4 v00000266d83a5ab0_0, 0, 1;
    %pushi/vec4 0, 0, 1;
    %store/vec4 v00000266d83d4ec0_0, 0, 1;
    %pushi/vec4 1, 0, 1;
    %store/vec4 v00000266d83d50a0_0, 0, 1;
    %pushi/vec4 1, 0, 1;
    %store/vec4 v00000266d83d4880_0, 0, 1;
    %pushi/vec4 1, 0, 1;
    %store/vec4 v00000266d83d41a0_0, 0, 1;
    %jmp T_3.24;
T_3.15 ;
    %pushi/vec4 0, 0, 1;
    %store/vec4 v00000266d83d4380_0, 0, 1;
    %pushi/vec4 0, 0, 1;
    %store/vec4 v00000266d83d47e0_0, 0, 1;
    %pushi/vec4 0, 0, 1;
    %store/vec4 v00000266d83d5be0_0, 0, 1;
    %pushi/vec4 0, 0, 1;
    %store/vec4 v00000266d83d4e20_0, 0, 1;
    %pushi/vec4 0, 0, 1;
    %store/vec4 v00000266d83d4100_0, 0, 1;
    %pushi/vec4 1, 0, 1;
    %store/vec4 v00000266d83a5ab0_0, 0, 1;
    %pushi/vec4 1, 0, 1;
    %store/vec4 v00000266d83d4ec0_0, 0, 1;
    %pushi/vec4 1, 0, 1;
    %store/vec4 v00000266d83d50a0_0, 0, 1;
    %delay 5, 0;
    %pushi/vec4 0, 0, 1;
    %store/vec4 v00000266d83d50a0_0, 0, 1;
    %pushi/vec4 0, 0, 1;
    %store/vec4 v00000266d83d4880_0, 0, 1;
    %pushi/vec4 0, 0, 1;
    %store/vec4 v00000266d83d41a0_0, 0, 1;
    %jmp T_3.24;
T_3.16 ;
    %pushi/vec4 0, 0, 1;
    %store/vec4 v00000266d83d4380_0, 0, 1;
    %pushi/vec4 0, 0, 1;
    %store/vec4 v00000266d83d47e0_0, 0, 1;
    %pushi/vec4 0, 0, 1;
    %store/vec4 v00000266d83d5be0_0, 0, 1;
    %pushi/vec4 0, 0, 1;
    %store/vec4 v00000266d83d4e20_0, 0, 1;
    %pushi/vec4 0, 0, 1;
    %store/vec4 v00000266d83d4100_0, 0, 1;
    %pushi/vec4 1, 0, 1;
    %store/vec4 v00000266d83a5ab0_0, 0, 1;
    %pushi/vec4 1, 0, 1;
    %store/vec4 v00000266d83d4ec0_0, 0, 1;
    %pushi/vec4 1, 0, 1;
    %store/vec4 v00000266d83d50a0_0, 0, 1;
    %pushi/vec4 0, 0, 1;
    %store/vec4 v00000266d83d4880_0, 0, 1;
    %pushi/vec4 0, 0, 1;
    %store/vec4 v00000266d83d41a0_0, 0, 1;
    %jmp T_3.24;
T_3.17 ;
    %pushi/vec4 0, 0, 1;
    %store/vec4 v00000266d83d4380_0, 0, 1;
    %pushi/vec4 0, 0, 1;
    %store/vec4 v00000266d83d47e0_0, 0, 1;
    %pushi/vec4 0, 0, 1;
    %store/vec4 v00000266d83d5be0_0, 0, 1;
    %pushi/vec4 0, 0, 1;
    %store/vec4 v00000266d83d4e20_0, 0, 1;
    %pushi/vec4 0, 0, 1;
    %store/vec4 v00000266d83d4100_0, 0, 1;
    %pushi/vec4 1, 0, 1;
    %store/vec4 v00000266d83a5ab0_0, 0, 1;
    %pushi/vec4 1, 0, 1;
    %store/vec4 v00000266d83d4ec0_0, 0, 1;
    %pushi/vec4 1, 0, 1;
    %store/vec4 v00000266d83d50a0_0, 0, 1;
    %delay 5, 0;
    %pushi/vec4 0, 0, 1;
    %store/vec4 v00000266d83d50a0_0, 0, 1;
    %pushi/vec4 0, 0, 1;
    %store/vec4 v00000266d83d4880_0, 0, 1;
    %pushi/vec4 0, 0, 1;
    %store/vec4 v00000266d83d41a0_0, 0, 1;
    %jmp T_3.24;
T_3.18 ;
    %pushi/vec4 0, 0, 1;
    %store/vec4 v00000266d83d4380_0, 0, 1;
    %pushi/vec4 0, 0, 1;
    %store/vec4 v00000266d83d47e0_0, 0, 1;
    %pushi/vec4 0, 0, 1;
    %store/vec4 v00000266d83d5be0_0, 0, 1;
    %pushi/vec4 0, 0, 1;
    %store/vec4 v00000266d83d4e20_0, 0, 1;
    %pushi/vec4 0, 0, 1;
    %store/vec4 v00000266d83d4100_0, 0, 1;
    %pushi/vec4 1, 0, 1;
    %store/vec4 v00000266d83a5ab0_0, 0, 1;
    %pushi/vec4 1, 0, 1;
    %store/vec4 v00000266d83d4ec0_0, 0, 1;
    %pushi/vec4 1, 0, 1;
    %store/vec4 v00000266d83d50a0_0, 0, 1;
    %delay 5, 0;
    %pushi/vec4 0, 0, 1;
    %store/vec4 v00000266d83d50a0_0, 0, 1;
    %pushi/vec4 0, 0, 1;
    %store/vec4 v00000266d83d4880_0, 0, 1;
    %pushi/vec4 0, 0, 1;
    %store/vec4 v00000266d83d41a0_0, 0, 1;
    %jmp T_3.24;
T_3.19 ;
    %pushi/vec4 0, 0, 1;
    %store/vec4 v00000266d83d4380_0, 0, 1;
    %pushi/vec4 0, 0, 1;
    %store/vec4 v00000266d83d47e0_0, 0, 1;
    %pushi/vec4 0, 0, 1;
    %store/vec4 v00000266d83d5be0_0, 0, 1;
    %pushi/vec4 0, 0, 1;
    %store/vec4 v00000266d83d4e20_0, 0, 1;
    %pushi/vec4 0, 0, 1;
    %store/vec4 v00000266d83d4100_0, 0, 1;
    %pushi/vec4 1, 0, 1;
    %store/vec4 v00000266d83a5ab0_0, 0, 1;
    %pushi/vec4 1, 0, 1;
    %store/vec4 v00000266d83d4ec0_0, 0, 1;
    %pushi/vec4 1, 0, 1;
    %store/vec4 v00000266d83d50a0_0, 0, 1;
    %delay 5, 0;
    %pushi/vec4 0, 0, 1;
    %store/vec4 v00000266d83d50a0_0, 0, 1;
    %pushi/vec4 0, 0, 1;
    %store/vec4 v00000266d83d4880_0, 0, 1;
    %pushi/vec4 0, 0, 1;
    %store/vec4 v00000266d83d41a0_0, 0, 1;
    %jmp T_3.24;
T_3.20 ;
    %pushi/vec4 0, 0, 1;
    %store/vec4 v00000266d83d4380_0, 0, 1;
    %pushi/vec4 0, 0, 1;
    %store/vec4 v00000266d83d47e0_0, 0, 1;
    %pushi/vec4 0, 0, 1;
    %store/vec4 v00000266d83d5be0_0, 0, 1;
    %pushi/vec4 0, 0, 1;
    %store/vec4 v00000266d83d4e20_0, 0, 1;
    %pushi/vec4 0, 0, 1;
    %store/vec4 v00000266d83d4100_0, 0, 1;
    %pushi/vec4 1, 0, 1;
    %store/vec4 v00000266d83a5ab0_0, 0, 1;
    %pushi/vec4 1, 0, 1;
    %store/vec4 v00000266d83d4ec0_0, 0, 1;
    %pushi/vec4 1, 0, 1;
    %store/vec4 v00000266d83d50a0_0, 0, 1;
    %delay 5, 0;
    %pushi/vec4 0, 0, 1;
    %store/vec4 v00000266d83d50a0_0, 0, 1;
    %pushi/vec4 0, 0, 1;
    %store/vec4 v00000266d83d4880_0, 0, 1;
    %pushi/vec4 0, 0, 1;
    %store/vec4 v00000266d83d41a0_0, 0, 1;
    %jmp T_3.24;
T_3.21 ;
    %pushi/vec4 0, 0, 1;
    %store/vec4 v00000266d83d4380_0, 0, 1;
    %pushi/vec4 0, 0, 1;
    %store/vec4 v00000266d83d47e0_0, 0, 1;
    %pushi/vec4 0, 0, 1;
    %store/vec4 v00000266d83d5be0_0, 0, 1;
    %pushi/vec4 0, 0, 1;
    %store/vec4 v00000266d83d4e20_0, 0, 1;
    %pushi/vec4 0, 0, 1;
    %store/vec4 v00000266d83d4100_0, 0, 1;
    %pushi/vec4 1, 0, 1;
    %store/vec4 v00000266d83a5ab0_0, 0, 1;
    %pushi/vec4 1, 0, 1;
    %store/vec4 v00000266d83d4ec0_0, 0, 1;
    %pushi/vec4 1, 0, 1;
    %store/vec4 v00000266d83d50a0_0, 0, 1;
    %delay 5, 0;
    %pushi/vec4 0, 0, 1;
    %store/vec4 v00000266d83d50a0_0, 0, 1;
    %pushi/vec4 0, 0, 1;
    %store/vec4 v00000266d83d4880_0, 0, 1;
    %pushi/vec4 0, 0, 1;
    %store/vec4 v00000266d83d41a0_0, 0, 1;
    %jmp T_3.24;
T_3.22 ;
    %pushi/vec4 0, 0, 1;
    %store/vec4 v00000266d83d4380_0, 0, 1;
    %pushi/vec4 0, 0, 1;
    %store/vec4 v00000266d83d47e0_0, 0, 1;
    %pushi/vec4 0, 0, 1;
    %store/vec4 v00000266d83d5be0_0, 0, 1;
    %pushi/vec4 0, 0, 1;
    %store/vec4 v00000266d83d4e20_0, 0, 1;
    %pushi/vec4 0, 0, 1;
    %store/vec4 v00000266d83d4100_0, 0, 1;
    %pushi/vec4 1, 0, 1;
    %store/vec4 v00000266d83a5ab0_0, 0, 1;
    %pushi/vec4 1, 0, 1;
    %store/vec4 v00000266d83d4ec0_0, 0, 1;
    %pushi/vec4 1, 0, 1;
    %store/vec4 v00000266d83d50a0_0, 0, 1;
    %pushi/vec4 0, 0, 1;
    %store/vec4 v00000266d83d4880_0, 0, 1;
    %pushi/vec4 0, 0, 1;
    %store/vec4 v00000266d83d41a0_0, 0, 1;
    %jmp T_3.24;
T_3.24 ;
    %pop/vec4 1;
    %pushi/vec4 2, 0, 3;
    %store/vec4 v00000266d83d4d80_0, 0, 3;
    %jmp T_3.6;
T_3.6 ;
    %pop/vec4 1;
T_3.1 ;
    %jmp T_3;
    .thread T_3, $push;
    .scope S_00000266d8349830;
T_4 ;
    %wait E_00000266d839a8b0;
    %load/vec4 v00000266d83d5960_0;
    %pad/u 32;
    %pushi/vec4 0, 0, 32;
    %cmp/e;
    %flag_get/vec4 4;
    %load/vec4 v00000266d83d4920_0;
    %pad/u 32;
    %pushi/vec4 0, 0, 32;
    %cmp/e;
    %flag_get/vec4 4;
    %and;
    %flag_set/vec4 8;
    %jmp/0xz  T_4.0, 8;
    %pushi/vec4 0, 0, 12;
    %assign/vec4 v00000266d83d58c0_0, 0;
    %jmp T_4.1;
T_4.0 ;
    %load/vec4 v00000266d83d5960_0;
    %pad/u 32;
    %pushi/vec4 1, 0, 32;
    %cmp/e;
    %flag_get/vec4 4;
    %load/vec4 v00000266d83d4920_0;
    %pad/u 32;
    %pushi/vec4 0, 0, 32;
    %cmp/e;
    %flag_get/vec4 4;
    %and;
    %flag_set/vec4 8;
    %jmp/0xz  T_4.2, 8;
    %load/vec4 v00000266d83d5d20_0;
    %assign/vec4 v00000266d83d58c0_0, 0;
    %jmp T_4.3;
T_4.2 ;
    %load/vec4 v00000266d83d5960_0;
    %pad/u 32;
    %pushi/vec4 0, 0, 32;
    %cmp/e;
    %flag_get/vec4 4;
    %load/vec4 v00000266d83d4920_0;
    %pad/u 32;
    %pushi/vec4 1, 0, 32;
    %cmp/e;
    %flag_get/vec4 4;
    %and;
    %flag_set/vec4 8;
    %jmp/0xz  T_4.4, 8;
    %load/vec4 v00000266d83d58c0_0;
    %addi 1, 0, 12;
    %assign/vec4 v00000266d83d58c0_0, 0;
    %jmp T_4.5;
T_4.4 ;
    %load/vec4 v00000266d83d58c0_0;
    %assign/vec4 v00000266d83d58c0_0, 0;
T_4.5 ;
T_4.3 ;
T_4.1 ;
    %load/vec4 v00000266d83d58c0_0;
    %assign/vec4 v00000266d83d5500_0, 0;
    %jmp T_4;
    .thread T_4;
    .scope S_00000266d8347fa0;
T_5 ;
    %wait E_00000266d839a8b0;
    %load/vec4 v00000266d83d5c80_0;
    %pad/u 32;
    %cmpi/e 1, 0, 32;
    %jmp/0xz  T_5.0, 4;
    %load/vec4 v00000266d83d5320_0;
    %assign/vec4 v00000266d83d5140_0, 0;
    %jmp T_5.1;
T_5.0 ;
    %load/vec4 v00000266d83d5c80_0;
    %pad/u 32;
    %cmpi/e 0, 0, 32;
    %jmp/0xz  T_5.2, 4;
    %load/vec4 v00000266d83d4b00_0;
    %assign/vec4 v00000266d83d5140_0, 0;
T_5.2 ;
T_5.1 ;
    %jmp T_5;
    .thread T_5;
    .scope S_00000266d8348130;
T_6 ;
    %wait E_00000266d839a8b0;
    %load/vec4 v00000266d83d51e0_0;
    %pad/u 32;
    %cmpi/e 1, 0, 32;
    %jmp/0xz  T_6.0, 4;
    %load/vec4 v00000266d83d5dc0_0;
    %assign/vec4 v00000266d83d49c0_0, 0;
    %load/vec4 v00000266d83d5dc0_0;
    %assign/vec4 v00000266d83d4c40_0, 0;
    %jmp T_6.1;
T_6.0 ;
    %load/vec4 v00000266d83d51e0_0;
    %pad/u 32;
    %cmpi/e 0, 0, 32;
    %jmp/0xz  T_6.2, 4;
    %load/vec4 v00000266d83d4c40_0;
    %assign/vec4 v00000266d83d49c0_0, 0;
T_6.2 ;
T_6.1 ;
    %jmp T_6;
    .thread T_6;
    .scope S_00000266d83482c0;
T_7 ;
    %wait E_00000266d839a8b0;
    %load/vec4 v00000266d83d5e60_0;
    %pad/u 32;
    %cmpi/e 1, 0, 32;
    %jmp/0xz  T_7.0, 4;
    %load/vec4 v00000266d83d46a0_0;
    %assign/vec4 v00000266d83d5b40_0, 0;
    %load/vec4 v00000266d83d46a0_0;
    %assign/vec4 v00000266d83d5780_0, 0;
    %jmp T_7.1;
T_7.0 ;
    %load/vec4 v00000266d83d5e60_0;
    %pad/u 32;
    %cmpi/e 0, 0, 32;
    %jmp/0xz  T_7.2, 4;
    %load/vec4 v00000266d83d5780_0;
    %assign/vec4 v00000266d83d5b40_0, 0;
T_7.2 ;
T_7.1 ;
    %jmp T_7;
    .thread T_7;
    .scope S_00000266d833fa10;
T_8 ;
    %wait E_00000266d839a8b0;
    %load/vec4 v00000266d83d53c0_0;
    %pad/u 32;
    %cmpi/e 1, 0, 32;
    %jmp/0xz  T_8.0, 4;
    %load/vec4 v00000266d83d5280_0;
    %assign/vec4 v00000266d83d5820_0, 0;
    %load/vec4 v00000266d83d5280_0;
    %assign/vec4 v00000266d83d4740_0, 0;
    %jmp T_8.1;
T_8.0 ;
    %load/vec4 v00000266d83d53c0_0;
    %pad/u 32;
    %cmpi/e 0, 0, 32;
    %jmp/0xz  T_8.2, 4;
    %load/vec4 v00000266d83d4740_0;
    %assign/vec4 v00000266d83d5820_0, 0;
T_8.2 ;
T_8.1 ;
    %jmp T_8;
    .thread T_8;
    .scope S_00000266d833fba0;
T_9 ;
    %wait E_00000266d839a8b0;
    %load/vec4 v00000266d83d4ce0_0;
    %pad/u 32;
    %cmpi/e 1, 0, 32;
    %jmp/0xz  T_9.0, 4;
    %load/vec4 v00000266d83d5f00_0;
    %ix/getv 4, v00000266d83d5460_0;
    %store/vec4a v00000266d83d4060, 4, 0;
    %jmp T_9.1;
T_9.0 ;
    %load/vec4 v00000266d83d4ce0_0;
    %pad/u 32;
    %cmpi/e 0, 0, 32;
    %jmp/0xz  T_9.2, 4;
    %ix/getv 4, v00000266d83d5460_0;
    %load/vec4a v00000266d83d4060, 4;
    %store/vec4 v00000266d83d4420_0, 0, 32;
T_9.2 ;
T_9.1 ;
    %jmp T_9;
    .thread T_9;
    .scope S_00000266d833fd30;
T_10 ;
    %wait E_00000266d839a8b0;
    %load/vec4 v00000266d83d42e0_0;
    %pad/u 32;
    %cmpi/e 1, 0, 32;
    %jmp/0xz  T_10.0, 4;
    %load/vec4 v00000266d83d4560_0;
    %assign/vec4 v00000266d83d44c0_0, 0;
    %jmp T_10.1;
T_10.0 ;
    %load/vec4 v00000266d83d42e0_0;
    %pad/u 32;
    %cmpi/e 0, 0, 32;
    %jmp/0xz  T_10.2, 4;
    %pushi/vec4 0, 0, 16;
    %load/vec4 v00000266d83d4240_0;
    %concat/vec4; draw_concat_vec4
    %assign/vec4 v00000266d83d44c0_0, 0;
T_10.2 ;
T_10.1 ;
    %jmp T_10;
    .thread T_10;
    .scope S_00000266d833c2d0;
T_11 ;
    %wait E_00000266d839b0f0;
    %load/vec4 v00000266d83d6250_0;
    %dup/vec4;
    %pushi/vec4 0, 0, 3;
    %cmp/u;
    %jmp/1 T_11.0, 6;
    %dup/vec4;
    %pushi/vec4 1, 0, 3;
    %cmp/u;
    %jmp/1 T_11.1, 6;
    %dup/vec4;
    %pushi/vec4 2, 0, 3;
    %cmp/u;
    %jmp/1 T_11.2, 6;
    %dup/vec4;
    %pushi/vec4 3, 0, 3;
    %cmp/u;
    %jmp/1 T_11.3, 6;
    %pushi/vec4 0, 0, 32;
    %store/vec4 v00000266d83d78d0_0, 0, 32;
    %jmp T_11.5;
T_11.0 ;
    %pushi/vec4 0, 0, 16;
    %load/vec4 v00000266d83d4600_0;
    %load/vec4 v00000266d83d6bb0_0;
    %add;
    %concat/vec4; draw_concat_vec4
    %store/vec4 v00000266d83d78d0_0, 0, 32;
    %jmp T_11.5;
T_11.1 ;
    %load/vec4 v00000266d83d4600_0;
    %pad/u 32;
    %load/vec4 v00000266d83d6bb0_0;
    %pad/u 32;
    %mul;
    %store/vec4 v00000266d83d78d0_0, 0, 32;
    %jmp T_11.5;
T_11.2 ;
    %load/vec4 v00000266d83d6bb0_0;
    %load/vec4 v00000266d83d4600_0;
    %cmp/u;
    %jmp/0xz  T_11.6, 5;
    %load/vec4 v00000266d83d4600_0;
    %pad/u 32;
    %load/vec4 v00000266d83d6bb0_0;
    %pad/u 32;
    %sub;
    %store/vec4 v00000266d83d78d0_0, 0, 32;
    %jmp T_11.7;
T_11.6 ;
    %load/vec4 v00000266d83d6bb0_0;
    %pad/u 32;
    %load/vec4 v00000266d83d4600_0;
    %pad/u 32;
    %sub;
    %store/vec4 v00000266d83d78d0_0, 0, 32;
T_11.7 ;
    %jmp T_11.5;
T_11.3 ;
    %load/vec4 v00000266d83d6bb0_0;
    %load/vec4 v00000266d83d4600_0;
    %cmp/u;
    %jmp/0xz  T_11.8, 5;
    %load/vec4 v00000266d83d4600_0;
    %pad/u 32;
    %load/vec4 v00000266d83d6bb0_0;
    %pad/u 32;
    %div;
    %store/vec4 v00000266d83d78d0_0, 0, 32;
    %jmp T_11.9;
T_11.8 ;
    %load/vec4 v00000266d83d6bb0_0;
    %pad/u 32;
    %load/vec4 v00000266d83d4600_0;
    %pad/u 32;
    %div;
    %store/vec4 v00000266d83d78d0_0, 0, 32;
T_11.9 ;
    %jmp T_11.5;
T_11.5 ;
    %pop/vec4 1;
    %jmp T_11;
    .thread T_11, $push;
    .scope S_00000266d83536e0;
T_12 ;
    %wait E_00000266d839b0f0;
    %load/vec4 v00000266d83d6d90_0;
    %dup/vec4;
    %pushi/vec4 0, 0, 3;
    %cmp/u;
    %jmp/1 T_12.0, 6;
    %dup/vec4;
    %pushi/vec4 1, 0, 3;
    %cmp/u;
    %jmp/1 T_12.1, 6;
    %dup/vec4;
    %pushi/vec4 2, 0, 3;
    %cmp/u;
    %jmp/1 T_12.2, 6;
    %dup/vec4;
    %pushi/vec4 3, 0, 3;
    %cmp/u;
    %jmp/1 T_12.3, 6;
    %dup/vec4;
    %pushi/vec4 4, 0, 3;
    %cmp/u;
    %jmp/1 T_12.4, 6;
    %dup/vec4;
    %pushi/vec4 5, 0, 3;
    %cmp/u;
    %jmp/1 T_12.5, 6;
    %dup/vec4;
    %pushi/vec4 6, 0, 3;
    %cmp/u;
    %jmp/1 T_12.6, 6;
    %dup/vec4;
    %pushi/vec4 7, 0, 3;
    %cmp/u;
    %jmp/1 T_12.7, 6;
    %pushi/vec4 0, 0, 32;
    %store/vec4 v00000266d83d6110_0, 0, 32;
    %jmp T_12.9;
T_12.0 ;
    %pushi/vec4 0, 0, 16;
    %load/vec4 v00000266d83d6cf0_0;
    %load/vec4 v00000266d83d64d0_0;
    %and;
    %concat/vec4; draw_concat_vec4
    %store/vec4 v00000266d83d6110_0, 0, 32;
    %jmp T_12.9;
T_12.1 ;
    %pushi/vec4 0, 0, 16;
    %load/vec4 v00000266d83d6cf0_0;
    %load/vec4 v00000266d83d64d0_0;
    %or;
    %concat/vec4; draw_concat_vec4
    %store/vec4 v00000266d83d6110_0, 0, 32;
    %jmp T_12.9;
T_12.2 ;
    %pushi/vec4 0, 0, 16;
    %load/vec4 v00000266d83d6cf0_0;
    %load/vec4 v00000266d83d64d0_0;
    %and;
    %inv;
    %concat/vec4; draw_concat_vec4
    %store/vec4 v00000266d83d6110_0, 0, 32;
    %jmp T_12.9;
T_12.3 ;
    %pushi/vec4 0, 0, 16;
    %load/vec4 v00000266d83d6cf0_0;
    %load/vec4 v00000266d83d64d0_0;
    %or;
    %inv;
    %concat/vec4; draw_concat_vec4
    %store/vec4 v00000266d83d6110_0, 0, 32;
    %jmp T_12.9;
T_12.4 ;
    %pushi/vec4 0, 0, 16;
    %load/vec4 v00000266d83d6cf0_0;
    %inv;
    %concat/vec4; draw_concat_vec4
    %store/vec4 v00000266d83d6110_0, 0, 32;
    %jmp T_12.9;
T_12.5 ;
    %pushi/vec4 0, 0, 16;
    %load/vec4 v00000266d83d64d0_0;
    %inv;
    %concat/vec4; draw_concat_vec4
    %store/vec4 v00000266d83d6110_0, 0, 32;
    %jmp T_12.9;
T_12.6 ;
    %pushi/vec4 0, 0, 16;
    %load/vec4 v00000266d83d6cf0_0;
    %load/vec4 v00000266d83d64d0_0;
    %xor;
    %concat/vec4; draw_concat_vec4
    %store/vec4 v00000266d83d6110_0, 0, 32;
    %jmp T_12.9;
T_12.7 ;
    %pushi/vec4 0, 0, 16;
    %load/vec4 v00000266d83d6cf0_0;
    %load/vec4 v00000266d83d64d0_0;
    %xor;
    %inv;
    %concat/vec4; draw_concat_vec4
    %store/vec4 v00000266d83d6110_0, 0, 32;
    %jmp T_12.9;
T_12.9 ;
    %pop/vec4 1;
    %jmp T_12;
    .thread T_12, $push;
    .scope S_00000266d83536e0;
T_13 ;
    %wait E_00000266d839aeb0;
    %load/vec4 v00000266d83d6cf0_0;
    %load/vec4 v00000266d83d64d0_0;
    %cmp/e;
    %jmp/0xz  T_13.0, 4;
    %pushi/vec4 1, 0, 1;
    %store/vec4 v00000266d83d7f10_0, 0, 1;
    %jmp T_13.1;
T_13.0 ;
    %pushi/vec4 0, 0, 1;
    %store/vec4 v00000266d83d7f10_0, 0, 1;
T_13.1 ;
    %load/vec4 v00000266d83d64d0_0;
    %load/vec4 v00000266d83d6cf0_0;
    %cmp/u;
    %jmp/0xz  T_13.2, 5;
    %pushi/vec4 1, 0, 1;
    %store/vec4 v00000266d83d7b50_0, 0, 1;
    %jmp T_13.3;
T_13.2 ;
    %pushi/vec4 0, 0, 1;
    %store/vec4 v00000266d83d7b50_0, 0, 1;
T_13.3 ;
    %load/vec4 v00000266d83d6cf0_0;
    %load/vec4 v00000266d83d64d0_0;
    %cmp/u;
    %jmp/0xz  T_13.4, 5;
    %pushi/vec4 1, 0, 1;
    %store/vec4 v00000266d83d66b0_0, 0, 1;
    %jmp T_13.5;
T_13.4 ;
    %pushi/vec4 0, 0, 1;
    %store/vec4 v00000266d83d66b0_0, 0, 1;
T_13.5 ;
    %load/vec4 v00000266d83d6cf0_0;
    %cmpi/e 0, 0, 16;
    %jmp/0xz  T_13.6, 4;
    %pushi/vec4 1, 0, 1;
    %store/vec4 v00000266d83d6b10_0, 0, 1;
    %jmp T_13.7;
T_13.6 ;
    %pushi/vec4 0, 0, 1;
    %store/vec4 v00000266d83d6b10_0, 0, 1;
T_13.7 ;
    %load/vec4 v00000266d83d64d0_0;
    %cmpi/e 0, 0, 16;
    %jmp/0xz  T_13.8, 4;
    %pushi/vec4 1, 0, 1;
    %store/vec4 v00000266d83d6750_0, 0, 1;
    %jmp T_13.9;
T_13.8 ;
    %pushi/vec4 0, 0, 1;
    %store/vec4 v00000266d83d6750_0, 0, 1;
T_13.9 ;
    %jmp T_13;
    .thread T_13, $push;
    .scope S_00000266d833c090;
T_14 ;
    %wait E_00000266d839acb0;
    %load/vec4 v00000266d83d6a70_0;
    %pad/u 32;
    %cmpi/e 0, 0, 32;
    %jmp/0xz  T_14.0, 4;
    %load/vec4 v00000266d83d7dd0_0;
    %store/vec4 v00000266d83d6930_0, 0, 32;
    %jmp T_14.1;
T_14.0 ;
    %load/vec4 v00000266d83d6a70_0;
    %pad/u 32;
    %cmpi/e 1, 0, 32;
    %jmp/0xz  T_14.2, 4;
    %load/vec4 v00000266d83d67f0_0;
    %store/vec4 v00000266d83d6930_0, 0, 32;
    %jmp T_14.3;
T_14.2 ;
    %pushi/vec4 0, 0, 32;
    %store/vec4 v00000266d83d6930_0, 0, 32;
T_14.3 ;
T_14.1 ;
    %load/vec4 v00000266d83d7650_0;
    %store/vec4 v00000266d83d7330_0, 0, 1;
    %load/vec4 v00000266d83d61b0_0;
    %store/vec4 v00000266d83d73d0_0, 0, 1;
    %load/vec4 v00000266d83d6ed0_0;
    %store/vec4 v00000266d83d6e30_0, 0, 1;
    %load/vec4 v00000266d83d7830_0;
    %store/vec4 v00000266d83d7c90_0, 0, 1;
    %load/vec4 v00000266d83d7bf0_0;
    %store/vec4 v00000266d83d7e70_0, 0, 1;
    %jmp T_14;
    .thread T_14, $push;
# The file index is used to find the file name in the following table.
:file_names 16;
    "N/A";
    "<interactive>";
    "CPU.v";
    "./Instruction_Memory.v";
    "./Instruction_Reg.v";
    "./Controller.v";
    "./ProgramCounter.v";
    "./MUX_B.v";
    "./RegisterA.v";
    "./RegisterB.v";
    "./RegisterC.v";
    "./DataMemory.v";
    "./MUX_A.v";
    "./ALU.v";
    "./Arithmetic.v";
    "./LogicUnit.v";
