#! /c/Source/iverilog-install/bin/vvp
:ivl_version "12.0 (devel)" "(s20150603-1110-g18392a46)";
:ivl_delay_selection "TYPICAL";
:vpi_time_precision + 0;
:vpi_module "C:\iverilog\lib\ivl\system.vpi";
:vpi_module "C:\iverilog\lib\ivl\vhdl_sys.vpi";
:vpi_module "C:\iverilog\lib\ivl\vhdl_textio.vpi";
:vpi_module "C:\iverilog\lib\ivl\v2005_math.vpi";
:vpi_module "C:\iverilog\lib\ivl\va_math.vpi";
S_000001dc5e7f4540 .scope module, "tb_CPU" "tb_CPU" 2 3;
 .timescale 0 0;
v000001dc5e8a9bb0_0 .net "Eq", 0 0, v000001dc5e8a7c40_0;  1 drivers
v000001dc5e8a8ad0_0 .net "Gt", 0 0, v000001dc5e8a7600_0;  1 drivers
v000001dc5e8a9750_0 .net "Lt", 0 0, v000001dc5e8a8a30_0;  1 drivers
v000001dc5e8a9f70_0 .net "Za", 0 0, v000001dc5e8a9610_0;  1 drivers
v000001dc5e8aa830_0 .net "Zb", 0 0, v000001dc5e8aa470_0;  1 drivers
v000001dc5e8aa010_0 .var "clk", 0 0;
v000001dc5e8aa1f0_0 .var "codein", 15 0;
v000001dc5e8a9c50_0 .var "en", 0 0;
v000001dc5e8a92f0_0 .var "immd", 11 0;
v000001dc5e8a8cb0_0 .var "we_IM", 0 0;
S_000001dc5e8896d0 .scope module, "C1" "CPU" 2 17, 3 15 0, S_000001dc5e7f4540;
 .timescale 0 0;
    .port_info 0 /INPUT 1 "clk";
    .port_info 1 /INPUT 1 "en";
    .port_info 2 /INPUT 1 "we_IM";
    .port_info 3 /INPUT 16 "codein";
    .port_info 4 /INPUT 12 "immd";
    .port_info 5 /OUTPUT 1 "za";
    .port_info 6 /OUTPUT 1 "zb";
    .port_info 7 /OUTPUT 1 "eq";
    .port_info 8 /OUTPUT 1 "gt";
    .port_info 9 /OUTPUT 1 "lt";
L_000001dc5e8f3018 .functor BUFT 1, C4<0000>, C4<0>, C4<0>, C4<0>;
v000001dc5e8a6b60_0 .net/2u *"_ivl_4", 3 0, L_000001dc5e8f3018;  1 drivers
v000001dc5e8a8500_0 .net "addressd", 11 0, v000001dc5e884c80_0;  1 drivers
v000001dc5e8a6ca0_0 .net "clk", 0 0, v000001dc5e8aa010_0;  1 drivers
v000001dc5e8a6de0_0 .net "codein", 15 0, v000001dc5e8aa1f0_0;  1 drivers
v000001dc5e8a7100_0 .net "curradd", 11 0, v000001dc5e8a4c90_0;  1 drivers
v000001dc5e8a71a0_0 .net "currdat", 31 0, v000001dc5e8a5af0_0;  1 drivers
v000001dc5e8a7240_0 .net "dataAoutd", 15 0, v000001dc5e8a5230_0;  1 drivers
v000001dc5e8a72e0_0 .net "dataBoutd", 15 0, v000001dc5e8a5410_0;  1 drivers
v000001dc5e8a7380_0 .net "dataCoutd", 31 0, v000001dc5e8a54b0_0;  1 drivers
v000001dc5e8a77e0_0 .net "en", 0 0, v000001dc5e8a9c50_0;  1 drivers
v000001dc5e8a7c40_0 .var "eq", 0 0;
v000001dc5e8a74c0_0 .net "eqd", 0 0, v000001dc5e8a6d40_0;  1 drivers
v000001dc5e8a7560_0 .net "execaddd", 11 0, v000001dc5e8a4e70_0;  1 drivers
v000001dc5e8a7600_0 .var "gt", 0 0;
v000001dc5e8a7740_0 .net "gtd", 0 0, v000001dc5e8a8460_0;  1 drivers
v000001dc5e8a7a60_0 .net "immd", 11 0, v000001dc5e8a92f0_0;  1 drivers
v000001dc5e8a7f60_0 .net "incPCd", 0 0, v000001dc5e885180_0;  1 drivers
v000001dc5e8a7ba0_0 .net "loadAd", 0 0, v000001dc5e8a5e10_0;  1 drivers
v000001dc5e8a7d80_0 .net "loadBd", 0 0, v000001dc5e8a4dd0_0;  1 drivers
v000001dc5e8a7ce0_0 .net "loadCd", 0 0, v000001dc5e8a55f0_0;  1 drivers
v000001dc5e8aa5b0_0 .net "loadIRd", 0 0, v000001dc5e8a63b0_0;  1 drivers
v000001dc5e8aa790_0 .net "loadPCd", 0 0, v000001dc5e8a6450_0;  1 drivers
v000001dc5e8a8a30_0 .var "lt", 0 0;
v000001dc5e8a9890_0 .net "ltd", 0 0, v000001dc5e8a7880_0;  1 drivers
v000001dc5e8a9ed0_0 .net "moded", 0 0, v000001dc5e8a5370_0;  1 drivers
v000001dc5e8a97f0_0 .net "opcodeD", 3 0, v000001dc5e884b40_0;  1 drivers
v000001dc5e8aa510_0 .net "outALUd", 31 0, v000001dc5e8a8780_0;  1 drivers
v000001dc5e8a9a70_0 .net "outDMd", 31 0, v000001dc5e8a5690_0;  1 drivers
v000001dc5e8a8d50_0 .net "outIMd", 15 0, v000001dc5e885360_0;  1 drivers
v000001dc5e8aa0b0_0 .net "selAd", 0 0, v000001dc5e8a4970_0;  1 drivers
v000001dc5e8a9e30_0 .net "selBd", 0 0, v000001dc5e8a4d30_0;  1 drivers
v000001dc5e8aa150_0 .net "we_DMd", 0 0, v000001dc5e8a4ab0_0;  1 drivers
v000001dc5e8a96b0_0 .net "we_IM", 0 0, v000001dc5e8a8cb0_0;  1 drivers
v000001dc5e8a9610_0 .var "za", 0 0;
v000001dc5e8aa3d0_0 .net "zad", 0 0, v000001dc5e8a81e0_0;  1 drivers
v000001dc5e8aa470_0 .var "zb", 0 0;
v000001dc5e8a9390_0 .net "zbd", 0 0, v000001dc5e8a79c0_0;  1 drivers
L_000001dc5e8aa290 .part v000001dc5e8a5690_0, 0, 16;
L_000001dc5e8a8df0 .part v000001dc5e8a5690_0, 16, 16;
L_000001dc5e8a8fd0 .concat [ 12 4 0 0], v000001dc5e8a92f0_0, L_000001dc5e8f3018;
L_000001dc5e8a9070 .part v000001dc5e884b40_0, 0, 3;
S_000001dc5e858660 .scope module, "a1" "instmem" 3 40, 4 1 0, S_000001dc5e8896d0;
 .timescale 0 0;
    .port_info 0 /INPUT 1 "clk";
    .port_info 1 /INPUT 1 "we_IM";
    .port_info 2 /INPUT 16 "dataIM";
    .port_info 3 /INPUT 12 "addIM";
    .port_info 4 /OUTPUT 16 "outIM";
v000001dc5e8848c0_0 .net "addIM", 11 0, v000001dc5e8a4c90_0;  alias, 1 drivers
v000001dc5e884a00_0 .net "clk", 0 0, v000001dc5e8aa010_0;  alias, 1 drivers
v000001dc5e885040_0 .net "dataIM", 15 0, v000001dc5e8aa1f0_0;  alias, 1 drivers
v000001dc5e884dc0 .array "mem", 15 0, 15 0;
v000001dc5e885360_0 .var "outIM", 15 0;
v000001dc5e884640_0 .net "we_IM", 0 0, v000001dc5e8a8cb0_0;  alias, 1 drivers
E_000001dc5e87efd0 .event posedge, v000001dc5e884a00_0;
S_000001dc5e8587f0 .scope module, "a2" "insReg" 3 41, 5 1 0, S_000001dc5e8896d0;
 .timescale 0 0;
    .port_info 0 /INPUT 1 "clk";
    .port_info 1 /INPUT 1 "loadIR";
    .port_info 2 /INPUT 16 "insin";
    .port_info 3 /OUTPUT 12 "address";
    .port_info 4 /OUTPUT 4 "opcode";
v000001dc5e884c80_0 .var "address", 11 0;
v000001dc5e8852c0_0 .net "clk", 0 0, v000001dc5e8aa010_0;  alias, 1 drivers
v000001dc5e885220_0 .net "insin", 15 0, v000001dc5e885360_0;  alias, 1 drivers
v000001dc5e884aa0_0 .net "loadIR", 0 0, v000001dc5e8a63b0_0;  alias, 1 drivers
v000001dc5e884b40_0 .var "opcode", 3 0;
v000001dc5e884d20_0 .var "temp", 15 0;
S_000001dc5e858980 .scope module, "a3" "controller" 3 42, 6 1 0, S_000001dc5e8896d0;
 .timescale 0 0;
    .port_info 0 /INPUT 1 "clk";
    .port_info 1 /INPUT 1 "en";
    .port_info 2 /INPUT 4 "opcode";
    .port_info 3 /OUTPUT 1 "loadA";
    .port_info 4 /OUTPUT 1 "loadB";
    .port_info 5 /OUTPUT 1 "loadC";
    .port_info 6 /OUTPUT 1 "loadIR";
    .port_info 7 /OUTPUT 1 "loadPC";
    .port_info 8 /OUTPUT 1 "incPC";
    .port_info 9 /OUTPUT 1 "mode";
    .port_info 10 /OUTPUT 1 "we_DM";
    .port_info 11 /OUTPUT 1 "selA";
    .port_info 12 /OUTPUT 1 "selB";
P_000001dc5e81c290 .param/l "execute" 0 6 32, C4<100>;
P_000001dc5e81c2c8 .param/l "load" 0 6 32, C4<010>;
P_000001dc5e81c300 .param/l "reset" 0 6 32, C4<000>;
v000001dc5e884be0_0 .net "clk", 0 0, v000001dc5e8aa010_0;  alias, 1 drivers
v000001dc5e884e60_0 .net "en", 0 0, v000001dc5e8a9c50_0;  alias, 1 drivers
v000001dc5e885180_0 .var "incPC", 0 0;
v000001dc5e8a5e10_0 .var "loadA", 0 0;
v000001dc5e8a4dd0_0 .var "loadB", 0 0;
v000001dc5e8a55f0_0 .var "loadC", 0 0;
v000001dc5e8a63b0_0 .var "loadIR", 0 0;
v000001dc5e8a6450_0 .var "loadPC", 0 0;
v000001dc5e8a5370_0 .var "mode", 0 0;
v000001dc5e8a5050_0 .var "next_state", 2 0;
v000001dc5e8a50f0_0 .net "opcode", 3 0, v000001dc5e884b40_0;  alias, 1 drivers
v000001dc5e8a4970_0 .var "selA", 0 0;
v000001dc5e8a4d30_0 .var "selB", 0 0;
v000001dc5e8a5c30_0 .var "state", 2 0;
v000001dc5e8a4ab0_0 .var "we_DM", 0 0;
E_000001dc5e87e710 .event anyedge, v000001dc5e884e60_0, v000001dc5e8a5c30_0, v000001dc5e884b40_0;
S_000001dc5e819510 .scope module, "a4" "PC" 3 43, 7 1 0, S_000001dc5e8896d0;
 .timescale 0 0;
    .port_info 0 /INPUT 1 "clk";
    .port_info 1 /INPUT 1 "loadPC";
    .port_info 2 /INPUT 1 "incPC";
    .port_info 3 /INPUT 12 "address";
    .port_info 4 /OUTPUT 12 "execadd";
v000001dc5e8a57d0_0 .net "address", 11 0, v000001dc5e884c80_0;  alias, 1 drivers
v000001dc5e8a5ff0_0 .net "clk", 0 0, v000001dc5e8aa010_0;  alias, 1 drivers
v000001dc5e8a4e70_0 .var "execadd", 11 0;
v000001dc5e8a5cd0_0 .net "incPC", 0 0, v000001dc5e885180_0;  alias, 1 drivers
v000001dc5e8a6090_0 .net "loadPC", 0 0, v000001dc5e8a6450_0;  alias, 1 drivers
v000001dc5e8a4f10_0 .var "temp", 11 0;
S_000001dc5e8196a0 .scope module, "a5" "muxB" 3 44, 8 1 0, S_000001dc5e8896d0;
 .timescale 0 0;
    .port_info 0 /INPUT 1 "clk";
    .port_info 1 /INPUT 12 "in1";
    .port_info 2 /INPUT 12 "in2";
    .port_info 3 /INPUT 1 "sel";
    .port_info 4 /OUTPUT 12 "outB";
v000001dc5e8a66d0_0 .net "clk", 0 0, v000001dc5e8aa010_0;  alias, 1 drivers
v000001dc5e8a5190_0 .net "in1", 11 0, v000001dc5e8a4e70_0;  alias, 1 drivers
v000001dc5e8a6810_0 .net "in2", 11 0, v000001dc5e8a92f0_0;  alias, 1 drivers
v000001dc5e8a4c90_0 .var "outB", 11 0;
v000001dc5e8a5b90_0 .net "sel", 0 0, v000001dc5e8a4d30_0;  alias, 1 drivers
S_000001dc5e819830 .scope module, "a6" "regA" 3 45, 9 1 0, S_000001dc5e8896d0;
 .timescale 0 0;
    .port_info 0 /INPUT 1 "clk";
    .port_info 1 /INPUT 1 "loadA";
    .port_info 2 /INPUT 16 "dataAin";
    .port_info 3 /OUTPUT 16 "dataAout";
v000001dc5e8a5870_0 .net "clk", 0 0, v000001dc5e8aa010_0;  alias, 1 drivers
v000001dc5e8a4bf0_0 .net "dataAin", 15 0, L_000001dc5e8aa290;  1 drivers
v000001dc5e8a5230_0 .var "dataAout", 15 0;
v000001dc5e8a4fb0_0 .net "loadA", 0 0, v000001dc5e8a5e10_0;  alias, 1 drivers
v000001dc5e8a6590_0 .var "tempA", 15 0;
S_000001dc5e817fa0 .scope module, "a7" "regB" 3 46, 10 1 0, S_000001dc5e8896d0;
 .timescale 0 0;
    .port_info 0 /INPUT 1 "clk";
    .port_info 1 /INPUT 1 "loadB";
    .port_info 2 /INPUT 16 "dataBin";
    .port_info 3 /OUTPUT 16 "dataBout";
v000001dc5e8a52d0_0 .net "clk", 0 0, v000001dc5e8aa010_0;  alias, 1 drivers
v000001dc5e8a6130_0 .net "dataBin", 15 0, L_000001dc5e8a8df0;  1 drivers
v000001dc5e8a5410_0 .var "dataBout", 15 0;
v000001dc5e8a5910_0 .net "loadB", 0 0, v000001dc5e8a4dd0_0;  alias, 1 drivers
v000001dc5e8a4b50_0 .var "tempB", 15 0;
S_000001dc5e818130 .scope module, "a8" "regC" 3 47, 11 1 0, S_000001dc5e8896d0;
 .timescale 0 0;
    .port_info 0 /INPUT 1 "clk";
    .port_info 1 /INPUT 1 "loadC";
    .port_info 2 /INPUT 32 "dataCin";
    .port_info 3 /OUTPUT 32 "dataCout";
v000001dc5e8a6270_0 .net "clk", 0 0, v000001dc5e8aa010_0;  alias, 1 drivers
v000001dc5e8a5f50_0 .net "dataCin", 31 0, v000001dc5e8a5af0_0;  alias, 1 drivers
v000001dc5e8a54b0_0 .var "dataCout", 31 0;
v000001dc5e8a6310_0 .net "loadC", 0 0, v000001dc5e8a55f0_0;  alias, 1 drivers
v000001dc5e8a6770_0 .var "tempC", 31 0;
S_000001dc5e8182c0 .scope module, "a9" "datamem" 3 48, 12 1 0, S_000001dc5e8896d0;
 .timescale 0 0;
    .port_info 0 /INPUT 1 "clk";
    .port_info 1 /INPUT 1 "we_DM";
    .port_info 2 /INPUT 32 "dataDM";
    .port_info 3 /INPUT 12 "addDM";
    .port_info 4 /OUTPUT 32 "outDM";
v000001dc5e8a6630_0 .net "addDM", 11 0, v000001dc5e884c80_0;  alias, 1 drivers
v000001dc5e8a64f0_0 .net "clk", 0 0, v000001dc5e8aa010_0;  alias, 1 drivers
v000001dc5e8a4a10_0 .net "dataDM", 31 0, v000001dc5e8a54b0_0;  alias, 1 drivers
v000001dc5e8a5550 .array "mem", 31 0, 31 0;
v000001dc5e8a5690_0 .var "outDM", 31 0;
v000001dc5e8a5730_0 .net "we_DM", 0 0, v000001dc5e8a4ab0_0;  alias, 1 drivers
S_000001dc5e80fb20 .scope module, "b1" "muxA" 3 49, 13 1 0, S_000001dc5e8896d0;
 .timescale 0 0;
    .port_info 0 /INPUT 1 "clk";
    .port_info 1 /INPUT 32 "in1";
    .port_info 2 /INPUT 16 "in2";
    .port_info 3 /INPUT 1 "sel";
    .port_info 4 /OUTPUT 32 "outA";
v000001dc5e8a59b0_0 .net "clk", 0 0, v000001dc5e8aa010_0;  alias, 1 drivers
v000001dc5e8a5a50_0 .net "in1", 31 0, v000001dc5e8a8780_0;  alias, 1 drivers
v000001dc5e8a5eb0_0 .net "in2", 15 0, L_000001dc5e8a8fd0;  1 drivers
v000001dc5e8a5af0_0 .var "outA", 31 0;
v000001dc5e8a5d70_0 .net "sel", 0 0, v000001dc5e8a4970_0;  alias, 1 drivers
S_000001dc5e80fcb0 .scope module, "b2" "ALU" 3 50, 14 4 0, S_000001dc5e8896d0;
 .timescale 0 0;
    .port_info 0 /INPUT 16 "a";
    .port_info 1 /INPUT 16 "b";
    .port_info 2 /INPUT 3 "opcode";
    .port_info 3 /INPUT 1 "mode";
    .port_info 4 /OUTPUT 32 "outALU";
    .port_info 5 /OUTPUT 1 "za";
    .port_info 6 /OUTPUT 1 "zb";
    .port_info 7 /OUTPUT 1 "eq";
    .port_info 8 /OUTPUT 1 "gt";
    .port_info 9 /OUTPUT 1 "lt";
v000001dc5e8a8640_0 .net "a", 15 0, v000001dc5e8a5230_0;  alias, 1 drivers
v000001dc5e8a8000_0 .net "b", 15 0, v000001dc5e8a5410_0;  alias, 1 drivers
v000001dc5e8a6d40_0 .var "eq", 0 0;
v000001dc5e8a8460_0 .var "gt", 0 0;
v000001dc5e8a7880_0 .var "lt", 0 0;
v000001dc5e8a6ac0_0 .net "mode", 0 0, v000001dc5e8a5370_0;  alias, 1 drivers
v000001dc5e8a80a0_0 .net "opcode", 2 0, L_000001dc5e8a9070;  1 drivers
v000001dc5e8a8780_0 .var "outALU", 31 0;
v000001dc5e8a7920_0 .net "outau", 31 0, v000001dc5e8a8320_0;  1 drivers
v000001dc5e8a8820_0 .net "outlu", 31 0, v000001dc5e8a76a0_0;  1 drivers
v000001dc5e8a6f20_0 .net "teq", 0 0, v000001dc5e8a83c0_0;  1 drivers
v000001dc5e8a6fc0_0 .net "tgt", 0 0, v000001dc5e8a7e20_0;  1 drivers
v000001dc5e8a8140_0 .net "tlt", 0 0, v000001dc5e8a6980_0;  1 drivers
v000001dc5e8a8280_0 .net "tza", 0 0, v000001dc5e8a86e0_0;  1 drivers
v000001dc5e8a6a20_0 .net "tzb", 0 0, v000001dc5e8a6e80_0;  1 drivers
v000001dc5e8a81e0_0 .var "za", 0 0;
v000001dc5e8a79c0_0 .var "zb", 0 0;
E_000001dc5e87eb50 .event anyedge, v000001dc5e8a7b00_0, v000001dc5e8a5370_0, v000001dc5e8a5410_0, v000001dc5e8a5230_0;
S_000001dc5e80d550 .scope module, "a1" "arith" 14 21, 15 1 0, S_000001dc5e80fcb0;
 .timescale 0 0;
    .port_info 0 /INPUT 16 "a";
    .port_info 1 /INPUT 16 "b";
    .port_info 2 /INPUT 3 "opcode";
    .port_info 3 /OUTPUT 32 "outau";
v000001dc5e8a61d0_0 .net "a", 15 0, v000001dc5e8a5230_0;  alias, 1 drivers
v000001dc5e8a7ec0_0 .net "b", 15 0, v000001dc5e8a5410_0;  alias, 1 drivers
v000001dc5e8a7b00_0 .net "opcode", 2 0, L_000001dc5e8a9070;  alias, 1 drivers
v000001dc5e8a8320_0 .var "outau", 31 0;
E_000001dc5e87e790 .event anyedge, v000001dc5e8a7b00_0, v000001dc5e8a5410_0, v000001dc5e8a5230_0;
S_000001dc5e80d6e0 .scope module, "l1" "logic_unit" 14 22, 16 1 0, S_000001dc5e80fcb0;
 .timescale 0 0;
    .port_info 0 /INPUT 16 "a";
    .port_info 1 /INPUT 16 "b";
    .port_info 2 /INPUT 3 "opcode";
    .port_info 3 /OUTPUT 32 "outlu";
    .port_info 4 /OUTPUT 1 "za";
    .port_info 5 /OUTPUT 1 "zb";
    .port_info 6 /OUTPUT 1 "eq";
    .port_info 7 /OUTPUT 1 "gt";
    .port_info 8 /OUTPUT 1 "lt";
v000001dc5e8a85a0_0 .net "a", 15 0, v000001dc5e8a5230_0;  alias, 1 drivers
v000001dc5e8a7060_0 .net "b", 15 0, v000001dc5e8a5410_0;  alias, 1 drivers
v000001dc5e8a83c0_0 .var "eq", 0 0;
v000001dc5e8a7e20_0 .var "gt", 0 0;
v000001dc5e8a6980_0 .var "lt", 0 0;
v000001dc5e8a6c00_0 .net "opcode", 2 0, L_000001dc5e8a9070;  alias, 1 drivers
v000001dc5e8a76a0_0 .var "outlu", 31 0;
v000001dc5e8a86e0_0 .var "za", 0 0;
v000001dc5e8a6e80_0 .var "zb", 0 0;
E_000001dc5e87f1d0 .event anyedge, v000001dc5e8a5410_0, v000001dc5e8a5230_0;
    .scope S_000001dc5e858660;
T_0 ;
    %wait E_000001dc5e87efd0;
    %load/vec4 v000001dc5e884640_0;
    %pad/u 32;
    %cmpi/e 1, 0, 32;
    %jmp/0xz  T_0.0, 4;
    %load/vec4 v000001dc5e885040_0;
    %ix/getv 4, v000001dc5e8848c0_0;
    %store/vec4a v000001dc5e884dc0, 4, 0;
    %jmp T_0.1;
T_0.0 ;
    %load/vec4 v000001dc5e884640_0;
    %pad/u 32;
    %cmpi/e 0, 0, 32;
    %jmp/0xz  T_0.2, 4;
    %ix/getv 4, v000001dc5e8848c0_0;
    %load/vec4a v000001dc5e884dc0, 4;
    %store/vec4 v000001dc5e885360_0, 0, 16;
T_0.2 ;
T_0.1 ;
    %jmp T_0;
    .thread T_0;
    .scope S_000001dc5e8587f0;
T_1 ;
    %wait E_000001dc5e87efd0;
    %load/vec4 v000001dc5e884aa0_0;
    %pad/u 32;
    %cmpi/e 1, 0, 32;
    %jmp/0xz  T_1.0, 4;
    %load/vec4 v000001dc5e885220_0;
    %assign/vec4 v000001dc5e884d20_0, 0;
T_1.0 ;
    %load/vec4 v000001dc5e884d20_0;
    %parti/s 12, 0, 2;
    %assign/vec4 v000001dc5e884c80_0, 0;
    %load/vec4 v000001dc5e884d20_0;
    %parti/s 4, 12, 5;
    %assign/vec4 v000001dc5e884b40_0, 0;
    %jmp T_1;
    .thread T_1;
    .scope S_000001dc5e858980;
T_2 ;
    %wait E_000001dc5e87efd0;
    %load/vec4 v000001dc5e884e60_0;
    %pad/u 32;
    %cmpi/e 0, 0, 32;
    %jmp/0xz  T_2.0, 4;
    %pushi/vec4 0, 0, 3;
    %store/vec4 v000001dc5e8a5c30_0, 0, 3;
    %jmp T_2.1;
T_2.0 ;
    %load/vec4 v000001dc5e884e60_0;
    %pad/u 32;
    %cmpi/e 1, 0, 32;
    %jmp/0xz  T_2.2, 4;
    %load/vec4 v000001dc5e8a5050_0;
    %store/vec4 v000001dc5e8a5c30_0, 0, 3;
T_2.2 ;
T_2.1 ;
    %jmp T_2;
    .thread T_2;
    .scope S_000001dc5e858980;
T_3 ;
    %wait E_000001dc5e87e710;
    %load/vec4 v000001dc5e884e60_0;
    %pad/u 32;
    %cmpi/e 0, 0, 32;
    %jmp/0xz  T_3.0, 4;
    %pushi/vec4 0, 0, 1;
    %store/vec4 v000001dc5e8a5e10_0, 0, 1;
    %pushi/vec4 0, 0, 1;
    %store/vec4 v000001dc5e8a4dd0_0, 0, 1;
    %pushi/vec4 0, 0, 1;
    %store/vec4 v000001dc5e8a55f0_0, 0, 1;
    %pushi/vec4 0, 0, 1;
    %store/vec4 v000001dc5e8a63b0_0, 0, 1;
    %pushi/vec4 0, 0, 1;
    %store/vec4 v000001dc5e8a6450_0, 0, 1;
    %pushi/vec4 0, 0, 1;
    %store/vec4 v000001dc5e885180_0, 0, 1;
    %pushi/vec4 0, 1, 1;
    %store/vec4 v000001dc5e8a5370_0, 0, 1;
    %pushi/vec4 0, 0, 1;
    %store/vec4 v000001dc5e8a4ab0_0, 0, 1;
    %pushi/vec4 0, 0, 1;
    %store/vec4 v000001dc5e8a4970_0, 0, 1;
    %pushi/vec4 0, 0, 1;
    %store/vec4 v000001dc5e8a4d30_0, 0, 1;
    %pushi/vec4 0, 0, 3;
    %store/vec4 v000001dc5e8a5050_0, 0, 3;
    %jmp T_3.1;
T_3.0 ;
    %load/vec4 v000001dc5e8a5c30_0;
    %dup/vec4;
    %pushi/vec4 0, 0, 3;
    %cmp/u;
    %jmp/1 T_3.2, 6;
    %dup/vec4;
    %pushi/vec4 2, 0, 3;
    %cmp/u;
    %jmp/1 T_3.3, 6;
    %dup/vec4;
    %pushi/vec4 4, 0, 3;
    %cmp/u;
    %jmp/1 T_3.4, 6;
    %pushi/vec4 0, 0, 1;
    %store/vec4 v000001dc5e8a5e10_0, 0, 1;
    %pushi/vec4 0, 0, 1;
    %store/vec4 v000001dc5e8a4dd0_0, 0, 1;
    %pushi/vec4 0, 0, 1;
    %store/vec4 v000001dc5e8a55f0_0, 0, 1;
    %pushi/vec4 1, 0, 1;
    %store/vec4 v000001dc5e8a63b0_0, 0, 1;
    %pushi/vec4 0, 1, 1;
    %store/vec4 v000001dc5e8a5370_0, 0, 1;
    %pushi/vec4 0, 0, 1;
    %store/vec4 v000001dc5e8a4ab0_0, 0, 1;
    %pushi/vec4 0, 0, 1;
    %store/vec4 v000001dc5e8a4970_0, 0, 1;
    %pushi/vec4 0, 0, 1;
    %store/vec4 v000001dc5e8a4d30_0, 0, 1;
    %pushi/vec4 0, 0, 3;
    %store/vec4 v000001dc5e8a5050_0, 0, 3;
    %jmp T_3.6;
T_3.2 ;
    %pushi/vec4 0, 0, 1;
    %store/vec4 v000001dc5e8a5e10_0, 0, 1;
    %pushi/vec4 0, 0, 1;
    %store/vec4 v000001dc5e8a4dd0_0, 0, 1;
    %pushi/vec4 0, 0, 1;
    %store/vec4 v000001dc5e8a55f0_0, 0, 1;
    %pushi/vec4 0, 0, 1;
    %store/vec4 v000001dc5e8a63b0_0, 0, 1;
    %pushi/vec4 0, 0, 1;
    %store/vec4 v000001dc5e8a6450_0, 0, 1;
    %pushi/vec4 0, 0, 1;
    %store/vec4 v000001dc5e885180_0, 0, 1;
    %pushi/vec4 0, 1, 1;
    %store/vec4 v000001dc5e8a5370_0, 0, 1;
    %pushi/vec4 0, 0, 1;
    %store/vec4 v000001dc5e8a4ab0_0, 0, 1;
    %pushi/vec4 0, 0, 1;
    %store/vec4 v000001dc5e8a4970_0, 0, 1;
    %pushi/vec4 0, 0, 1;
    %store/vec4 v000001dc5e8a4d30_0, 0, 1;
    %pushi/vec4 2, 0, 3;
    %store/vec4 v000001dc5e8a5050_0, 0, 3;
    %jmp T_3.6;
T_3.3 ;
    %pushi/vec4 0, 0, 1;
    %store/vec4 v000001dc5e8a5e10_0, 0, 1;
    %pushi/vec4 0, 0, 1;
    %store/vec4 v000001dc5e8a4dd0_0, 0, 1;
    %pushi/vec4 0, 0, 1;
    %store/vec4 v000001dc5e8a55f0_0, 0, 1;
    %pushi/vec4 1, 0, 1;
    %store/vec4 v000001dc5e8a63b0_0, 0, 1;
    %pushi/vec4 1, 0, 1;
    %store/vec4 v000001dc5e8a6450_0, 0, 1;
    %pushi/vec4 0, 0, 1;
    %store/vec4 v000001dc5e885180_0, 0, 1;
    %pushi/vec4 0, 1, 1;
    %store/vec4 v000001dc5e8a5370_0, 0, 1;
    %pushi/vec4 0, 0, 1;
    %store/vec4 v000001dc5e8a4ab0_0, 0, 1;
    %pushi/vec4 0, 0, 1;
    %store/vec4 v000001dc5e8a4970_0, 0, 1;
    %pushi/vec4 0, 0, 1;
    %store/vec4 v000001dc5e8a4d30_0, 0, 1;
    %pushi/vec4 4, 0, 3;
    %store/vec4 v000001dc5e8a5050_0, 0, 3;
    %jmp T_3.6;
T_3.4 ;
    %load/vec4 v000001dc5e8a50f0_0;
    %pad/u 11;
    %dup/vec4;
    %pushi/vec4 0, 0, 11;
    %cmp/u;
    %jmp/1 T_3.7, 6;
    %dup/vec4;
    %pushi/vec4 1, 0, 11;
    %cmp/u;
    %jmp/1 T_3.8, 6;
    %dup/vec4;
    %pushi/vec4 10, 0, 11;
    %cmp/u;
    %jmp/1 T_3.9, 6;
    %dup/vec4;
    %pushi/vec4 11, 0, 11;
    %cmp/u;
    %jmp/1 T_3.10, 6;
    %dup/vec4;
    %pushi/vec4 100, 0, 11;
    %cmp/u;
    %jmp/1 T_3.11, 6;
    %dup/vec4;
    %pushi/vec4 101, 0, 11;
    %cmp/u;
    %jmp/1 T_3.12, 6;
    %dup/vec4;
    %pushi/vec4 110, 0, 11;
    %cmp/u;
    %jmp/1 T_3.13, 6;
    %dup/vec4;
    %pushi/vec4 111, 0, 11;
    %cmp/u;
    %jmp/1 T_3.14, 6;
    %dup/vec4;
    %pushi/vec4 1000, 0, 11;
    %cmp/u;
    %jmp/1 T_3.15, 6;
    %dup/vec4;
    %pushi/vec4 1001, 0, 11;
    %cmp/u;
    %jmp/1 T_3.16, 6;
    %dup/vec4;
    %pushi/vec4 1010, 0, 11;
    %cmp/u;
    %jmp/1 T_3.17, 6;
    %dup/vec4;
    %pushi/vec4 1011, 0, 11;
    %cmp/u;
    %jmp/1 T_3.18, 6;
    %dup/vec4;
    %pushi/vec4 1100, 0, 11;
    %cmp/u;
    %jmp/1 T_3.19, 6;
    %dup/vec4;
    %pushi/vec4 1101, 0, 11;
    %cmp/u;
    %jmp/1 T_3.20, 6;
    %dup/vec4;
    %pushi/vec4 1110, 0, 11;
    %cmp/u;
    %jmp/1 T_3.21, 6;
    %dup/vec4;
    %pushi/vec4 15, 0, 11;
    %cmp/u;
    %jmp/1 T_3.22, 6;
    %pushi/vec4 0, 0, 1;
    %store/vec4 v000001dc5e8a5e10_0, 0, 1;
    %pushi/vec4 0, 0, 1;
    %store/vec4 v000001dc5e8a4dd0_0, 0, 1;
    %pushi/vec4 0, 0, 1;
    %store/vec4 v000001dc5e8a55f0_0, 0, 1;
    %pushi/vec4 1, 0, 1;
    %store/vec4 v000001dc5e8a63b0_0, 0, 1;
    %pushi/vec4 0, 1, 1;
    %store/vec4 v000001dc5e8a5370_0, 0, 1;
    %pushi/vec4 0, 0, 1;
    %store/vec4 v000001dc5e8a4ab0_0, 0, 1;
    %pushi/vec4 0, 0, 1;
    %store/vec4 v000001dc5e8a4970_0, 0, 1;
    %pushi/vec4 0, 0, 1;
    %store/vec4 v000001dc5e8a4d30_0, 0, 1;
    %jmp T_3.24;
T_3.7 ;
    %pushi/vec4 0, 0, 1;
    %store/vec4 v000001dc5e8a5e10_0, 0, 1;
    %pushi/vec4 0, 0, 1;
    %store/vec4 v000001dc5e8a4dd0_0, 0, 1;
    %pushi/vec4 0, 0, 1;
    %store/vec4 v000001dc5e8a55f0_0, 0, 1;
    %pushi/vec4 0, 0, 1;
    %store/vec4 v000001dc5e8a63b0_0, 0, 1;
    %pushi/vec4 0, 0, 1;
    %store/vec4 v000001dc5e8a6450_0, 0, 1;
    %pushi/vec4 1, 0, 1;
    %store/vec4 v000001dc5e885180_0, 0, 1;
    %pushi/vec4 0, 0, 1;
    %store/vec4 v000001dc5e8a5370_0, 0, 1;
    %pushi/vec4 1, 0, 1;
    %store/vec4 v000001dc5e8a4ab0_0, 0, 1;
    %delay 5, 0;
    %pushi/vec4 0, 0, 1;
    %store/vec4 v000001dc5e8a4ab0_0, 0, 1;
    %pushi/vec4 0, 0, 1;
    %store/vec4 v000001dc5e8a4970_0, 0, 1;
    %pushi/vec4 0, 0, 1;
    %store/vec4 v000001dc5e8a4d30_0, 0, 1;
    %jmp T_3.24;
T_3.8 ;
    %pushi/vec4 0, 0, 1;
    %store/vec4 v000001dc5e8a5e10_0, 0, 1;
    %pushi/vec4 0, 0, 1;
    %store/vec4 v000001dc5e8a4dd0_0, 0, 1;
    %pushi/vec4 0, 0, 1;
    %store/vec4 v000001dc5e8a55f0_0, 0, 1;
    %pushi/vec4 0, 0, 1;
    %store/vec4 v000001dc5e8a63b0_0, 0, 1;
    %pushi/vec4 0, 0, 1;
    %store/vec4 v000001dc5e8a6450_0, 0, 1;
    %pushi/vec4 1, 0, 1;
    %store/vec4 v000001dc5e885180_0, 0, 1;
    %pushi/vec4 0, 0, 1;
    %store/vec4 v000001dc5e8a5370_0, 0, 1;
    %pushi/vec4 1, 0, 1;
    %store/vec4 v000001dc5e8a4ab0_0, 0, 1;
    %delay 5, 0;
    %pushi/vec4 0, 0, 1;
    %store/vec4 v000001dc5e8a4ab0_0, 0, 1;
    %pushi/vec4 0, 0, 1;
    %store/vec4 v000001dc5e8a4970_0, 0, 1;
    %pushi/vec4 0, 0, 1;
    %store/vec4 v000001dc5e8a4d30_0, 0, 1;
    %jmp T_3.24;
T_3.9 ;
    %pushi/vec4 0, 0, 1;
    %store/vec4 v000001dc5e8a5e10_0, 0, 1;
    %pushi/vec4 0, 0, 1;
    %store/vec4 v000001dc5e8a4dd0_0, 0, 1;
    %pushi/vec4 0, 0, 1;
    %store/vec4 v000001dc5e8a55f0_0, 0, 1;
    %pushi/vec4 0, 0, 1;
    %store/vec4 v000001dc5e8a63b0_0, 0, 1;
    %pushi/vec4 0, 0, 1;
    %store/vec4 v000001dc5e8a6450_0, 0, 1;
    %pushi/vec4 1, 0, 1;
    %store/vec4 v000001dc5e885180_0, 0, 1;
    %pushi/vec4 0, 0, 1;
    %store/vec4 v000001dc5e8a5370_0, 0, 1;
    %pushi/vec4 1, 0, 1;
    %store/vec4 v000001dc5e8a4ab0_0, 0, 1;
    %delay 5, 0;
    %pushi/vec4 0, 0, 1;
    %store/vec4 v000001dc5e8a4ab0_0, 0, 1;
    %pushi/vec4 0, 0, 1;
    %store/vec4 v000001dc5e8a4970_0, 0, 1;
    %pushi/vec4 0, 0, 1;
    %store/vec4 v000001dc5e8a4d30_0, 0, 1;
    %jmp T_3.24;
T_3.10 ;
    %pushi/vec4 0, 0, 1;
    %store/vec4 v000001dc5e8a5e10_0, 0, 1;
    %pushi/vec4 0, 0, 1;
    %store/vec4 v000001dc5e8a4dd0_0, 0, 1;
    %pushi/vec4 0, 0, 1;
    %store/vec4 v000001dc5e8a55f0_0, 0, 1;
    %pushi/vec4 0, 0, 1;
    %store/vec4 v000001dc5e8a63b0_0, 0, 1;
    %pushi/vec4 0, 0, 1;
    %store/vec4 v000001dc5e8a6450_0, 0, 1;
    %pushi/vec4 1, 0, 1;
    %store/vec4 v000001dc5e885180_0, 0, 1;
    %pushi/vec4 0, 0, 1;
    %store/vec4 v000001dc5e8a5370_0, 0, 1;
    %pushi/vec4 1, 0, 1;
    %store/vec4 v000001dc5e8a4ab0_0, 0, 1;
    %delay 5, 0;
    %pushi/vec4 0, 0, 1;
    %store/vec4 v000001dc5e8a4ab0_0, 0, 1;
    %pushi/vec4 0, 0, 1;
    %store/vec4 v000001dc5e8a4970_0, 0, 1;
    %pushi/vec4 0, 0, 1;
    %store/vec4 v000001dc5e8a4d30_0, 0, 1;
    %jmp T_3.24;
T_3.11 ;
    %pushi/vec4 1, 0, 1;
    %store/vec4 v000001dc5e8a5e10_0, 0, 1;
    %pushi/vec4 0, 0, 1;
    %store/vec4 v000001dc5e8a4dd0_0, 0, 1;
    %pushi/vec4 0, 0, 1;
    %store/vec4 v000001dc5e8a55f0_0, 0, 1;
    %pushi/vec4 0, 0, 1;
    %store/vec4 v000001dc5e8a63b0_0, 0, 1;
    %pushi/vec4 0, 0, 1;
    %store/vec4 v000001dc5e8a6450_0, 0, 1;
    %pushi/vec4 1, 0, 1;
    %store/vec4 v000001dc5e885180_0, 0, 1;
    %pushi/vec4 0, 1, 1;
    %store/vec4 v000001dc5e8a5370_0, 0, 1;
    %pushi/vec4 1, 0, 1;
    %store/vec4 v000001dc5e8a4ab0_0, 0, 1;
    %delay 5, 0;
    %pushi/vec4 0, 0, 1;
    %store/vec4 v000001dc5e8a4ab0_0, 0, 1;
    %pushi/vec4 0, 0, 1;
    %store/vec4 v000001dc5e8a4970_0, 0, 1;
    %pushi/vec4 0, 0, 1;
    %store/vec4 v000001dc5e8a4d30_0, 0, 1;
    %jmp T_3.24;
T_3.12 ;
    %pushi/vec4 0, 0, 1;
    %store/vec4 v000001dc5e8a5e10_0, 0, 1;
    %pushi/vec4 1, 0, 1;
    %store/vec4 v000001dc5e8a4dd0_0, 0, 1;
    %pushi/vec4 0, 0, 1;
    %store/vec4 v000001dc5e8a55f0_0, 0, 1;
    %pushi/vec4 0, 0, 1;
    %store/vec4 v000001dc5e8a63b0_0, 0, 1;
    %pushi/vec4 0, 0, 1;
    %store/vec4 v000001dc5e8a6450_0, 0, 1;
    %pushi/vec4 1, 0, 1;
    %store/vec4 v000001dc5e885180_0, 0, 1;
    %pushi/vec4 0, 1, 1;
    %store/vec4 v000001dc5e8a5370_0, 0, 1;
    %pushi/vec4 1, 0, 1;
    %store/vec4 v000001dc5e8a4ab0_0, 0, 1;
    %delay 5, 0;
    %pushi/vec4 0, 0, 1;
    %store/vec4 v000001dc5e8a4ab0_0, 0, 1;
    %pushi/vec4 0, 0, 1;
    %store/vec4 v000001dc5e8a4970_0, 0, 1;
    %pushi/vec4 0, 0, 1;
    %store/vec4 v000001dc5e8a4d30_0, 0, 1;
    %jmp T_3.24;
T_3.13 ;
    %pushi/vec4 0, 0, 1;
    %store/vec4 v000001dc5e8a5e10_0, 0, 1;
    %pushi/vec4 0, 0, 1;
    %store/vec4 v000001dc5e8a4dd0_0, 0, 1;
    %pushi/vec4 1, 0, 1;
    %store/vec4 v000001dc5e8a55f0_0, 0, 1;
    %pushi/vec4 0, 0, 1;
    %store/vec4 v000001dc5e8a63b0_0, 0, 1;
    %pushi/vec4 0, 0, 1;
    %store/vec4 v000001dc5e8a6450_0, 0, 1;
    %pushi/vec4 1, 0, 1;
    %store/vec4 v000001dc5e885180_0, 0, 1;
    %pushi/vec4 0, 0, 1;
    %store/vec4 v000001dc5e8a5370_0, 0, 1;
    %pushi/vec4 1, 0, 1;
    %store/vec4 v000001dc5e8a4ab0_0, 0, 1;
    %delay 5, 0;
    %pushi/vec4 0, 0, 1;
    %store/vec4 v000001dc5e8a4ab0_0, 0, 1;
    %pushi/vec4 0, 0, 1;
    %store/vec4 v000001dc5e8a4970_0, 0, 1;
    %pushi/vec4 0, 0, 1;
    %store/vec4 v000001dc5e8a4d30_0, 0, 1;
    %jmp T_3.24;
T_3.14 ;
    %pushi/vec4 0, 0, 1;
    %store/vec4 v000001dc5e8a5e10_0, 0, 1;
    %pushi/vec4 0, 0, 1;
    %store/vec4 v000001dc5e8a4dd0_0, 0, 1;
    %pushi/vec4 0, 0, 1;
    %store/vec4 v000001dc5e8a55f0_0, 0, 1;
    %pushi/vec4 0, 0, 1;
    %store/vec4 v000001dc5e8a63b0_0, 0, 1;
    %pushi/vec4 1, 0, 1;
    %store/vec4 v000001dc5e8a6450_0, 0, 1;
    %pushi/vec4 1, 0, 1;
    %store/vec4 v000001dc5e885180_0, 0, 1;
    %pushi/vec4 0, 0, 1;
    %store/vec4 v000001dc5e8a5370_0, 0, 1;
    %pushi/vec4 1, 0, 1;
    %store/vec4 v000001dc5e8a4ab0_0, 0, 1;
    %pushi/vec4 1, 0, 1;
    %store/vec4 v000001dc5e8a4970_0, 0, 1;
    %pushi/vec4 1, 0, 1;
    %store/vec4 v000001dc5e8a4d30_0, 0, 1;
    %jmp T_3.24;
T_3.15 ;
    %pushi/vec4 0, 0, 1;
    %store/vec4 v000001dc5e8a5e10_0, 0, 1;
    %pushi/vec4 0, 0, 1;
    %store/vec4 v000001dc5e8a4dd0_0, 0, 1;
    %pushi/vec4 0, 0, 1;
    %store/vec4 v000001dc5e8a55f0_0, 0, 1;
    %pushi/vec4 0, 0, 1;
    %store/vec4 v000001dc5e8a63b0_0, 0, 1;
    %pushi/vec4 0, 0, 1;
    %store/vec4 v000001dc5e8a6450_0, 0, 1;
    %pushi/vec4 1, 0, 1;
    %store/vec4 v000001dc5e885180_0, 0, 1;
    %pushi/vec4 1, 0, 1;
    %store/vec4 v000001dc5e8a5370_0, 0, 1;
    %pushi/vec4 1, 0, 1;
    %store/vec4 v000001dc5e8a4ab0_0, 0, 1;
    %delay 5, 0;
    %pushi/vec4 0, 0, 1;
    %store/vec4 v000001dc5e8a4ab0_0, 0, 1;
    %pushi/vec4 0, 0, 1;
    %store/vec4 v000001dc5e8a4970_0, 0, 1;
    %pushi/vec4 0, 0, 1;
    %store/vec4 v000001dc5e8a4d30_0, 0, 1;
    %jmp T_3.24;
T_3.16 ;
    %pushi/vec4 0, 0, 1;
    %store/vec4 v000001dc5e8a5e10_0, 0, 1;
    %pushi/vec4 0, 0, 1;
    %store/vec4 v000001dc5e8a4dd0_0, 0, 1;
    %pushi/vec4 0, 0, 1;
    %store/vec4 v000001dc5e8a55f0_0, 0, 1;
    %pushi/vec4 0, 0, 1;
    %store/vec4 v000001dc5e8a63b0_0, 0, 1;
    %pushi/vec4 0, 0, 1;
    %store/vec4 v000001dc5e8a6450_0, 0, 1;
    %pushi/vec4 1, 0, 1;
    %store/vec4 v000001dc5e885180_0, 0, 1;
    %pushi/vec4 1, 0, 1;
    %store/vec4 v000001dc5e8a5370_0, 0, 1;
    %pushi/vec4 1, 0, 1;
    %store/vec4 v000001dc5e8a4ab0_0, 0, 1;
    %pushi/vec4 0, 0, 1;
    %store/vec4 v000001dc5e8a4970_0, 0, 1;
    %pushi/vec4 0, 0, 1;
    %store/vec4 v000001dc5e8a4d30_0, 0, 1;
    %jmp T_3.24;
T_3.17 ;
    %pushi/vec4 0, 0, 1;
    %store/vec4 v000001dc5e8a5e10_0, 0, 1;
    %pushi/vec4 0, 0, 1;
    %store/vec4 v000001dc5e8a4dd0_0, 0, 1;
    %pushi/vec4 0, 0, 1;
    %store/vec4 v000001dc5e8a55f0_0, 0, 1;
    %pushi/vec4 0, 0, 1;
    %store/vec4 v000001dc5e8a63b0_0, 0, 1;
    %pushi/vec4 0, 0, 1;
    %store/vec4 v000001dc5e8a6450_0, 0, 1;
    %pushi/vec4 1, 0, 1;
    %store/vec4 v000001dc5e885180_0, 0, 1;
    %pushi/vec4 1, 0, 1;
    %store/vec4 v000001dc5e8a5370_0, 0, 1;
    %pushi/vec4 1, 0, 1;
    %store/vec4 v000001dc5e8a4ab0_0, 0, 1;
    %delay 5, 0;
    %pushi/vec4 0, 0, 1;
    %store/vec4 v000001dc5e8a4ab0_0, 0, 1;
    %pushi/vec4 0, 0, 1;
    %store/vec4 v000001dc5e8a4970_0, 0, 1;
    %pushi/vec4 0, 0, 1;
    %store/vec4 v000001dc5e8a4d30_0, 0, 1;
    %jmp T_3.24;
T_3.18 ;
    %pushi/vec4 0, 0, 1;
    %store/vec4 v000001dc5e8a5e10_0, 0, 1;
    %pushi/vec4 0, 0, 1;
    %store/vec4 v000001dc5e8a4dd0_0, 0, 1;
    %pushi/vec4 0, 0, 1;
    %store/vec4 v000001dc5e8a55f0_0, 0, 1;
    %pushi/vec4 0, 0, 1;
    %store/vec4 v000001dc5e8a63b0_0, 0, 1;
    %pushi/vec4 0, 0, 1;
    %store/vec4 v000001dc5e8a6450_0, 0, 1;
    %pushi/vec4 1, 0, 1;
    %store/vec4 v000001dc5e885180_0, 0, 1;
    %pushi/vec4 1, 0, 1;
    %store/vec4 v000001dc5e8a5370_0, 0, 1;
    %pushi/vec4 1, 0, 1;
    %store/vec4 v000001dc5e8a4ab0_0, 0, 1;
    %delay 5, 0;
    %pushi/vec4 0, 0, 1;
    %store/vec4 v000001dc5e8a4ab0_0, 0, 1;
    %pushi/vec4 0, 0, 1;
    %store/vec4 v000001dc5e8a4970_0, 0, 1;
    %pushi/vec4 0, 0, 1;
    %store/vec4 v000001dc5e8a4d30_0, 0, 1;
    %jmp T_3.24;
T_3.19 ;
    %pushi/vec4 0, 0, 1;
    %store/vec4 v000001dc5e8a5e10_0, 0, 1;
    %pushi/vec4 0, 0, 1;
    %store/vec4 v000001dc5e8a4dd0_0, 0, 1;
    %pushi/vec4 0, 0, 1;
    %store/vec4 v000001dc5e8a55f0_0, 0, 1;
    %pushi/vec4 0, 0, 1;
    %store/vec4 v000001dc5e8a63b0_0, 0, 1;
    %pushi/vec4 0, 0, 1;
    %store/vec4 v000001dc5e8a6450_0, 0, 1;
    %pushi/vec4 1, 0, 1;
    %store/vec4 v000001dc5e885180_0, 0, 1;
    %pushi/vec4 1, 0, 1;
    %store/vec4 v000001dc5e8a5370_0, 0, 1;
    %pushi/vec4 1, 0, 1;
    %store/vec4 v000001dc5e8a4ab0_0, 0, 1;
    %delay 5, 0;
    %pushi/vec4 0, 0, 1;
    %store/vec4 v000001dc5e8a4ab0_0, 0, 1;
    %pushi/vec4 0, 0, 1;
    %store/vec4 v000001dc5e8a4970_0, 0, 1;
    %pushi/vec4 0, 0, 1;
    %store/vec4 v000001dc5e8a4d30_0, 0, 1;
    %jmp T_3.24;
T_3.20 ;
    %pushi/vec4 0, 0, 1;
    %store/vec4 v000001dc5e8a5e10_0, 0, 1;
    %pushi/vec4 0, 0, 1;
    %store/vec4 v000001dc5e8a4dd0_0, 0, 1;
    %pushi/vec4 0, 0, 1;
    %store/vec4 v000001dc5e8a55f0_0, 0, 1;
    %pushi/vec4 0, 0, 1;
    %store/vec4 v000001dc5e8a63b0_0, 0, 1;
    %pushi/vec4 0, 0, 1;
    %store/vec4 v000001dc5e8a6450_0, 0, 1;
    %pushi/vec4 1, 0, 1;
    %store/vec4 v000001dc5e885180_0, 0, 1;
    %pushi/vec4 1, 0, 1;
    %store/vec4 v000001dc5e8a5370_0, 0, 1;
    %pushi/vec4 1, 0, 1;
    %store/vec4 v000001dc5e8a4ab0_0, 0, 1;
    %delay 5, 0;
    %pushi/vec4 0, 0, 1;
    %store/vec4 v000001dc5e8a4ab0_0, 0, 1;
    %pushi/vec4 0, 0, 1;
    %store/vec4 v000001dc5e8a4970_0, 0, 1;
    %pushi/vec4 0, 0, 1;
    %store/vec4 v000001dc5e8a4d30_0, 0, 1;
    %jmp T_3.24;
T_3.21 ;
    %pushi/vec4 0, 0, 1;
    %store/vec4 v000001dc5e8a5e10_0, 0, 1;
    %pushi/vec4 0, 0, 1;
    %store/vec4 v000001dc5e8a4dd0_0, 0, 1;
    %pushi/vec4 0, 0, 1;
    %store/vec4 v000001dc5e8a55f0_0, 0, 1;
    %pushi/vec4 0, 0, 1;
    %store/vec4 v000001dc5e8a63b0_0, 0, 1;
    %pushi/vec4 0, 0, 1;
    %store/vec4 v000001dc5e8a6450_0, 0, 1;
    %pushi/vec4 1, 0, 1;
    %store/vec4 v000001dc5e885180_0, 0, 1;
    %pushi/vec4 1, 0, 1;
    %store/vec4 v000001dc5e8a5370_0, 0, 1;
    %pushi/vec4 1, 0, 1;
    %store/vec4 v000001dc5e8a4ab0_0, 0, 1;
    %delay 5, 0;
    %pushi/vec4 0, 0, 1;
    %store/vec4 v000001dc5e8a4ab0_0, 0, 1;
    %pushi/vec4 0, 0, 1;
    %store/vec4 v000001dc5e8a4970_0, 0, 1;
    %pushi/vec4 0, 0, 1;
    %store/vec4 v000001dc5e8a4d30_0, 0, 1;
    %jmp T_3.24;
T_3.22 ;
    %pushi/vec4 0, 0, 1;
    %store/vec4 v000001dc5e8a5e10_0, 0, 1;
    %pushi/vec4 0, 0, 1;
    %store/vec4 v000001dc5e8a4dd0_0, 0, 1;
    %pushi/vec4 0, 0, 1;
    %store/vec4 v000001dc5e8a55f0_0, 0, 1;
    %pushi/vec4 0, 0, 1;
    %store/vec4 v000001dc5e8a63b0_0, 0, 1;
    %pushi/vec4 0, 0, 1;
    %store/vec4 v000001dc5e8a6450_0, 0, 1;
    %pushi/vec4 1, 0, 1;
    %store/vec4 v000001dc5e885180_0, 0, 1;
    %pushi/vec4 1, 0, 1;
    %store/vec4 v000001dc5e8a5370_0, 0, 1;
    %pushi/vec4 1, 0, 1;
    %store/vec4 v000001dc5e8a4ab0_0, 0, 1;
    %pushi/vec4 0, 0, 1;
    %store/vec4 v000001dc5e8a4970_0, 0, 1;
    %pushi/vec4 0, 0, 1;
    %store/vec4 v000001dc5e8a4d30_0, 0, 1;
    %jmp T_3.24;
T_3.24 ;
    %pop/vec4 1;
    %pushi/vec4 2, 0, 3;
    %store/vec4 v000001dc5e8a5050_0, 0, 3;
    %jmp T_3.6;
T_3.6 ;
    %pop/vec4 1;
T_3.1 ;
    %jmp T_3;
    .thread T_3, $push;
    .scope S_000001dc5e819510;
T_4 ;
    %wait E_000001dc5e87efd0;
    %load/vec4 v000001dc5e8a6090_0;
    %pad/u 32;
    %pushi/vec4 0, 0, 32;
    %cmp/e;
    %flag_get/vec4 4;
    %load/vec4 v000001dc5e8a5cd0_0;
    %pad/u 32;
    %pushi/vec4 0, 0, 32;
    %cmp/e;
    %flag_get/vec4 4;
    %and;
    %flag_set/vec4 8;
    %jmp/0xz  T_4.0, 8;
    %pushi/vec4 0, 0, 12;
    %assign/vec4 v000001dc5e8a4f10_0, 0;
    %jmp T_4.1;
T_4.0 ;
    %load/vec4 v000001dc5e8a6090_0;
    %pad/u 32;
    %pushi/vec4 1, 0, 32;
    %cmp/e;
    %flag_get/vec4 4;
    %load/vec4 v000001dc5e8a5cd0_0;
    %pad/u 32;
    %pushi/vec4 0, 0, 32;
    %cmp/e;
    %flag_get/vec4 4;
    %and;
    %flag_set/vec4 8;
    %jmp/0xz  T_4.2, 8;
    %load/vec4 v000001dc5e8a57d0_0;
    %assign/vec4 v000001dc5e8a4f10_0, 0;
    %jmp T_4.3;
T_4.2 ;
    %load/vec4 v000001dc5e8a6090_0;
    %pad/u 32;
    %pushi/vec4 0, 0, 32;
    %cmp/e;
    %flag_get/vec4 4;
    %load/vec4 v000001dc5e8a5cd0_0;
    %pad/u 32;
    %pushi/vec4 1, 0, 32;
    %cmp/e;
    %flag_get/vec4 4;
    %and;
    %flag_set/vec4 8;
    %jmp/0xz  T_4.4, 8;
    %load/vec4 v000001dc5e8a4f10_0;
    %addi 1, 0, 12;
    %assign/vec4 v000001dc5e8a4f10_0, 0;
    %jmp T_4.5;
T_4.4 ;
    %load/vec4 v000001dc5e8a4f10_0;
    %assign/vec4 v000001dc5e8a4f10_0, 0;
T_4.5 ;
T_4.3 ;
T_4.1 ;
    %load/vec4 v000001dc5e8a4f10_0;
    %assign/vec4 v000001dc5e8a4e70_0, 0;
    %jmp T_4;
    .thread T_4;
    .scope S_000001dc5e8196a0;
T_5 ;
    %wait E_000001dc5e87efd0;
    %load/vec4 v000001dc5e8a5b90_0;
    %pad/u 32;
    %cmpi/e 1, 0, 32;
    %jmp/0xz  T_5.0, 4;
    %load/vec4 v000001dc5e8a5190_0;
    %assign/vec4 v000001dc5e8a4c90_0, 0;
    %jmp T_5.1;
T_5.0 ;
    %load/vec4 v000001dc5e8a5b90_0;
    %pad/u 32;
    %cmpi/e 0, 0, 32;
    %jmp/0xz  T_5.2, 4;
    %load/vec4 v000001dc5e8a6810_0;
    %assign/vec4 v000001dc5e8a4c90_0, 0;
T_5.2 ;
T_5.1 ;
    %jmp T_5;
    .thread T_5;
    .scope S_000001dc5e819830;
T_6 ;
    %wait E_000001dc5e87efd0;
    %load/vec4 v000001dc5e8a4fb0_0;
    %pad/u 32;
    %cmpi/e 1, 0, 32;
    %jmp/0xz  T_6.0, 4;
    %load/vec4 v000001dc5e8a4bf0_0;
    %assign/vec4 v000001dc5e8a5230_0, 0;
    %load/vec4 v000001dc5e8a4bf0_0;
    %assign/vec4 v000001dc5e8a6590_0, 0;
    %jmp T_6.1;
T_6.0 ;
    %load/vec4 v000001dc5e8a4fb0_0;
    %pad/u 32;
    %cmpi/e 0, 0, 32;
    %jmp/0xz  T_6.2, 4;
    %load/vec4 v000001dc5e8a6590_0;
    %assign/vec4 v000001dc5e8a5230_0, 0;
T_6.2 ;
T_6.1 ;
    %jmp T_6;
    .thread T_6;
    .scope S_000001dc5e817fa0;
T_7 ;
    %wait E_000001dc5e87efd0;
    %load/vec4 v000001dc5e8a5910_0;
    %pad/u 32;
    %cmpi/e 1, 0, 32;
    %jmp/0xz  T_7.0, 4;
    %load/vec4 v000001dc5e8a6130_0;
    %assign/vec4 v000001dc5e8a5410_0, 0;
    %load/vec4 v000001dc5e8a6130_0;
    %assign/vec4 v000001dc5e8a4b50_0, 0;
    %jmp T_7.1;
T_7.0 ;
    %load/vec4 v000001dc5e8a5910_0;
    %pad/u 32;
    %cmpi/e 0, 0, 32;
    %jmp/0xz  T_7.2, 4;
    %load/vec4 v000001dc5e8a4b50_0;
    %assign/vec4 v000001dc5e8a5410_0, 0;
T_7.2 ;
T_7.1 ;
    %jmp T_7;
    .thread T_7;
    .scope S_000001dc5e818130;
T_8 ;
    %wait E_000001dc5e87efd0;
    %load/vec4 v000001dc5e8a6310_0;
    %pad/u 32;
    %cmpi/e 1, 0, 32;
    %jmp/0xz  T_8.0, 4;
    %load/vec4 v000001dc5e8a5f50_0;
    %assign/vec4 v000001dc5e8a54b0_0, 0;
    %load/vec4 v000001dc5e8a5f50_0;
    %assign/vec4 v000001dc5e8a6770_0, 0;
    %jmp T_8.1;
T_8.0 ;
    %load/vec4 v000001dc5e8a6310_0;
    %pad/u 32;
    %cmpi/e 0, 0, 32;
    %jmp/0xz  T_8.2, 4;
    %load/vec4 v000001dc5e8a6770_0;
    %assign/vec4 v000001dc5e8a54b0_0, 0;
T_8.2 ;
T_8.1 ;
    %jmp T_8;
    .thread T_8;
    .scope S_000001dc5e8182c0;
T_9 ;
    %wait E_000001dc5e87efd0;
    %load/vec4 v000001dc5e8a5730_0;
    %pad/u 32;
    %cmpi/e 1, 0, 32;
    %jmp/0xz  T_9.0, 4;
    %load/vec4 v000001dc5e8a4a10_0;
    %ix/getv 4, v000001dc5e8a6630_0;
    %store/vec4a v000001dc5e8a5550, 4, 0;
    %jmp T_9.1;
T_9.0 ;
    %load/vec4 v000001dc5e8a5730_0;
    %pad/u 32;
    %cmpi/e 0, 0, 32;
    %jmp/0xz  T_9.2, 4;
    %ix/getv 4, v000001dc5e8a6630_0;
    %load/vec4a v000001dc5e8a5550, 4;
    %store/vec4 v000001dc5e8a5690_0, 0, 32;
T_9.2 ;
T_9.1 ;
    %jmp T_9;
    .thread T_9;
    .scope S_000001dc5e80fb20;
T_10 ;
    %wait E_000001dc5e87efd0;
    %load/vec4 v000001dc5e8a5d70_0;
    %pad/u 32;
    %cmpi/e 1, 0, 32;
    %jmp/0xz  T_10.0, 4;
    %load/vec4 v000001dc5e8a5a50_0;
    %assign/vec4 v000001dc5e8a5af0_0, 0;
    %jmp T_10.1;
T_10.0 ;
    %load/vec4 v000001dc5e8a5d70_0;
    %pad/u 32;
    %cmpi/e 0, 0, 32;
    %jmp/0xz  T_10.2, 4;
    %pushi/vec4 0, 0, 16;
    %load/vec4 v000001dc5e8a5eb0_0;
    %concat/vec4; draw_concat_vec4
    %assign/vec4 v000001dc5e8a5af0_0, 0;
T_10.2 ;
T_10.1 ;
    %jmp T_10;
    .thread T_10;
    .scope S_000001dc5e80d550;
T_11 ;
    %wait E_000001dc5e87e790;
    %load/vec4 v000001dc5e8a7b00_0;
    %dup/vec4;
    %pushi/vec4 0, 0, 3;
    %cmp/u;
    %jmp/1 T_11.0, 6;
    %dup/vec4;
    %pushi/vec4 1, 0, 3;
    %cmp/u;
    %jmp/1 T_11.1, 6;
    %dup/vec4;
    %pushi/vec4 2, 0, 3;
    %cmp/u;
    %jmp/1 T_11.2, 6;
    %dup/vec4;
    %pushi/vec4 3, 0, 3;
    %cmp/u;
    %jmp/1 T_11.3, 6;
    %pushi/vec4 0, 0, 32;
    %store/vec4 v000001dc5e8a8320_0, 0, 32;
    %jmp T_11.5;
T_11.0 ;
    %pushi/vec4 0, 0, 16;
    %load/vec4 v000001dc5e8a61d0_0;
    %load/vec4 v000001dc5e8a7ec0_0;
    %add;
    %concat/vec4; draw_concat_vec4
    %store/vec4 v000001dc5e8a8320_0, 0, 32;
    %jmp T_11.5;
T_11.1 ;
    %load/vec4 v000001dc5e8a61d0_0;
    %pad/u 32;
    %load/vec4 v000001dc5e8a7ec0_0;
    %pad/u 32;
    %mul;
    %store/vec4 v000001dc5e8a8320_0, 0, 32;
    %jmp T_11.5;
T_11.2 ;
    %load/vec4 v000001dc5e8a7ec0_0;
    %load/vec4 v000001dc5e8a61d0_0;
    %cmp/u;
    %jmp/0xz  T_11.6, 5;
    %load/vec4 v000001dc5e8a61d0_0;
    %pad/u 32;
    %load/vec4 v000001dc5e8a7ec0_0;
    %pad/u 32;
    %sub;
    %store/vec4 v000001dc5e8a8320_0, 0, 32;
    %jmp T_11.7;
T_11.6 ;
    %load/vec4 v000001dc5e8a7ec0_0;
    %pad/u 32;
    %load/vec4 v000001dc5e8a61d0_0;
    %pad/u 32;
    %sub;
    %store/vec4 v000001dc5e8a8320_0, 0, 32;
T_11.7 ;
    %jmp T_11.5;
T_11.3 ;
    %load/vec4 v000001dc5e8a7ec0_0;
    %load/vec4 v000001dc5e8a61d0_0;
    %cmp/u;
    %jmp/0xz  T_11.8, 5;
    %load/vec4 v000001dc5e8a61d0_0;
    %pad/u 32;
    %load/vec4 v000001dc5e8a7ec0_0;
    %pad/u 32;
    %div;
    %store/vec4 v000001dc5e8a8320_0, 0, 32;
    %jmp T_11.9;
T_11.8 ;
    %load/vec4 v000001dc5e8a7ec0_0;
    %pad/u 32;
    %load/vec4 v000001dc5e8a61d0_0;
    %pad/u 32;
    %div;
    %store/vec4 v000001dc5e8a8320_0, 0, 32;
T_11.9 ;
    %jmp T_11.5;
T_11.5 ;
    %pop/vec4 1;
    %jmp T_11;
    .thread T_11, $push;
    .scope S_000001dc5e80d6e0;
T_12 ;
    %wait E_000001dc5e87e790;
    %load/vec4 v000001dc5e8a6c00_0;
    %dup/vec4;
    %pushi/vec4 0, 0, 3;
    %cmp/u;
    %jmp/1 T_12.0, 6;
    %dup/vec4;
    %pushi/vec4 1, 0, 3;
    %cmp/u;
    %jmp/1 T_12.1, 6;
    %dup/vec4;
    %pushi/vec4 2, 0, 3;
    %cmp/u;
    %jmp/1 T_12.2, 6;
    %dup/vec4;
    %pushi/vec4 3, 0, 3;
    %cmp/u;
    %jmp/1 T_12.3, 6;
    %dup/vec4;
    %pushi/vec4 4, 0, 3;
    %cmp/u;
    %jmp/1 T_12.4, 6;
    %dup/vec4;
    %pushi/vec4 5, 0, 3;
    %cmp/u;
    %jmp/1 T_12.5, 6;
    %dup/vec4;
    %pushi/vec4 6, 0, 3;
    %cmp/u;
    %jmp/1 T_12.6, 6;
    %dup/vec4;
    %pushi/vec4 7, 0, 3;
    %cmp/u;
    %jmp/1 T_12.7, 6;
    %pushi/vec4 0, 0, 32;
    %store/vec4 v000001dc5e8a76a0_0, 0, 32;
    %jmp T_12.9;
T_12.0 ;
    %pushi/vec4 0, 0, 16;
    %load/vec4 v000001dc5e8a85a0_0;
    %load/vec4 v000001dc5e8a7060_0;
    %and;
    %concat/vec4; draw_concat_vec4
    %store/vec4 v000001dc5e8a76a0_0, 0, 32;
    %jmp T_12.9;
T_12.1 ;
    %pushi/vec4 0, 0, 16;
    %load/vec4 v000001dc5e8a85a0_0;
    %load/vec4 v000001dc5e8a7060_0;
    %or;
    %concat/vec4; draw_concat_vec4
    %store/vec4 v000001dc5e8a76a0_0, 0, 32;
    %jmp T_12.9;
T_12.2 ;
    %pushi/vec4 0, 0, 16;
    %load/vec4 v000001dc5e8a85a0_0;
    %load/vec4 v000001dc5e8a7060_0;
    %and;
    %inv;
    %concat/vec4; draw_concat_vec4
    %store/vec4 v000001dc5e8a76a0_0, 0, 32;
    %jmp T_12.9;
T_12.3 ;
    %pushi/vec4 0, 0, 16;
    %load/vec4 v000001dc5e8a85a0_0;
    %load/vec4 v000001dc5e8a7060_0;
    %or;
    %inv;
    %concat/vec4; draw_concat_vec4
    %store/vec4 v000001dc5e8a76a0_0, 0, 32;
    %jmp T_12.9;
T_12.4 ;
    %pushi/vec4 0, 0, 16;
    %load/vec4 v000001dc5e8a85a0_0;
    %inv;
    %concat/vec4; draw_concat_vec4
    %store/vec4 v000001dc5e8a76a0_0, 0, 32;
    %jmp T_12.9;
T_12.5 ;
    %pushi/vec4 0, 0, 16;
    %load/vec4 v000001dc5e8a7060_0;
    %inv;
    %concat/vec4; draw_concat_vec4
    %store/vec4 v000001dc5e8a76a0_0, 0, 32;
    %jmp T_12.9;
T_12.6 ;
    %pushi/vec4 0, 0, 16;
    %load/vec4 v000001dc5e8a85a0_0;
    %load/vec4 v000001dc5e8a7060_0;
    %xor;
    %concat/vec4; draw_concat_vec4
    %store/vec4 v000001dc5e8a76a0_0, 0, 32;
    %jmp T_12.9;
T_12.7 ;
    %pushi/vec4 0, 0, 16;
    %load/vec4 v000001dc5e8a85a0_0;
    %load/vec4 v000001dc5e8a7060_0;
    %xor;
    %inv;
    %concat/vec4; draw_concat_vec4
    %store/vec4 v000001dc5e8a76a0_0, 0, 32;
    %jmp T_12.9;
T_12.9 ;
    %pop/vec4 1;
    %jmp T_12;
    .thread T_12, $push;
    .scope S_000001dc5e80d6e0;
T_13 ;
    %wait E_000001dc5e87f1d0;
    %load/vec4 v000001dc5e8a85a0_0;
    %load/vec4 v000001dc5e8a7060_0;
    %cmp/e;
    %jmp/0xz  T_13.0, 4;
    %pushi/vec4 1, 0, 1;
    %store/vec4 v000001dc5e8a83c0_0, 0, 1;
    %jmp T_13.1;
T_13.0 ;
    %pushi/vec4 0, 0, 1;
    %store/vec4 v000001dc5e8a83c0_0, 0, 1;
T_13.1 ;
    %load/vec4 v000001dc5e8a7060_0;
    %load/vec4 v000001dc5e8a85a0_0;
    %cmp/u;
    %jmp/0xz  T_13.2, 5;
    %pushi/vec4 1, 0, 1;
    %store/vec4 v000001dc5e8a7e20_0, 0, 1;
    %jmp T_13.3;
T_13.2 ;
    %pushi/vec4 0, 0, 1;
    %store/vec4 v000001dc5e8a7e20_0, 0, 1;
T_13.3 ;
    %load/vec4 v000001dc5e8a85a0_0;
    %load/vec4 v000001dc5e8a7060_0;
    %cmp/u;
    %jmp/0xz  T_13.4, 5;
    %pushi/vec4 1, 0, 1;
    %store/vec4 v000001dc5e8a6980_0, 0, 1;
    %jmp T_13.5;
T_13.4 ;
    %pushi/vec4 0, 0, 1;
    %store/vec4 v000001dc5e8a6980_0, 0, 1;
T_13.5 ;
    %load/vec4 v000001dc5e8a85a0_0;
    %cmpi/e 0, 0, 16;
    %jmp/0xz  T_13.6, 4;
    %pushi/vec4 1, 0, 1;
    %store/vec4 v000001dc5e8a86e0_0, 0, 1;
    %jmp T_13.7;
T_13.6 ;
    %pushi/vec4 0, 0, 1;
    %store/vec4 v000001dc5e8a86e0_0, 0, 1;
T_13.7 ;
    %load/vec4 v000001dc5e8a7060_0;
    %cmpi/e 0, 0, 16;
    %jmp/0xz  T_13.8, 4;
    %pushi/vec4 1, 0, 1;
    %store/vec4 v000001dc5e8a6e80_0, 0, 1;
    %jmp T_13.9;
T_13.8 ;
    %pushi/vec4 0, 0, 1;
    %store/vec4 v000001dc5e8a6e80_0, 0, 1;
T_13.9 ;
    %jmp T_13;
    .thread T_13, $push;
    .scope S_000001dc5e80fcb0;
T_14 ;
    %wait E_000001dc5e87eb50;
    %load/vec4 v000001dc5e8a6ac0_0;
    %pad/u 32;
    %cmpi/e 0, 0, 32;
    %jmp/0xz  T_14.0, 4;
    %load/vec4 v000001dc5e8a7920_0;
    %store/vec4 v000001dc5e8a8780_0, 0, 32;
    %jmp T_14.1;
T_14.0 ;
    %load/vec4 v000001dc5e8a6ac0_0;
    %pad/u 32;
    %cmpi/e 1, 0, 32;
    %jmp/0xz  T_14.2, 4;
    %load/vec4 v000001dc5e8a8820_0;
    %store/vec4 v000001dc5e8a8780_0, 0, 32;
    %jmp T_14.3;
T_14.2 ;
    %pushi/vec4 0, 0, 32;
    %store/vec4 v000001dc5e8a8780_0, 0, 32;
T_14.3 ;
T_14.1 ;
    %load/vec4 v000001dc5e8a8280_0;
    %store/vec4 v000001dc5e8a81e0_0, 0, 1;
    %load/vec4 v000001dc5e8a6a20_0;
    %store/vec4 v000001dc5e8a79c0_0, 0, 1;
    %load/vec4 v000001dc5e8a6f20_0;
    %store/vec4 v000001dc5e8a6d40_0, 0, 1;
    %load/vec4 v000001dc5e8a6fc0_0;
    %store/vec4 v000001dc5e8a8460_0, 0, 1;
    %load/vec4 v000001dc5e8a8140_0;
    %store/vec4 v000001dc5e8a7880_0, 0, 1;
    %jmp T_14;
    .thread T_14, $push;
    .scope S_000001dc5e7f4540;
T_15 ;
    %pushi/vec4 0, 0, 1;
    %store/vec4 v000001dc5e8aa010_0, 0, 1;
    %pushi/vec4 0, 0, 1;
    %store/vec4 v000001dc5e8a9c50_0, 0, 1;
    %pushi/vec4 0, 0, 1;
    %store/vec4 v000001dc5e8a8cb0_0, 0, 1;
    %pushi/vec4 0, 0, 16;
    %store/vec4 v000001dc5e8aa1f0_0, 0, 16;
    %pushi/vec4 0, 0, 12;
    %store/vec4 v000001dc5e8a92f0_0, 0, 12;
    %end;
    .thread T_15;
    .scope S_000001dc5e7f4540;
T_16 ;
    %delay 10, 0;
    %load/vec4 v000001dc5e8aa010_0;
    %inv;
    %store/vec4 v000001dc5e8aa010_0, 0, 1;
    %jmp T_16;
    .thread T_16;
    .scope S_000001dc5e7f4540;
T_17 ;
    %delay 10, 0;
    %pushi/vec4 1, 0, 1;
    %store/vec4 v000001dc5e8a9c50_0, 0, 1;
    %delay 5, 0;
    %pushi/vec4 1, 0, 1;
    %store/vec4 v000001dc5e8a8cb0_0, 0, 1;
    %pushi/vec4 24577, 0, 16;
    %store/vec4 v000001dc5e8aa1f0_0, 0, 16;
    %delay 10, 0;
    %pushi/vec4 0, 0, 1;
    %store/vec4 v000001dc5e8a8cb0_0, 0, 1;
    %delay 20, 0;
    %pushi/vec4 1, 0, 1;
    %store/vec4 v000001dc5e8a8cb0_0, 0, 1;
    %pushi/vec4 16384, 0, 16;
    %store/vec4 v000001dc5e8aa1f0_0, 0, 16;
    %delay 10, 0;
    %pushi/vec4 0, 0, 1;
    %store/vec4 v000001dc5e8a8cb0_0, 0, 1;
    %delay 20, 0;
    %pushi/vec4 1, 0, 1;
    %store/vec4 v000001dc5e8a8cb0_0, 0, 1;
    %pushi/vec4 20481, 0, 16;
    %store/vec4 v000001dc5e8aa1f0_0, 0, 16;
    %delay 10, 0;
    %pushi/vec4 0, 0, 1;
    %store/vec4 v000001dc5e8a8cb0_0, 0, 1;
    %delay 20, 0;
    %pushi/vec4 1, 0, 1;
    %store/vec4 v000001dc5e8a8cb0_0, 0, 1;
    %pushi/vec4 16, 0, 16;
    %store/vec4 v000001dc5e8aa1f0_0, 0, 16;
    %delay 10, 0;
    %pushi/vec4 0, 0, 1;
    %store/vec4 v000001dc5e8a8cb0_0, 0, 1;
    %delay 20, 0;
    %pushi/vec4 1, 0, 1;
    %store/vec4 v000001dc5e8a8cb0_0, 0, 1;
    %pushi/vec4 36896, 0, 16;
    %store/vec4 v000001dc5e8aa1f0_0, 0, 16;
    %delay 10, 0;
    %pushi/vec4 0, 0, 1;
    %store/vec4 v000001dc5e8a8cb0_0, 0, 1;
    %delay 20, 0;
    %pushi/vec4 1, 0, 1;
    %store/vec4 v000001dc5e8a8cb0_0, 0, 1;
    %pushi/vec4 57378, 0, 16;
    %store/vec4 v000001dc5e8aa1f0_0, 0, 16;
    %delay 10, 0;
    %pushi/vec4 0, 0, 1;
    %store/vec4 v000001dc5e8a8cb0_0, 0, 1;
    %delay 20, 0;
    %pushi/vec4 1, 0, 1;
    %store/vec4 v000001dc5e8a8cb0_0, 0, 1;
    %pushi/vec4 1920, 0, 16;
    %store/vec4 v000001dc5e8aa1f0_0, 0, 16;
    %delay 10, 0;
    %pushi/vec4 0, 0, 1;
    %store/vec4 v000001dc5e8a8cb0_0, 0, 1;
    %delay 20, 0;
    %pushi/vec4 1, 0, 1;
    %store/vec4 v000001dc5e8a8cb0_0, 0, 1;
    %pushi/vec4 53351, 0, 16;
    %store/vec4 v000001dc5e8aa1f0_0, 0, 16;
    %delay 10, 0;
    %pushi/vec4 0, 0, 1;
    %store/vec4 v000001dc5e8a8cb0_0, 0, 1;
    %delay 20, 0;
    %pushi/vec4 1, 0, 1;
    %store/vec4 v000001dc5e8a8cb0_0, 0, 1;
    %pushi/vec4 24615, 0, 16;
    %store/vec4 v000001dc5e8aa1f0_0, 0, 16;
    %delay 10, 0;
    %pushi/vec4 0, 0, 1;
    %store/vec4 v000001dc5e8a8cb0_0, 0, 1;
    %delay 20, 0;
    %pushi/vec4 1, 0, 1;
    %store/vec4 v000001dc5e8a8cb0_0, 0, 1;
    %pushi/vec4 28705, 0, 16;
    %store/vec4 v000001dc5e8aa1f0_0, 0, 16;
    %delay 10, 0;
    %pushi/vec4 0, 0, 1;
    %store/vec4 v000001dc5e8a8cb0_0, 0, 1;
    %delay 20, 0;
    %pushi/vec4 1, 0, 1;
    %store/vec4 v000001dc5e8a8cb0_0, 0, 1;
    %pushi/vec4 32802, 0, 16;
    %store/vec4 v000001dc5e8aa1f0_0, 0, 16;
    %delay 10, 0;
    %pushi/vec4 0, 0, 1;
    %store/vec4 v000001dc5e8a8cb0_0, 0, 1;
    %delay 10, 0;
    %pushi/vec4 1, 0, 1;
    %store/vec4 v000001dc5e8a8cb0_0, 0, 1;
    %pushi/vec4 28945, 0, 16;
    %store/vec4 v000001dc5e8aa1f0_0, 0, 16;
    %delay 7, 0;
    %pushi/vec4 0, 0, 1;
    %store/vec4 v000001dc5e8a8cb0_0, 0, 1;
    %pushi/vec4 4075, 0, 12;
    %store/vec4 v000001dc5e8a92f0_0, 0, 12;
    %vpi_call 2 115 "$monitor", "Time=%0t | codein=%h | immd=%h | Za=%b Zb=%b Eq=%b Gt=%b Lt=%b", $time, v000001dc5e8aa1f0_0, v000001dc5e8a92f0_0, v000001dc5e8a9f70_0, v000001dc5e8aa830_0, v000001dc5e8a9bb0_0, v000001dc5e8a8ad0_0, v000001dc5e8a9750_0 {0 0 0};
    %end;
    .thread T_17;
# The file index is used to find the file name in the following table.
:file_names 17;
    "N/A";
    "<interactive>";
    "CPU_tb.v";
    "./CPU.v";
    "./Instruction_Memory.v";
    "./Instruction_Reg.v";
    "./Controller.v";
    "./ProgramCounter.v";
    "./MUX_B.v";
    "./RegisterA.v";
    "./RegisterB.v";
    "./RegisterC.v";
    "./DataMemory.v";
    "./MUX_A.v";
    "./ALU.v";
    "./Arithmetic.v";
    "./LogicUnit.v";
