#! /c/Source/iverilog-install/bin/vvp
:ivl_version "12.0 (devel)" "(s20150603-1110-g18392a46)";
:ivl_delay_selection "TYPICAL";
:vpi_time_precision - 12;
:vpi_module "C:\iverilog\lib\ivl\system.vpi";
:vpi_module "C:\iverilog\lib\ivl\vhdl_sys.vpi";
:vpi_module "C:\iverilog\lib\ivl\vhdl_textio.vpi";
:vpi_module "C:\iverilog\lib\ivl\v2005_math.vpi";
:vpi_module "C:\iverilog\lib\ivl\va_math.vpi";
S_000001efbdafcd30 .scope module, "tb_datamem" "tb_datamem" 2 4;
 .timescale -9 -12;
v000001efbdafc350_0 .var "addDM", 11 0;
v000001efbdb43860_0 .var "clk", 0 0;
v000001efbdb43900_0 .var "dataDM", 31 0;
v000001efbdb439a0_0 .net "outDM", 31 0, v000001efbdafc210_0;  1 drivers
v000001efbdb43a40_0 .var "we_DM", 0 0;
S_000001efbdafcec0 .scope module, "d1" "datamem" 2 12, 3 1 0, S_000001efbdafcd30;
 .timescale -9 -12;
    .port_info 0 /INPUT 1 "clk";
    .port_info 1 /INPUT 1 "we_DM";
    .port_info 2 /INPUT 32 "dataDM";
    .port_info 3 /INPUT 12 "addDM";
    .port_info 4 /OUTPUT 32 "outDM";
v000001efbdafd050_0 .net "addDM", 11 0, v000001efbdafc350_0;  1 drivers
v000001efbdb13390_0 .net "clk", 0 0, v000001efbdb43860_0;  1 drivers
v000001efbdafc0d0_0 .net "dataDM", 31 0, v000001efbdb43900_0;  1 drivers
v000001efbdafc170 .array "mem", 31 0, 31 0;
v000001efbdafc210_0 .var "outDM", 31 0;
v000001efbdafc2b0_0 .net "we_DM", 0 0, v000001efbdb43a40_0;  1 drivers
E_000001efbdb48df0 .event posedge, v000001efbdb13390_0;
    .scope S_000001efbdafcec0;
T_0 ;
    %wait E_000001efbdb48df0;
    %load/vec4 v000001efbdafc2b0_0;
    %pad/u 32;
    %cmpi/e 1, 0, 32;
    %jmp/0xz  T_0.0, 4;
    %load/vec4 v000001efbdafc0d0_0;
    %ix/getv 4, v000001efbdafd050_0;
    %store/vec4a v000001efbdafc170, 4, 0;
    %jmp T_0.1;
T_0.0 ;
    %load/vec4 v000001efbdafc2b0_0;
    %pad/u 32;
    %cmpi/e 0, 0, 32;
    %jmp/0xz  T_0.2, 4;
    %ix/getv 4, v000001efbdafd050_0;
    %load/vec4a v000001efbdafc170, 4;
    %store/vec4 v000001efbdafc210_0, 0, 32;
T_0.2 ;
T_0.1 ;
    %jmp T_0;
    .thread T_0;
    .scope S_000001efbdafcd30;
T_1 ;
    %pushi/vec4 0, 0, 1;
    %assign/vec4 v000001efbdb43860_0, 0;
    %pushi/vec4 0, 0, 1;
    %assign/vec4 v000001efbdb43a40_0, 0;
    %pushi/vec4 0, 0, 32;
    %assign/vec4 v000001efbdb43900_0, 0;
    %pushi/vec4 0, 0, 12;
    %assign/vec4 v000001efbdafc350_0, 0;
    %end;
    .thread T_1;
    .scope S_000001efbdafcd30;
T_2 ;
    %delay 5000, 0;
    %load/vec4 v000001efbdb43860_0;
    %inv;
    %store/vec4 v000001efbdb43860_0, 0, 1;
    %jmp T_2;
    .thread T_2;
    .scope S_000001efbdafcd30;
T_3 ;
    %delay 5000, 0;
    %pushi/vec4 1, 0, 1;
    %assign/vec4 v000001efbdb43a40_0, 0;
    %pushi/vec4 7678, 0, 32;
    %assign/vec4 v000001efbdb43900_0, 0;
    %pushi/vec4 1, 0, 12;
    %store/vec4 v000001efbdafc350_0, 0, 12;
    %delay 30000, 0;
    %pushi/vec4 0, 0, 1;
    %assign/vec4 v000001efbdb43a40_0, 0;
    %delay 5000, 0;
    %pushi/vec4 1, 0, 1;
    %assign/vec4 v000001efbdb43a40_0, 0;
    %delay 5000, 0;
    %pushi/vec4 7934, 0, 32;
    %assign/vec4 v000001efbdb43900_0, 0;
    %pushi/vec4 2, 0, 12;
    %store/vec4 v000001efbdafc350_0, 0, 12;
    %delay 30000, 0;
    %pushi/vec4 0, 0, 1;
    %assign/vec4 v000001efbdb43a40_0, 0;
    %delay 5000, 0;
    %pushi/vec4 1, 0, 12;
    %store/vec4 v000001efbdafc350_0, 0, 12;
    %delay 30000, 0;
    %pushi/vec4 1, 0, 1;
    %assign/vec4 v000001efbdb43a40_0, 0;
    %delay 5000, 0;
    %pushi/vec4 4097, 0, 32;
    %assign/vec4 v000001efbdb43900_0, 0;
    %delay 30000, 0;
    %pushi/vec4 0, 0, 1;
    %assign/vec4 v000001efbdb43a40_0, 0;
    %end;
    .thread T_3;
# The file index is used to find the file name in the following table.
:file_names 4;
    "N/A";
    "<interactive>";
    "DataMemory_tb.v";
    "./DataMemory.v";
