#! /c/Source/iverilog-install/bin/vvp
:ivl_version "12.0 (devel)" "(s20150603-1110-g18392a46)";
:ivl_delay_selection "TYPICAL";
:vpi_time_precision + 0;
:vpi_module "C:\iverilog\lib\ivl\system.vpi";
:vpi_module "C:\iverilog\lib\ivl\vhdl_sys.vpi";
:vpi_module "C:\iverilog\lib\ivl\vhdl_textio.vpi";
:vpi_module "C:\iverilog\lib\ivl\v2005_math.vpi";
:vpi_module "C:\iverilog\lib\ivl\va_math.vpi";
S_0000024fce5d3040 .scope module, "datamem" "datamem" 2 1;
 .timescale 0 0;
    .port_info 0 /INPUT 1 "clk";
    .port_info 1 /INPUT 1 "we_DM";
    .port_info 2 /INPUT 32 "dataDM";
    .port_info 3 /INPUT 12 "addDM";
    .port_info 4 /OUTPUT 32 "outDM";
o0000024fce606fd8 .functor BUFZ 12, C4<zzzzzzzzzzzz>; HiZ drive
v0000024fce5d31d0_0 .net "addDM", 11 0, o0000024fce606fd8;  0 drivers
o0000024fce607008 .functor BUFZ 1, C4<z>; HiZ drive
v0000024fce5d3270_0 .net "clk", 0 0, o0000024fce607008;  0 drivers
o0000024fce607038 .functor BUFZ 32, C4<zzzzzzzzzzzzzzzzzzzzzzzzzzzzzzzz>; HiZ drive
v0000024fce5d3310_0 .net "dataDM", 31 0, o0000024fce607038;  0 drivers
v0000024fce5bec20 .array "mem", 31 0, 31 0;
v0000024fce5becc0_0 .var "outDM", 31 0;
o0000024fce607098 .functor BUFZ 1, C4<z>; HiZ drive
v0000024fce5bed60_0 .net "we_DM", 0 0, o0000024fce607098;  0 drivers
E_0000024fce606860 .event posedge, v0000024fce5d3270_0;
    .scope S_0000024fce5d3040;
T_0 ;
    %wait E_0000024fce606860;
    %load/vec4 v0000024fce5bed60_0;
    %pad/u 32;
    %cmpi/e 1, 0, 32;
    %jmp/0xz  T_0.0, 4;
    %load/vec4 v0000024fce5d3310_0;
    %ix/getv 4, v0000024fce5d31d0_0;
    %store/vec4a v0000024fce5bec20, 4, 0;
    %jmp T_0.1;
T_0.0 ;
    %load/vec4 v0000024fce5bed60_0;
    %pad/u 32;
    %cmpi/e 0, 0, 32;
    %jmp/0xz  T_0.2, 4;
    %ix/getv 4, v0000024fce5d31d0_0;
    %load/vec4a v0000024fce5bec20, 4;
    %store/vec4 v0000024fce5becc0_0, 0, 32;
T_0.2 ;
T_0.1 ;
    %jmp T_0;
    .thread T_0;
# The file index is used to find the file name in the following table.
:file_names 3;
    "N/A";
    "<interactive>";
    "DataMemory.v";
