#! /c/Source/iverilog-install/bin/vvp
:ivl_version "12.0 (devel)" "(s20150603-1110-g18392a46)";
:ivl_delay_selection "TYPICAL";
:vpi_time_precision + 0;
:vpi_module "C:\iverilog\lib\ivl\system.vpi";
:vpi_module "C:\iverilog\lib\ivl\vhdl_sys.vpi";
:vpi_module "C:\iverilog\lib\ivl\vhdl_textio.vpi";
:vpi_module "C:\iverilog\lib\ivl\v2005_math.vpi";
:vpi_module "C:\iverilog\lib\ivl\va_math.vpi";
S_000001a212c52f30 .scope module, "encode164" "encode164" 2 1;
 .timescale 0 0;
    .port_info 0 /OUTPUT 4 "out";
    .port_info 1 /INPUT 16 "in";
    .port_info 2 /INPUT 1 "en";
o000001a212c88f58 .functor BUFZ 1, C4<z>; HiZ drive
v000001a212c88eb0_0 .net "en", 0 0, o000001a212c88f58;  0 drivers
o000001a212c88f88 .functor BUFZ 16, C4<zzzzzzzzzzzzzzzz>; HiZ drive
v000001a212c530c0_0 .net "in", 15 0, o000001a212c88f88;  0 drivers
v000001a212c53160_0 .var "out", 3 0;
E_000001a212d99da0 .event anyedge, v000001a212c530c0_0, v000001a212c88eb0_0;
    .scope S_000001a212c52f30;
T_0 ;
    %wait E_000001a212d99da0;
    %pushi/vec4 0, 0, 4;
    %store/vec4 v000001a212c53160_0, 0, 4;
    %load/vec4 v000001a212c88eb0_0;
    %pad/u 32;
    %cmpi/e 1, 0, 32;
    %jmp/0xz  T_0.0, 4;
    %load/vec4 v000001a212c530c0_0;
    %dup/vec4;
    %pushi/vec4 2, 0, 16;
    %cmp/u;
    %jmp/1 T_0.2, 6;
    %dup/vec4;
    %pushi/vec4 4, 0, 16;
    %cmp/u;
    %jmp/1 T_0.3, 6;
    %dup/vec4;
    %pushi/vec4 8, 0, 16;
    %cmp/u;
    %jmp/1 T_0.4, 6;
    %dup/vec4;
    %pushi/vec4 16, 0, 16;
    %cmp/u;
    %jmp/1 T_0.5, 6;
    %dup/vec4;
    %pushi/vec4 32, 0, 16;
    %cmp/u;
    %jmp/1 T_0.6, 6;
    %dup/vec4;
    %pushi/vec4 64, 0, 16;
    %cmp/u;
    %jmp/1 T_0.7, 6;
    %dup/vec4;
    %pushi/vec4 128, 0, 16;
    %cmp/u;
    %jmp/1 T_0.8, 6;
    %dup/vec4;
    %pushi/vec4 256, 0, 16;
    %cmp/u;
    %jmp/1 T_0.9, 6;
    %dup/vec4;
    %pushi/vec4 512, 0, 16;
    %cmp/u;
    %jmp/1 T_0.10, 6;
    %dup/vec4;
    %pushi/vec4 1024, 0, 16;
    %cmp/u;
    %jmp/1 T_0.11, 6;
    %dup/vec4;
    %pushi/vec4 2048, 0, 16;
    %cmp/u;
    %jmp/1 T_0.12, 6;
    %dup/vec4;
    %pushi/vec4 4096, 0, 16;
    %cmp/u;
    %jmp/1 T_0.13, 6;
    %dup/vec4;
    %pushi/vec4 8192, 0, 16;
    %cmp/u;
    %jmp/1 T_0.14, 6;
    %dup/vec4;
    %pushi/vec4 16384, 0, 16;
    %cmp/u;
    %jmp/1 T_0.15, 6;
    %dup/vec4;
    %pushi/vec4 32768, 0, 16;
    %cmp/u;
    %jmp/1 T_0.16, 6;
    %pushi/vec4 0, 0, 4;
    %store/vec4 v000001a212c53160_0, 0, 4;
    %jmp T_0.18;
T_0.2 ;
    %pushi/vec4 1, 0, 4;
    %store/vec4 v000001a212c53160_0, 0, 4;
    %jmp T_0.18;
T_0.3 ;
    %pushi/vec4 2, 0, 4;
    %store/vec4 v000001a212c53160_0, 0, 4;
    %jmp T_0.18;
T_0.4 ;
    %pushi/vec4 3, 0, 4;
    %store/vec4 v000001a212c53160_0, 0, 4;
    %jmp T_0.18;
T_0.5 ;
    %pushi/vec4 4, 0, 4;
    %store/vec4 v000001a212c53160_0, 0, 4;
    %jmp T_0.18;
T_0.6 ;
    %pushi/vec4 5, 0, 4;
    %store/vec4 v000001a212c53160_0, 0, 4;
    %jmp T_0.18;
T_0.7 ;
    %pushi/vec4 6, 0, 4;
    %store/vec4 v000001a212c53160_0, 0, 4;
    %jmp T_0.18;
T_0.8 ;
    %pushi/vec4 7, 0, 4;
    %store/vec4 v000001a212c53160_0, 0, 4;
    %jmp T_0.18;
T_0.9 ;
    %pushi/vec4 8, 0, 4;
    %store/vec4 v000001a212c53160_0, 0, 4;
    %jmp T_0.18;
T_0.10 ;
    %pushi/vec4 9, 0, 4;
    %store/vec4 v000001a212c53160_0, 0, 4;
    %jmp T_0.18;
T_0.11 ;
    %pushi/vec4 10, 0, 4;
    %store/vec4 v000001a212c53160_0, 0, 4;
    %jmp T_0.18;
T_0.12 ;
    %pushi/vec4 11, 0, 4;
    %store/vec4 v000001a212c53160_0, 0, 4;
    %jmp T_0.18;
T_0.13 ;
    %pushi/vec4 12, 0, 4;
    %store/vec4 v000001a212c53160_0, 0, 4;
    %jmp T_0.18;
T_0.14 ;
    %pushi/vec4 13, 0, 4;
    %store/vec4 v000001a212c53160_0, 0, 4;
    %jmp T_0.18;
T_0.15 ;
    %pushi/vec4 14, 0, 4;
    %store/vec4 v000001a212c53160_0, 0, 4;
    %jmp T_0.18;
T_0.16 ;
    %pushi/vec4 15, 0, 4;
    %store/vec4 v000001a212c53160_0, 0, 4;
    %jmp T_0.18;
T_0.18 ;
    %pop/vec4 1;
T_0.0 ;
    %jmp T_0;
    .thread T_0, $push;
# The file index is used to find the file name in the following table.
:file_names 3;
    "N/A";
    "<interactive>";
    "encoder16_4.v";
