#! /c/Source/iverilog-install/bin/vvp
:ivl_version "12.0 (devel)" "(s20150603-1110-g18392a46)";
:ivl_delay_selection "TYPICAL";
:vpi_time_precision + 0;
:vpi_module "C:\iverilog\lib\ivl\system.vpi";
:vpi_module "C:\iverilog\lib\ivl\vhdl_sys.vpi";
:vpi_module "C:\iverilog\lib\ivl\vhdl_textio.vpi";
:vpi_module "C:\iverilog\lib\ivl\v2005_math.vpi";
:vpi_module "C:\iverilog\lib\ivl\va_math.vpi";
S_0000017a1f5ce830 .scope module, "tb_encode" "tb_encode" 2 3;
 .timescale 0 0;
v0000017a1f5cc2a0_0 .var "en", 0 0;
v0000017a1f5cc340_0 .var "in", 15 0;
v0000017a1f5cc3e0_0 .net "out", 3 0, v0000017a1f5cc200_0;  1 drivers
S_0000017a1f5ce9c0 .scope module, "e1" "encode164" 2 10, 3 1 0, S_0000017a1f5ce830;
 .timescale 0 0;
    .port_info 0 /OUTPUT 4 "out";
    .port_info 1 /INPUT 16 "in";
    .port_info 2 /INPUT 1 "en";
v0000017a1f5ceb50_0 .net "en", 0 0, v0000017a1f5cc2a0_0;  1 drivers
v0000017a1f5e3370_0 .net "in", 15 0, v0000017a1f5cc340_0;  1 drivers
v0000017a1f5cc200_0 .var "out", 3 0;
E_0000017a1f619ad0 .event anyedge, v0000017a1f5e3370_0, v0000017a1f5ceb50_0;
    .scope S_0000017a1f5ce9c0;
T_0 ;
    %wait E_0000017a1f619ad0;
    %pushi/vec4 0, 0, 4;
    %store/vec4 v0000017a1f5cc200_0, 0, 4;
    %load/vec4 v0000017a1f5ceb50_0;
    %pad/u 32;
    %cmpi/e 1, 0, 32;
    %jmp/0xz  T_0.0, 4;
    %load/vec4 v0000017a1f5e3370_0;
    %dup/vec4;
    %pushi/vec4 2, 0, 16;
    %cmp/u;
    %jmp/1 T_0.2, 6;
    %dup/vec4;
    %pushi/vec4 4, 0, 16;
    %cmp/u;
    %jmp/1 T_0.3, 6;
    %dup/vec4;
    %pushi/vec4 8, 0, 16;
    %cmp/u;
    %jmp/1 T_0.4, 6;
    %dup/vec4;
    %pushi/vec4 16, 0, 16;
    %cmp/u;
    %jmp/1 T_0.5, 6;
    %dup/vec4;
    %pushi/vec4 32, 0, 16;
    %cmp/u;
    %jmp/1 T_0.6, 6;
    %dup/vec4;
    %pushi/vec4 64, 0, 16;
    %cmp/u;
    %jmp/1 T_0.7, 6;
    %dup/vec4;
    %pushi/vec4 128, 0, 16;
    %cmp/u;
    %jmp/1 T_0.8, 6;
    %dup/vec4;
    %pushi/vec4 256, 0, 16;
    %cmp/u;
    %jmp/1 T_0.9, 6;
    %dup/vec4;
    %pushi/vec4 512, 0, 16;
    %cmp/u;
    %jmp/1 T_0.10, 6;
    %dup/vec4;
    %pushi/vec4 1024, 0, 16;
    %cmp/u;
    %jmp/1 T_0.11, 6;
    %dup/vec4;
    %pushi/vec4 2048, 0, 16;
    %cmp/u;
    %jmp/1 T_0.12, 6;
    %dup/vec4;
    %pushi/vec4 4096, 0, 16;
    %cmp/u;
    %jmp/1 T_0.13, 6;
    %dup/vec4;
    %pushi/vec4 8192, 0, 16;
    %cmp/u;
    %jmp/1 T_0.14, 6;
    %dup/vec4;
    %pushi/vec4 16384, 0, 16;
    %cmp/u;
    %jmp/1 T_0.15, 6;
    %dup/vec4;
    %pushi/vec4 32768, 0, 16;
    %cmp/u;
    %jmp/1 T_0.16, 6;
    %pushi/vec4 0, 0, 4;
    %store/vec4 v0000017a1f5cc200_0, 0, 4;
    %jmp T_0.18;
T_0.2 ;
    %pushi/vec4 1, 0, 4;
    %store/vec4 v0000017a1f5cc200_0, 0, 4;
    %jmp T_0.18;
T_0.3 ;
    %pushi/vec4 2, 0, 4;
    %store/vec4 v0000017a1f5cc200_0, 0, 4;
    %jmp T_0.18;
T_0.4 ;
    %pushi/vec4 3, 0, 4;
    %store/vec4 v0000017a1f5cc200_0, 0, 4;
    %jmp T_0.18;
T_0.5 ;
    %pushi/vec4 4, 0, 4;
    %store/vec4 v0000017a1f5cc200_0, 0, 4;
    %jmp T_0.18;
T_0.6 ;
    %pushi/vec4 5, 0, 4;
    %store/vec4 v0000017a1f5cc200_0, 0, 4;
    %jmp T_0.18;
T_0.7 ;
    %pushi/vec4 6, 0, 4;
    %store/vec4 v0000017a1f5cc200_0, 0, 4;
    %jmp T_0.18;
T_0.8 ;
    %pushi/vec4 7, 0, 4;
    %store/vec4 v0000017a1f5cc200_0, 0, 4;
    %jmp T_0.18;
T_0.9 ;
    %pushi/vec4 8, 0, 4;
    %store/vec4 v0000017a1f5cc200_0, 0, 4;
    %jmp T_0.18;
T_0.10 ;
    %pushi/vec4 9, 0, 4;
    %store/vec4 v0000017a1f5cc200_0, 0, 4;
    %jmp T_0.18;
T_0.11 ;
    %pushi/vec4 10, 0, 4;
    %store/vec4 v0000017a1f5cc200_0, 0, 4;
    %jmp T_0.18;
T_0.12 ;
    %pushi/vec4 11, 0, 4;
    %store/vec4 v0000017a1f5cc200_0, 0, 4;
    %jmp T_0.18;
T_0.13 ;
    %pushi/vec4 12, 0, 4;
    %store/vec4 v0000017a1f5cc200_0, 0, 4;
    %jmp T_0.18;
T_0.14 ;
    %pushi/vec4 13, 0, 4;
    %store/vec4 v0000017a1f5cc200_0, 0, 4;
    %jmp T_0.18;
T_0.15 ;
    %pushi/vec4 14, 0, 4;
    %store/vec4 v0000017a1f5cc200_0, 0, 4;
    %jmp T_0.18;
T_0.16 ;
    %pushi/vec4 15, 0, 4;
    %store/vec4 v0000017a1f5cc200_0, 0, 4;
    %jmp T_0.18;
T_0.18 ;
    %pop/vec4 1;
T_0.0 ;
    %jmp T_0;
    .thread T_0, $push;
    .scope S_0000017a1f5ce830;
T_1 ;
    %pushi/vec4 0, 0, 16;
    %store/vec4 v0000017a1f5cc340_0, 0, 16;
    %pushi/vec4 0, 0, 1;
    %store/vec4 v0000017a1f5cc2a0_0, 0, 1;
    %end;
    .thread T_1;
    .scope S_0000017a1f5ce830;
T_2 ;
    %delay 10, 0;
    %pushi/vec4 1, 0, 1;
    %store/vec4 v0000017a1f5cc2a0_0, 0, 1;
    %delay 10, 0;
    %pushi/vec4 2, 0, 16;
    %store/vec4 v0000017a1f5cc340_0, 0, 16;
    %pushi/vec4 14, 0, 32;
T_2.0 %dup/vec4;
    %pushi/vec4 0, 0, 32;
    %cmp/s;
    %jmp/1xz T_2.1, 5;
    %jmp/1 T_2.1, 4;
    %pushi/vec4 1, 0, 32;
    %sub;
    %delay 10, 0;
    %load/vec4 v0000017a1f5cc340_0;
    %ix/load 4, 1, 0;
    %flag_set/imm 4, 0;
    %shiftl 4;
    %store/vec4 v0000017a1f5cc340_0, 0, 16;
    %jmp T_2.0;
T_2.1 ;
    %pop/vec4 1;
    %end;
    .thread T_2;
# The file index is used to find the file name in the following table.
:file_names 4;
    "N/A";
    "<interactive>";
    "encoder16_4_tb.v";
    "./encoder16_4.v";
