#! /c/Source/iverilog-install/bin/vvp
:ivl_version "12.0 (devel)" "(s20150603-1110-g18392a46)";
:ivl_delay_selection "TYPICAL";
:vpi_time_precision + 0;
:vpi_module "C:\iverilog\lib\ivl\system.vpi";
:vpi_module "C:\iverilog\lib\ivl\vhdl_sys.vpi";
:vpi_module "C:\iverilog\lib\ivl\vhdl_textio.vpi";
:vpi_module "C:\iverilog\lib\ivl\v2005_math.vpi";
:vpi_module "C:\iverilog\lib\ivl\va_math.vpi";
S_00000246b12e3040 .scope module, "instmem" "instmem" 2 1;
 .timescale 0 0;
    .port_info 0 /INPUT 1 "clk";
    .port_info 1 /INPUT 1 "we_IM";
    .port_info 2 /INPUT 16 "dataIM";
    .port_info 3 /INPUT 12 "addIM";
    .port_info 4 /OUTPUT 16 "outIM";
o00000246b1316fd8 .functor BUFZ 12, C4<zzzzzzzzzzzz>; HiZ drive
v00000246b12e31d0_0 .net "addIM", 11 0, o00000246b1316fd8;  0 drivers
o00000246b1317008 .functor BUFZ 1, C4<z>; HiZ drive
v00000246b12e3270_0 .net "clk", 0 0, o00000246b1317008;  0 drivers
o00000246b1317038 .functor BUFZ 16, C4<zzzzzzzzzzzzzzzz>; HiZ drive
v00000246b12e3310_0 .net "dataIM", 15 0, o00000246b1317038;  0 drivers
v00000246b125ec00 .array "mem", 15 0, 15 0;
v00000246b125eca0_0 .var "outIM", 15 0;
o00000246b1317098 .functor BUFZ 1, C4<z>; HiZ drive
v00000246b125ed40_0 .net "we_IM", 0 0, o00000246b1317098;  0 drivers
E_00000246b1316260 .event posedge, v00000246b12e3270_0;
    .scope S_00000246b12e3040;
T_0 ;
    %wait E_00000246b1316260;
    %load/vec4 v00000246b125ed40_0;
    %pad/u 32;
    %cmpi/e 1, 0, 32;
    %jmp/0xz  T_0.0, 4;
    %load/vec4 v00000246b12e3310_0;
    %ix/getv 4, v00000246b12e31d0_0;
    %store/vec4a v00000246b125ec00, 4, 0;
    %jmp T_0.1;
T_0.0 ;
    %load/vec4 v00000246b125ed40_0;
    %pad/u 32;
    %cmpi/e 0, 0, 32;
    %jmp/0xz  T_0.2, 4;
    %ix/getv 4, v00000246b12e31d0_0;
    %load/vec4a v00000246b125ec00, 4;
    %store/vec4 v00000246b125eca0_0, 0, 16;
T_0.2 ;
T_0.1 ;
    %jmp T_0;
    .thread T_0;
# The file index is used to find the file name in the following table.
:file_names 3;
    "N/A";
    "<interactive>";
    "Instruction_Memory.v";
