#! /c/Source/iverilog-install/bin/vvp
:ivl_version "12.0 (devel)" "(s20150603-1110-g18392a46)";
:ivl_delay_selection "TYPICAL";
:vpi_time_precision + 0;
:vpi_module "C:\iverilog\lib\ivl\system.vpi";
:vpi_module "C:\iverilog\lib\ivl\vhdl_sys.vpi";
:vpi_module "C:\iverilog\lib\ivl\vhdl_textio.vpi";
:vpi_module "C:\iverilog\lib\ivl\v2005_math.vpi";
:vpi_module "C:\iverilog\lib\ivl\va_math.vpi";
S_00000212c08dee10 .scope module, "insReg" "insReg" 2 1;
 .timescale 0 0;
    .port_info 0 /INPUT 1 "clk";
    .port_info 1 /INPUT 1 "loadIR";
    .port_info 2 /INPUT 16 "insin";
    .port_info 3 /OUTPUT 12 "address";
    .port_info 4 /OUTPUT 4 "opcode";
v00000212c08f2f30_0 .var "address", 11 0;
o00000212c0927008 .functor BUFZ 1, C4<z>; HiZ drive
v00000212c08dbc70_0 .net "clk", 0 0, o00000212c0927008;  0 drivers
o00000212c0927038 .functor BUFZ 16, C4<zzzzzzzzzzzzzzzz>; HiZ drive
v00000212c08dbd10_0 .net "insin", 15 0, o00000212c0927038;  0 drivers
o00000212c0927068 .functor BUFZ 1, C4<z>; HiZ drive
v00000212c08dbdb0_0 .net "loadIR", 0 0, o00000212c0927068;  0 drivers
v00000212c08dbe50_0 .var "opcode", 3 0;
v00000212c08dbef0_0 .var "temp", 15 0;
E_00000212c09268c0 .event posedge, v00000212c08dbc70_0;
    .scope S_00000212c08dee10;
T_0 ;
    %wait E_00000212c09268c0;
    %load/vec4 v00000212c08dbdb0_0;
    %pad/u 32;
    %cmpi/e 1, 0, 32;
    %jmp/0xz  T_0.0, 4;
    %load/vec4 v00000212c08dbd10_0;
    %assign/vec4 v00000212c08dbef0_0, 0;
T_0.0 ;
    %load/vec4 v00000212c08dbef0_0;
    %parti/s 12, 0, 2;
    %assign/vec4 v00000212c08f2f30_0, 0;
    %load/vec4 v00000212c08dbef0_0;
    %parti/s 4, 12, 5;
    %assign/vec4 v00000212c08dbe50_0, 0;
    %jmp T_0;
    .thread T_0;
# The file index is used to find the file name in the following table.
:file_names 3;
    "N/A";
    "<interactive>";
    "Instruction_Reg.v";
