#! /c/Source/iverilog-install/bin/vvp
:ivl_version "12.0 (devel)" "(s20150603-1110-g18392a46)";
:ivl_delay_selection "TYPICAL";
:vpi_time_precision - 12;
:vpi_module "C:\iverilog\lib\ivl\system.vpi";
:vpi_module "C:\iverilog\lib\ivl\vhdl_sys.vpi";
:vpi_module "C:\iverilog\lib\ivl\vhdl_textio.vpi";
:vpi_module "C:\iverilog\lib\ivl\v2005_math.vpi";
:vpi_module "C:\iverilog\lib\ivl\va_math.vpi";
S_00000225036fb8a0 .scope module, "tb_insReg" "tb_insReg" 2 4;
 .timescale -9 -12;
v00000225035a2c30_0 .net "address", 11 0, v00000225036f9960_0;  1 drivers
v00000225035a2cd0_0 .var "clk", 0 0;
v00000225035a2d70_0 .var "insin", 15 0;
v00000225035a2e10_0 .var "loadIR", 0 0;
v00000225035a2eb0_0 .net "opcode", 3 0, v00000225035a2af0_0;  1 drivers
S_00000225036fba30 .scope module, "uut" "insReg" 2 16, 3 1 0, S_00000225036fb8a0;
 .timescale -9 -12;
    .port_info 0 /INPUT 1 "clk";
    .port_info 1 /INPUT 1 "loadIR";
    .port_info 2 /INPUT 16 "insin";
    .port_info 3 /OUTPUT 12 "address";
    .port_info 4 /OUTPUT 4 "opcode";
v00000225036f9960_0 .var "address", 11 0;
v00000225035d6c10_0 .net "clk", 0 0, v00000225035a2cd0_0;  1 drivers
v00000225036fbbc0_0 .net "insin", 15 0, v00000225035a2d70_0;  1 drivers
v00000225036fbc60_0 .net "loadIR", 0 0, v00000225035a2e10_0;  1 drivers
v00000225035a2af0_0 .var "opcode", 3 0;
v00000225035a2b90_0 .var "temp", 15 0;
E_00000225035d8780 .event posedge, v00000225035d6c10_0;
    .scope S_00000225036fba30;
T_0 ;
    %wait E_00000225035d8780;
    %load/vec4 v00000225036fbc60_0;
    %pad/u 32;
    %cmpi/e 1, 0, 32;
    %jmp/0xz  T_0.0, 4;
    %load/vec4 v00000225036fbbc0_0;
    %assign/vec4 v00000225035a2b90_0, 0;
T_0.0 ;
    %load/vec4 v00000225035a2b90_0;
    %parti/s 12, 0, 2;
    %assign/vec4 v00000225036f9960_0, 0;
    %load/vec4 v00000225035a2b90_0;
    %parti/s 4, 12, 5;
    %assign/vec4 v00000225035a2af0_0, 0;
    %jmp T_0;
    .thread T_0;
    .scope S_00000225036fb8a0;
T_1 ;
    %pushi/vec4 0, 0, 1;
    %store/vec4 v00000225035a2cd0_0, 0, 1;
T_1.0 ;
    %delay 5000, 0;
    %load/vec4 v00000225035a2cd0_0;
    %inv;
    %store/vec4 v00000225035a2cd0_0, 0, 1;
    %jmp T_1.0;
    %end;
    .thread T_1;
    .scope S_00000225036fb8a0;
T_2 ;
    %vpi_call 2 32 "$monitor", "Time=%0t | loadIR=%b | insin=%b | opcode=%b | address=%b", $time, v00000225035a2e10_0, v00000225035a2d70_0, v00000225035a2eb0_0, v00000225035a2c30_0 {0 0 0};
    %pushi/vec4 0, 0, 1;
    %store/vec4 v00000225035a2e10_0, 0, 1;
    %pushi/vec4 0, 0, 16;
    %store/vec4 v00000225035a2d70_0, 0, 16;
    %delay 10000, 0;
    %pushi/vec4 45296, 0, 16;
    %store/vec4 v00000225035a2d70_0, 0, 16;
    %pushi/vec4 1, 0, 1;
    %store/vec4 v00000225035a2e10_0, 0, 1;
    %delay 10000, 0;
    %pushi/vec4 0, 0, 1;
    %store/vec4 v00000225035a2e10_0, 0, 1;
    %delay 10000, 0;
    %pushi/vec4 20650, 0, 16;
    %store/vec4 v00000225035a2d70_0, 0, 16;
    %pushi/vec4 1, 0, 1;
    %store/vec4 v00000225035a2e10_0, 0, 1;
    %delay 10000, 0;
    %pushi/vec4 0, 0, 1;
    %store/vec4 v00000225035a2e10_0, 0, 1;
    %delay 10000, 0;
    %pushi/vec4 61455, 0, 16;
    %store/vec4 v00000225035a2d70_0, 0, 16;
    %pushi/vec4 1, 0, 1;
    %store/vec4 v00000225035a2e10_0, 0, 1;
    %delay 10000, 0;
    %pushi/vec4 0, 0, 1;
    %store/vec4 v00000225035a2e10_0, 0, 1;
    %delay 20000, 0;
    %vpi_call 2 63 "$finish" {0 0 0};
    %end;
    .thread T_2;
# The file index is used to find the file name in the following table.
:file_names 4;
    "N/A";
    "<interactive>";
    "InstructionReg_tb.v";
    "./instruction_Reg.v";
