#! /c/Source/iverilog-install/bin/vvp
:ivl_version "12.0 (devel)" "(s20150603-1110-g18392a46)";
:ivl_delay_selection "TYPICAL";
:vpi_time_precision + 0;
:vpi_module "C:\iverilog\lib\ivl\system.vpi";
:vpi_module "C:\iverilog\lib\ivl\vhdl_sys.vpi";
:vpi_module "C:\iverilog\lib\ivl\vhdl_textio.vpi";
:vpi_module "C:\iverilog\lib\ivl\v2005_math.vpi";
:vpi_module "C:\iverilog\lib\ivl\va_math.vpi";
S_0000019f02e22f30 .scope module, "logic_unit" "logic_unit" 2 1;
 .timescale 0 0;
    .port_info 0 /INPUT 16 "a";
    .port_info 1 /INPUT 16 "b";
    .port_info 2 /INPUT 3 "opcode";
    .port_info 3 /OUTPUT 32 "outlu";
    .port_info 4 /OUTPUT 1 "za";
    .port_info 5 /OUTPUT 1 "zb";
    .port_info 6 /OUTPUT 1 "eq";
    .port_info 7 /OUTPUT 1 "gt";
    .port_info 8 /OUTPUT 1 "lt";
o0000019f02e5cf98 .functor BUFZ 16, C4<zzzzzzzzzzzzzzzz>; HiZ drive
v0000019f02e0c3c0_0 .net "a", 15 0, o0000019f02e5cf98;  0 drivers
o0000019f02e5cfc8 .functor BUFZ 16, C4<zzzzzzzzzzzzzzzz>; HiZ drive
v0000019f02e230c0_0 .net "b", 15 0, o0000019f02e5cfc8;  0 drivers
v0000019f02e23160_0 .var "eq", 0 0;
v0000019f02e23200_0 .var "gt", 0 0;
v0000019f02e232a0_0 .var "lt", 0 0;
o0000019f02e5d088 .functor BUFZ 3, C4<zzz>; HiZ drive
v0000019f02e23340_0 .net "opcode", 2 0, o0000019f02e5d088;  0 drivers
v0000019f02e53080_0 .var "outlu", 31 0;
v0000019f02e53120_0 .var "za", 0 0;
v0000019f02e531c0_0 .var "zb", 0 0;
E_0000019f02e0b030 .event anyedge, v0000019f02e230c0_0, v0000019f02e0c3c0_0;
E_0000019f02e0b4f0 .event anyedge, v0000019f02e23340_0, v0000019f02e230c0_0, v0000019f02e0c3c0_0;
    .scope S_0000019f02e22f30;
T_0 ;
    %wait E_0000019f02e0b4f0;
    %load/vec4 v0000019f02e23340_0;
    %dup/vec4;
    %pushi/vec4 0, 0, 3;
    %cmp/u;
    %jmp/1 T_0.0, 6;
    %dup/vec4;
    %pushi/vec4 1, 0, 3;
    %cmp/u;
    %jmp/1 T_0.1, 6;
    %dup/vec4;
    %pushi/vec4 2, 0, 3;
    %cmp/u;
    %jmp/1 T_0.2, 6;
    %dup/vec4;
    %pushi/vec4 3, 0, 3;
    %cmp/u;
    %jmp/1 T_0.3, 6;
    %dup/vec4;
    %pushi/vec4 4, 0, 3;
    %cmp/u;
    %jmp/1 T_0.4, 6;
    %dup/vec4;
    %pushi/vec4 5, 0, 3;
    %cmp/u;
    %jmp/1 T_0.5, 6;
    %dup/vec4;
    %pushi/vec4 6, 0, 3;
    %cmp/u;
    %jmp/1 T_0.6, 6;
    %dup/vec4;
    %pushi/vec4 7, 0, 3;
    %cmp/u;
    %jmp/1 T_0.7, 6;
    %pushi/vec4 0, 0, 32;
    %store/vec4 v0000019f02e53080_0, 0, 32;
    %jmp T_0.9;
T_0.0 ;
    %pushi/vec4 0, 0, 16;
    %load/vec4 v0000019f02e0c3c0_0;
    %load/vec4 v0000019f02e230c0_0;
    %and;
    %concat/vec4; draw_concat_vec4
    %store/vec4 v0000019f02e53080_0, 0, 32;
    %jmp T_0.9;
T_0.1 ;
    %pushi/vec4 0, 0, 16;
    %load/vec4 v0000019f02e0c3c0_0;
    %load/vec4 v0000019f02e230c0_0;
    %or;
    %concat/vec4; draw_concat_vec4
    %store/vec4 v0000019f02e53080_0, 0, 32;
    %jmp T_0.9;
T_0.2 ;
    %pushi/vec4 0, 0, 16;
    %load/vec4 v0000019f02e0c3c0_0;
    %load/vec4 v0000019f02e230c0_0;
    %and;
    %inv;
    %concat/vec4; draw_concat_vec4
    %store/vec4 v0000019f02e53080_0, 0, 32;
    %jmp T_0.9;
T_0.3 ;
    %pushi/vec4 0, 0, 16;
    %load/vec4 v0000019f02e0c3c0_0;
    %load/vec4 v0000019f02e230c0_0;
    %or;
    %inv;
    %concat/vec4; draw_concat_vec4
    %store/vec4 v0000019f02e53080_0, 0, 32;
    %jmp T_0.9;
T_0.4 ;
    %pushi/vec4 0, 0, 16;
    %load/vec4 v0000019f02e0c3c0_0;
    %inv;
    %concat/vec4; draw_concat_vec4
    %store/vec4 v0000019f02e53080_0, 0, 32;
    %jmp T_0.9;
T_0.5 ;
    %pushi/vec4 0, 0, 16;
    %load/vec4 v0000019f02e230c0_0;
    %inv;
    %concat/vec4; draw_concat_vec4
    %store/vec4 v0000019f02e53080_0, 0, 32;
    %jmp T_0.9;
T_0.6 ;
    %pushi/vec4 0, 0, 16;
    %load/vec4 v0000019f02e0c3c0_0;
    %load/vec4 v0000019f02e230c0_0;
    %xor;
    %concat/vec4; draw_concat_vec4
    %store/vec4 v0000019f02e53080_0, 0, 32;
    %jmp T_0.9;
T_0.7 ;
    %pushi/vec4 0, 0, 16;
    %load/vec4 v0000019f02e0c3c0_0;
    %load/vec4 v0000019f02e230c0_0;
    %xor;
    %inv;
    %concat/vec4; draw_concat_vec4
    %store/vec4 v0000019f02e53080_0, 0, 32;
    %jmp T_0.9;
T_0.9 ;
    %pop/vec4 1;
    %jmp T_0;
    .thread T_0, $push;
    .scope S_0000019f02e22f30;
T_1 ;
    %wait E_0000019f02e0b030;
    %load/vec4 v0000019f02e0c3c0_0;
    %load/vec4 v0000019f02e230c0_0;
    %cmp/e;
    %jmp/0xz  T_1.0, 4;
    %pushi/vec4 1, 0, 1;
    %store/vec4 v0000019f02e23160_0, 0, 1;
    %jmp T_1.1;
T_1.0 ;
    %pushi/vec4 0, 0, 1;
    %store/vec4 v0000019f02e23160_0, 0, 1;
T_1.1 ;
    %load/vec4 v0000019f02e230c0_0;
    %load/vec4 v0000019f02e0c3c0_0;
    %cmp/u;
    %jmp/0xz  T_1.2, 5;
    %pushi/vec4 1, 0, 1;
    %store/vec4 v0000019f02e23200_0, 0, 1;
    %jmp T_1.3;
T_1.2 ;
    %pushi/vec4 0, 0, 1;
    %store/vec4 v0000019f02e23200_0, 0, 1;
T_1.3 ;
    %load/vec4 v0000019f02e0c3c0_0;
    %load/vec4 v0000019f02e230c0_0;
    %cmp/u;
    %jmp/0xz  T_1.4, 5;
    %pushi/vec4 1, 0, 1;
    %store/vec4 v0000019f02e232a0_0, 0, 1;
    %jmp T_1.5;
T_1.4 ;
    %pushi/vec4 0, 0, 1;
    %store/vec4 v0000019f02e232a0_0, 0, 1;
T_1.5 ;
    %load/vec4 v0000019f02e0c3c0_0;
    %cmpi/e 0, 0, 16;
    %jmp/0xz  T_1.6, 4;
    %pushi/vec4 1, 0, 1;
    %store/vec4 v0000019f02e53120_0, 0, 1;
    %jmp T_1.7;
T_1.6 ;
    %pushi/vec4 0, 0, 1;
    %store/vec4 v0000019f02e53120_0, 0, 1;
T_1.7 ;
    %load/vec4 v0000019f02e230c0_0;
    %cmpi/e 0, 0, 16;
    %jmp/0xz  T_1.8, 4;
    %pushi/vec4 1, 0, 1;
    %store/vec4 v0000019f02e531c0_0, 0, 1;
    %jmp T_1.9;
T_1.8 ;
    %pushi/vec4 0, 0, 1;
    %store/vec4 v0000019f02e531c0_0, 0, 1;
T_1.9 ;
    %jmp T_1;
    .thread T_1, $push;
# The file index is used to find the file name in the following table.
:file_names 3;
    "N/A";
    "<interactive>";
    "LogicUnit.v";
