#! /c/Source/iverilog-install/bin/vvp
:ivl_version "12.0 (devel)" "(s20150603-1110-g18392a46)";
:ivl_delay_selection "TYPICAL";
:vpi_time_precision + 0;
:vpi_module "C:\iverilog\lib\ivl\system.vpi";
:vpi_module "C:\iverilog\lib\ivl\vhdl_sys.vpi";
:vpi_module "C:\iverilog\lib\ivl\vhdl_textio.vpi";
:vpi_module "C:\iverilog\lib\ivl\v2005_math.vpi";
:vpi_module "C:\iverilog\lib\ivl\va_math.vpi";
S_0000017fee5c3040 .scope module, "muxA" "muxA" 2 1;
 .timescale 0 0;
    .port_info 0 /INPUT 1 "clk";
    .port_info 1 /INPUT 32 "in1";
    .port_info 2 /INPUT 16 "in2";
    .port_info 3 /INPUT 1 "sel";
    .port_info 4 /OUTPUT 32 "outA";
o0000017fee5f6fd8 .functor BUFZ 1, C4<z>; HiZ drive
v0000017fee5c31d0_0 .net "clk", 0 0, o0000017fee5f6fd8;  0 drivers
o0000017fee5f7008 .functor BUFZ 32, C4<zzzzzzzzzzzzzzzzzzzzzzzzzzzzzzzz>; HiZ drive
v0000017fee5c3270_0 .net "in1", 31 0, o0000017fee5f7008;  0 drivers
o0000017fee5f7038 .functor BUFZ 16, C4<zzzzzzzzzzzzzzzz>; HiZ drive
v0000017fee5c3310_0 .net "in2", 15 0, o0000017fee5f7038;  0 drivers
v0000017fee53ea20_0 .var "outA", 31 0;
o0000017fee5f7098 .functor BUFZ 1, C4<z>; HiZ drive
v0000017fee53eac0_0 .net "sel", 0 0, o0000017fee5f7098;  0 drivers
E_0000017fee538bf0 .event posedge, v0000017fee5c31d0_0;
    .scope S_0000017fee5c3040;
T_0 ;
    %wait E_0000017fee538bf0;
    %load/vec4 v0000017fee53eac0_0;
    %pad/u 32;
    %cmpi/e 1, 0, 32;
    %jmp/0xz  T_0.0, 4;
    %load/vec4 v0000017fee5c3270_0;
    %assign/vec4 v0000017fee53ea20_0, 0;
    %jmp T_0.1;
T_0.0 ;
    %load/vec4 v0000017fee53eac0_0;
    %pad/u 32;
    %cmpi/e 0, 0, 32;
    %jmp/0xz  T_0.2, 4;
    %pushi/vec4 0, 0, 16;
    %load/vec4 v0000017fee5c3310_0;
    %concat/vec4; draw_concat_vec4
    %assign/vec4 v0000017fee53ea20_0, 0;
T_0.2 ;
T_0.1 ;
    %jmp T_0;
    .thread T_0;
# The file index is used to find the file name in the following table.
:file_names 3;
    "N/A";
    "<interactive>";
    "MUX_A.v";
