#! /c/Source/iverilog-install/bin/vvp
:ivl_version "12.0 (devel)" "(s20150603-1110-g18392a46)";
:ivl_delay_selection "TYPICAL";
:vpi_time_precision + 0;
:vpi_module "C:\iverilog\lib\ivl\system.vpi";
:vpi_module "C:\iverilog\lib\ivl\vhdl_sys.vpi";
:vpi_module "C:\iverilog\lib\ivl\vhdl_textio.vpi";
:vpi_module "C:\iverilog\lib\ivl\v2005_math.vpi";
:vpi_module "C:\iverilog\lib\ivl\va_math.vpi";
S_000002783ece3040 .scope module, "muxB" "muxB" 2 1;
 .timescale 0 0;
    .port_info 0 /INPUT 1 "clk";
    .port_info 1 /INPUT 12 "in1";
    .port_info 2 /INPUT 12 "in2";
    .port_info 3 /INPUT 1 "sel";
    .port_info 4 /OUTPUT 12 "outB";
o000002783ed16f98 .functor BUFZ 1, C4<z>; HiZ drive
v000002783ece31d0_0 .net "clk", 0 0, o000002783ed16f98;  0 drivers
o000002783ed16fc8 .functor BUFZ 12, C4<zzzzzzzzzzzz>; HiZ drive
v000002783ece3270_0 .net "in1", 11 0, o000002783ed16fc8;  0 drivers
o000002783ed16ff8 .functor BUFZ 12, C4<zzzzzzzzzzzz>; HiZ drive
v000002783ece3310_0 .net "in2", 11 0, o000002783ed16ff8;  0 drivers
v000002783eccee00_0 .var "outB", 11 0;
o000002783ed17058 .functor BUFZ 1, C4<z>; HiZ drive
v000002783ecceea0_0 .net "sel", 0 0, o000002783ed17058;  0 drivers
E_000002783ecc8650 .event posedge, v000002783ece31d0_0;
    .scope S_000002783ece3040;
T_0 ;
    %wait E_000002783ecc8650;
    %load/vec4 v000002783ecceea0_0;
    %pad/u 32;
    %cmpi/e 1, 0, 32;
    %jmp/0xz  T_0.0, 4;
    %load/vec4 v000002783ece3270_0;
    %assign/vec4 v000002783eccee00_0, 0;
    %jmp T_0.1;
T_0.0 ;
    %load/vec4 v000002783ecceea0_0;
    %pad/u 32;
    %cmpi/e 0, 0, 32;
    %jmp/0xz  T_0.2, 4;
    %load/vec4 v000002783ece3310_0;
    %assign/vec4 v000002783eccee00_0, 0;
T_0.2 ;
T_0.1 ;
    %jmp T_0;
    .thread T_0;
# The file index is used to find the file name in the following table.
:file_names 3;
    "N/A";
    "<interactive>";
    "MUX_B.v";
