#! /c/Source/iverilog-install/bin/vvp
:ivl_version "12.0 (devel)" "(s20150603-1110-g18392a46)";
:ivl_delay_selection "TYPICAL";
:vpi_time_precision - 12;
:vpi_module "C:\iverilog\lib\ivl\system.vpi";
:vpi_module "C:\iverilog\lib\ivl\vhdl_sys.vpi";
:vpi_module "C:\iverilog\lib\ivl\vhdl_textio.vpi";
:vpi_module "C:\iverilog\lib\ivl\v2005_math.vpi";
:vpi_module "C:\iverilog\lib\ivl\va_math.vpi";
S_0000020987cc6a50 .scope module, "tb_muxB" "tb_muxB" 2 4;
 .timescale -9 -12;
v0000020987c79a00_0 .var "clk", 0 0;
v0000020987c79aa0_0 .var "in1", 11 0;
v0000020987c79b40_0 .var "in2", 11 0;
v0000020987c79be0_0 .net "outB", 11 0, v0000020987c798c0_0;  1 drivers
v0000020987c79c80_0 .var "sel", 0 0;
S_0000020987cc6be0 .scope module, "uut" "muxB" 2 16, 3 1 0, S_0000020987cc6a50;
 .timescale -9 -12;
    .port_info 0 /INPUT 1 "clk";
    .port_info 1 /INPUT 12 "in1";
    .port_info 2 /INPUT 12 "in2";
    .port_info 3 /INPUT 1 "sel";
    .port_info 4 /OUTPUT 12 "outB";
v0000020987cc6d70_0 .net "clk", 0 0, v0000020987c79a00_0;  1 drivers
v0000020987c92ef0_0 .net "in1", 11 0, v0000020987c79aa0_0;  1 drivers
v0000020987c7bc40_0 .net "in2", 11 0, v0000020987c79b40_0;  1 drivers
v0000020987c798c0_0 .var "outB", 11 0;
v0000020987c79960_0 .net "sel", 0 0, v0000020987c79c80_0;  1 drivers
E_0000020987cc8940 .event posedge, v0000020987cc6d70_0;
    .scope S_0000020987cc6be0;
T_0 ;
    %wait E_0000020987cc8940;
    %load/vec4 v0000020987c79960_0;
    %pad/u 32;
    %cmpi/e 1, 0, 32;
    %jmp/0xz  T_0.0, 4;
    %load/vec4 v0000020987c92ef0_0;
    %assign/vec4 v0000020987c798c0_0, 0;
    %jmp T_0.1;
T_0.0 ;
    %load/vec4 v0000020987c79960_0;
    %pad/u 32;
    %cmpi/e 0, 0, 32;
    %jmp/0xz  T_0.2, 4;
    %load/vec4 v0000020987c7bc40_0;
    %assign/vec4 v0000020987c798c0_0, 0;
T_0.2 ;
T_0.1 ;
    %jmp T_0;
    .thread T_0;
    .scope S_0000020987cc6a50;
T_1 ;
    %pushi/vec4 0, 0, 1;
    %store/vec4 v0000020987c79a00_0, 0, 1;
T_1.0 ;
    %delay 5000, 0;
    %load/vec4 v0000020987c79a00_0;
    %inv;
    %store/vec4 v0000020987c79a00_0, 0, 1;
    %jmp T_1.0;
    %end;
    .thread T_1;
    .scope S_0000020987cc6a50;
T_2 ;
    %vpi_call 2 32 "$monitor", "Time=%0t | sel=%b | in1=%h | in2=%h | outB=%h", $time, v0000020987c79c80_0, v0000020987c79aa0_0, v0000020987c79b40_0, v0000020987c79be0_0 {0 0 0};
    %pushi/vec4 0, 0, 1;
    %store/vec4 v0000020987c79c80_0, 0, 1;
    %pushi/vec4 2730, 0, 12;
    %store/vec4 v0000020987c79aa0_0, 0, 12;
    %pushi/vec4 1365, 0, 12;
    %store/vec4 v0000020987c79b40_0, 0, 12;
    %delay 10000, 0;
    %delay 10000, 0;
    %pushi/vec4 0, 0, 1;
    %store/vec4 v0000020987c79c80_0, 0, 1;
    %delay 10000, 0;
    %pushi/vec4 1, 0, 1;
    %store/vec4 v0000020987c79c80_0, 0, 1;
    %delay 10000, 0;
    %pushi/vec4 240, 0, 12;
    %store/vec4 v0000020987c79aa0_0, 0, 12;
    %pushi/vec4 3855, 0, 12;
    %store/vec4 v0000020987c79b40_0, 0, 12;
    %delay 10000, 0;
    %pushi/vec4 0, 0, 1;
    %store/vec4 v0000020987c79c80_0, 0, 1;
    %delay 10000, 0;
    %pushi/vec4 1, 0, 1;
    %store/vec4 v0000020987c79c80_0, 0, 1;
    %delay 20000, 0;
    %vpi_call 2 59 "$finish" {0 0 0};
    %end;
    .thread T_2;
# The file index is used to find the file name in the following table.
:file_names 4;
    "N/A";
    "<interactive>";
    "MUX_B_tb.v";
    "./MUX_B.v";
