#! /c/Source/iverilog-install/bin/vvp
:ivl_version "12.0 (devel)" "(s20150603-1110-g18392a46)";
:ivl_delay_selection "TYPICAL";
:vpi_time_precision + 0;
:vpi_module "C:\iverilog\lib\ivl\system.vpi";
:vpi_module "C:\iverilog\lib\ivl\vhdl_sys.vpi";
:vpi_module "C:\iverilog\lib\ivl\vhdl_textio.vpi";
:vpi_module "C:\iverilog\lib\ivl\v2005_math.vpi";
:vpi_module "C:\iverilog\lib\ivl\va_math.vpi";
S_000001a81c58dfd0 .scope module, "tb_PC" "tb_PC" 2 3;
 .timescale 0 0;
v000001a81c5d3190_0 .var "address", 11 0;
v000001a81c5d3230_0 .var "clk", 0 0;
v000001a81c5d32d0_0 .net "execadd", 11 0, v000001a81c58c340_0;  1 drivers
v000001a81c5d3370_0 .var "incPC", 0 0;
v000001a81c5d3410_0 .var "loadPC", 0 0;
S_000001a81c58e160 .scope module, "p1" "PC" 2 11, 3 1 0, S_000001a81c58dfd0;
 .timescale 0 0;
    .port_info 0 /INPUT 1 "clk";
    .port_info 1 /INPUT 1 "loadPC";
    .port_info 2 /INPUT 1 "incPC";
    .port_info 3 /INPUT 12 "address";
    .port_info 4 /OUTPUT 12 "execadd";
v000001a81c58e2f0_0 .net "address", 11 0, v000001a81c5d3190_0;  1 drivers
v000001a81c5a3370_0 .net "clk", 0 0, v000001a81c5d3230_0;  1 drivers
v000001a81c58c340_0 .var "execadd", 11 0;
v000001a81c58c3e0_0 .net "incPC", 0 0, v000001a81c5d3370_0;  1 drivers
v000001a81c5d3050_0 .net "loadPC", 0 0, v000001a81c5d3410_0;  1 drivers
v000001a81c5d30f0_0 .var "temp", 11 0;
E_000001a81c5d9700 .event posedge, v000001a81c5a3370_0;
    .scope S_000001a81c58e160;
T_0 ;
    %wait E_000001a81c5d9700;
    %load/vec4 v000001a81c5d3050_0;
    %pad/u 32;
    %pushi/vec4 0, 0, 32;
    %cmp/e;
    %flag_get/vec4 4;
    %load/vec4 v000001a81c58c3e0_0;
    %pad/u 32;
    %pushi/vec4 0, 0, 32;
    %cmp/e;
    %flag_get/vec4 4;
    %and;
    %flag_set/vec4 8;
    %jmp/0xz  T_0.0, 8;
    %pushi/vec4 0, 0, 12;
    %assign/vec4 v000001a81c5d30f0_0, 0;
    %jmp T_0.1;
T_0.0 ;
    %load/vec4 v000001a81c5d3050_0;
    %pad/u 32;
    %pushi/vec4 1, 0, 32;
    %cmp/e;
    %flag_get/vec4 4;
    %load/vec4 v000001a81c58c3e0_0;
    %pad/u 32;
    %pushi/vec4 0, 0, 32;
    %cmp/e;
    %flag_get/vec4 4;
    %and;
    %flag_set/vec4 8;
    %jmp/0xz  T_0.2, 8;
    %load/vec4 v000001a81c58e2f0_0;
    %assign/vec4 v000001a81c5d30f0_0, 0;
    %jmp T_0.3;
T_0.2 ;
    %load/vec4 v000001a81c5d3050_0;
    %pad/u 32;
    %pushi/vec4 0, 0, 32;
    %cmp/e;
    %flag_get/vec4 4;
    %load/vec4 v000001a81c58c3e0_0;
    %pad/u 32;
    %pushi/vec4 1, 0, 32;
    %cmp/e;
    %flag_get/vec4 4;
    %and;
    %flag_set/vec4 8;
    %jmp/0xz  T_0.4, 8;
    %load/vec4 v000001a81c5d30f0_0;
    %addi 1, 0, 12;
    %assign/vec4 v000001a81c5d30f0_0, 0;
    %jmp T_0.5;
T_0.4 ;
    %load/vec4 v000001a81c5d30f0_0;
    %assign/vec4 v000001a81c5d30f0_0, 0;
T_0.5 ;
T_0.3 ;
T_0.1 ;
    %load/vec4 v000001a81c5d30f0_0;
    %assign/vec4 v000001a81c58c340_0, 0;
    %jmp T_0;
    .thread T_0;
    .scope S_000001a81c58dfd0;
T_1 ;
    %pushi/vec4 0, 0, 1;
    %store/vec4 v000001a81c5d3230_0, 0, 1;
    %pushi/vec4 0, 0, 1;
    %store/vec4 v000001a81c5d3410_0, 0, 1;
    %pushi/vec4 0, 0, 1;
    %store/vec4 v000001a81c5d3370_0, 0, 1;
    %pushi/vec4 0, 0, 12;
    %store/vec4 v000001a81c5d3190_0, 0, 12;
    %end;
    .thread T_1;
    .scope S_000001a81c58dfd0;
T_2 ;
    %delay 5, 0;
    %load/vec4 v000001a81c5d3230_0;
    %inv;
    %store/vec4 v000001a81c5d3230_0, 0, 1;
    %jmp T_2;
    .thread T_2;
    .scope S_000001a81c58dfd0;
T_3 ;
    %delay 30, 0;
    %load/vec4 v000001a81c5d3190_0;
    %addi 1, 0, 12;
    %store/vec4 v000001a81c5d3190_0, 0, 12;
    %jmp T_3;
    .thread T_3;
    .scope S_000001a81c58dfd0;
T_4 ;
    %delay 10, 0;
    %pushi/vec4 0, 0, 1;
    %assign/vec4 v000001a81c5d3410_0, 0;
    %pushi/vec4 0, 0, 1;
    %assign/vec4 v000001a81c5d3370_0, 0;
    %delay 30, 0;
    %pushi/vec4 1, 0, 1;
    %store/vec4 v000001a81c5d3410_0, 0, 1;
    %pushi/vec4 0, 0, 1;
    %store/vec4 v000001a81c5d3370_0, 0, 1;
    %delay 10, 0;
    %pushi/vec4 0, 0, 1;
    %store/vec4 v000001a81c5d3410_0, 0, 1;
    %pushi/vec4 1, 0, 1;
    %store/vec4 v000001a81c5d3370_0, 0, 1;
    %end;
    .thread T_4;
# The file index is used to find the file name in the following table.
:file_names 4;
    "N/A";
    "<interactive>";
    "ProgramCounter_tb.v";
    "./ProgramCounter.v";
