#! /c/Source/iverilog-install/bin/vvp
:ivl_version "12.0 (devel)" "(s20150603-1110-g18392a46)";
:ivl_delay_selection "TYPICAL";
:vpi_time_precision + 0;
:vpi_module "C:\iverilog\lib\ivl\system.vpi";
:vpi_module "C:\iverilog\lib\ivl\vhdl_sys.vpi";
:vpi_module "C:\iverilog\lib\ivl\vhdl_textio.vpi";
:vpi_module "C:\iverilog\lib\ivl\v2005_math.vpi";
:vpi_module "C:\iverilog\lib\ivl\va_math.vpi";
S_0000023925b83040 .scope module, "regB" "regB" 2 1;
 .timescale 0 0;
    .port_info 0 /INPUT 1 "clk";
    .port_info 1 /INPUT 1 "loadB";
    .port_info 2 /INPUT 16 "dataBin";
    .port_info 3 /OUTPUT 16 "dataBout";
o0000023925bb6fd8 .functor BUFZ 1, C4<z>; HiZ drive
v0000023925b831d0_0 .net "clk", 0 0, o0000023925bb6fd8;  0 drivers
o0000023925bb7008 .functor BUFZ 16, C4<zzzzzzzzzzzzzzzz>; HiZ drive
v0000023925b83270_0 .net "dataBin", 15 0, o0000023925bb7008;  0 drivers
v0000023925b83310_0 .var "dataBout", 15 0;
o0000023925bb7068 .functor BUFZ 1, C4<z>; HiZ drive
v0000023925cee710_0 .net "loadB", 0 0, o0000023925bb7068;  0 drivers
v0000023925cee7b0_0 .var "tempB", 15 0;
E_0000023925ce8560 .event posedge, v0000023925b831d0_0;
    .scope S_0000023925b83040;
T_0 ;
    %wait E_0000023925ce8560;
    %load/vec4 v0000023925cee710_0;
    %pad/u 32;
    %cmpi/e 1, 0, 32;
    %jmp/0xz  T_0.0, 4;
    %load/vec4 v0000023925b83270_0;
    %assign/vec4 v0000023925b83310_0, 0;
    %load/vec4 v0000023925b83270_0;
    %assign/vec4 v0000023925cee7b0_0, 0;
    %jmp T_0.1;
T_0.0 ;
    %load/vec4 v0000023925cee710_0;
    %pad/u 32;
    %cmpi/e 0, 0, 32;
    %jmp/0xz  T_0.2, 4;
    %load/vec4 v0000023925cee7b0_0;
    %assign/vec4 v0000023925b83310_0, 0;
T_0.2 ;
T_0.1 ;
    %jmp T_0;
    .thread T_0;
# The file index is used to find the file name in the following table.
:file_names 3;
    "N/A";
    "<interactive>";
    "RegisterB.v";
