#! /c/Source/iverilog-install/bin/vvp
:ivl_version "12.0 (devel)" "(s20150603-1110-g18392a46)";
:ivl_delay_selection "TYPICAL";
:vpi_time_precision + 0;
:vpi_module "C:\iverilog\lib\ivl\system.vpi";
:vpi_module "C:\iverilog\lib\ivl\vhdl_sys.vpi";
:vpi_module "C:\iverilog\lib\ivl\vhdl_textio.vpi";
:vpi_module "C:\iverilog\lib\ivl\v2005_math.vpi";
:vpi_module "C:\iverilog\lib\ivl\va_math.vpi";
S_000002a2a61d3040 .scope module, "regA" "regA" 2 1;
 .timescale 0 0;
    .port_info 0 /INPUT 1 "clk";
    .port_info 1 /INPUT 1 "loadA";
    .port_info 2 /INPUT 16 "dataAin";
    .port_info 3 /OUTPUT 16 "dataAout";
o000002a2a6206fd8 .functor BUFZ 1, C4<z>; HiZ drive
v000002a2a61d31d0_0 .net "clk", 0 0, o000002a2a6206fd8;  0 drivers
o000002a2a6207008 .functor BUFZ 16, C4<zzzzzzzzzzzzzzzz>; HiZ drive
v000002a2a61d3270_0 .net "dataAin", 15 0, o000002a2a6207008;  0 drivers
v000002a2a61d3310_0 .var "dataAout", 15 0;
o000002a2a6207068 .functor BUFZ 1, C4<z>; HiZ drive
v000002a2a614e710_0 .net "loadA", 0 0, o000002a2a6207068;  0 drivers
v000002a2a614e7b0_0 .var "tempA", 15 0;
E_000002a2a6148860 .event posedge, v000002a2a61d31d0_0;
    .scope S_000002a2a61d3040;
T_0 ;
    %wait E_000002a2a6148860;
    %load/vec4 v000002a2a614e710_0;
    %pad/u 32;
    %cmpi/e 1, 0, 32;
    %jmp/0xz  T_0.0, 4;
    %load/vec4 v000002a2a61d3270_0;
    %assign/vec4 v000002a2a61d3310_0, 0;
    %load/vec4 v000002a2a61d3270_0;
    %assign/vec4 v000002a2a614e7b0_0, 0;
    %jmp T_0.1;
T_0.0 ;
    %load/vec4 v000002a2a614e710_0;
    %pad/u 32;
    %cmpi/e 0, 0, 32;
    %jmp/0xz  T_0.2, 4;
    %load/vec4 v000002a2a614e7b0_0;
    %assign/vec4 v000002a2a61d3310_0, 0;
T_0.2 ;
T_0.1 ;
    %jmp T_0;
    .thread T_0;
# The file index is used to find the file name in the following table.
:file_names 3;
    "N/A";
    "<interactive>";
    "RegisterA.v";
