#! /c/Source/iverilog-install/bin/vvp
:ivl_version "12.0 (devel)" "(s20150603-1110-g18392a46)";
:ivl_delay_selection "TYPICAL";
:vpi_time_precision + 0;
:vpi_module "C:\iverilog\lib\ivl\system.vpi";
:vpi_module "C:\iverilog\lib\ivl\vhdl_sys.vpi";
:vpi_module "C:\iverilog\lib\ivl\vhdl_textio.vpi";
:vpi_module "C:\iverilog\lib\ivl\v2005_math.vpi";
:vpi_module "C:\iverilog\lib\ivl\va_math.vpi";
S_000001bc13f19cc0 .scope module, "tb_muxA" "tb_muxA" 2 3;
 .timescale 0 0;
v000001bc13f66a20_0 .var "clk", 0 0;
v000001bc13f1b700_0 .var "in1", 31 0;
v000001bc13f1b7a0_0 .var "in2", 15 0;
v000001bc13f1b840_0 .net "outA", 31 0, v000001bc13f668e0_0;  1 drivers
v000001bc13f1b8e0_0 .var "sel", 0 0;
S_000001bc13f66610 .scope module, "muxA_inst" "muxA" 2 18, 3 1 0, S_000001bc13f19cc0;
 .timescale 0 0;
    .port_info 0 /INPUT 1 "clk";
    .port_info 1 /INPUT 32 "in1";
    .port_info 2 /INPUT 16 "in2";
    .port_info 3 /INPUT 1 "sel";
    .port_info 4 /OUTPUT 32 "outA";
v000001bc13f667a0_0 .net "clk", 0 0, v000001bc13f66a20_0;  1 drivers
v000001bc13f33370_0 .net "in1", 31 0, v000001bc13f1b700_0;  1 drivers
v000001bc13f66840_0 .net "in2", 15 0, v000001bc13f1b7a0_0;  1 drivers
v000001bc13f668e0_0 .var "outA", 31 0;
v000001bc13f66980_0 .net "sel", 0 0, v000001bc13f1b8e0_0;  1 drivers
E_000001bc13f18510 .event posedge, v000001bc13f667a0_0;
    .scope S_000001bc13f66610;
T_0 ;
    %wait E_000001bc13f18510;
    %load/vec4 v000001bc13f66980_0;
    %pad/u 32;
    %cmpi/e 1, 0, 32;
    %jmp/0xz  T_0.0, 4;
    %load/vec4 v000001bc13f33370_0;
    %assign/vec4 v000001bc13f668e0_0, 0;
    %jmp T_0.1;
T_0.0 ;
    %load/vec4 v000001bc13f66980_0;
    %pad/u 32;
    %cmpi/e 0, 0, 32;
    %jmp/0xz  T_0.2, 4;
    %pushi/vec4 0, 0, 16;
    %load/vec4 v000001bc13f66840_0;
    %concat/vec4; draw_concat_vec4
    %assign/vec4 v000001bc13f668e0_0, 0;
T_0.2 ;
T_0.1 ;
    %jmp T_0;
    .thread T_0;
    .scope S_000001bc13f19cc0;
T_1 ;
    %pushi/vec4 0, 0, 1;
    %store/vec4 v000001bc13f66a20_0, 0, 1;
    %end;
    .thread T_1;
    .scope S_000001bc13f19cc0;
T_2 ;
    %delay 5, 0;
    %load/vec4 v000001bc13f66a20_0;
    %inv;
    %store/vec4 v000001bc13f66a20_0, 0, 1;
    %jmp T_2;
    .thread T_2;
    .scope S_000001bc13f19cc0;
T_3 ;
    %pushi/vec4 1, 0, 1;
    %store/vec4 v000001bc13f1b8e0_0, 0, 1;
    %pushi/vec4 2779096485, 0, 32;
    %store/vec4 v000001bc13f1b700_0, 0, 32;
    %pushi/vec4 4660, 0, 16;
    %store/vec4 v000001bc13f1b7a0_0, 0, 16;
    %delay 10, 0;
    %pushi/vec4 0, 0, 1;
    %store/vec4 v000001bc13f1b8e0_0, 0, 1;
    %pushi/vec4 3065427638, 0, 32;
    %store/vec4 v000001bc13f1b700_0, 0, 32;
    %pushi/vec4 22136, 0, 16;
    %store/vec4 v000001bc13f1b7a0_0, 0, 16;
    %delay 10, 0;
    %pushi/vec4 1, 0, 1;
    %store/vec4 v000001bc13f1b8e0_0, 0, 1;
    %pushi/vec4 3351758791, 0, 32;
    %store/vec4 v000001bc13f1b700_0, 0, 32;
    %pushi/vec4 43981, 0, 16;
    %store/vec4 v000001bc13f1b7a0_0, 0, 16;
    %delay 10, 0;
    %vpi_call 2 47 "$finish" {0 0 0};
    %end;
    .thread T_3;
    .scope S_000001bc13f19cc0;
T_4 ;
    %wait E_000001bc13f18510;
    %vpi_call 2 52 "$display", "Time %0t: sel = %b, in1 = %h, in2 = %h, outA = %h", $time, v000001bc13f1b8e0_0, v000001bc13f1b700_0, v000001bc13f1b7a0_0, v000001bc13f1b840_0 {0 0 0};
    %jmp T_4;
    .thread T_4;
# The file index is used to find the file name in the following table.
:file_names 4;
    "N/A";
    "<interactive>";
    "tb_muxA.v";
    "./MUX_A.v";
